#
# There is insufficient memory for the Java Runtime Environment to continue.
# Native memory allocation (malloc) failed to allocate 1601792 bytes for Chunk::new
# Possible reasons:
#   The system is out of physical RAM or swap space
#   The process is running with CompressedOops enabled, and the Java Heap may be blocking the growth of the native heap
# Possible solutions:
#   Reduce memory load on the system
#   Increase physical memory or swap space
#   Check if swap backing store is full
#   Decrease Java heap size (-Xmx/-Xms)
#   Decrease number of Java threads
#   Decrease Java thread stack sizes (-Xss)
#   Set larger code cache with -XX:ReservedCodeCacheSize=
#   JVM is running with Unscaled Compressed Oops mode in which the Java heap is
#     placed in the first 4GB address space. The Java Heap base address is the
#     maximum limit for the native heap growth. Please use -XX:HeapBaseMinAddress
#     to set the Java Heap base and to place the Java Heap above 4GB virtual address.
# This output file may be truncated or incomplete.
#
#  Out of Memory Error (arena.cpp:191), pid=1552, tid=15380
#
# JRE version: OpenJDK Runtime Environment Temurin-17.0.10+7 (17.0.10+7) (build 17.0.10+7)
# Java VM: OpenJDK 64-Bit Server VM Temurin-17.0.10+7 (17.0.10+7, mixed mode, tiered, compressed oops, compressed class ptrs, parallel gc, windows-amd64)
# No core dump will be written. Minidumps are not enabled by default on client versions of Windows
#

---------------  S U M M A R Y ------------

Command Line: --add-modules=ALL-SYSTEM --add-opens=java.base/java.util=ALL-UNNAMED --add-opens=java.base/java.lang=ALL-UNNAMED --add-opens=java.base/sun.nio.fs=ALL-UNNAMED -Declipse.application=org.eclipse.jdt.ls.core.id1 -Dosgi.bundles.defaultStartLevel=4 -Declipse.product=org.eclipse.jdt.ls.core.product -Djava.import.generatesMetadataFilesAtProjectRoot=false -DDetectVMInstallationsJob.disabled=true -Dfile.encoding=utf8 -XX:+UseParallelGC -XX:GCTimeRatio=4 -XX:AdaptiveSizePolicyWeight=90 -Dsun.zip.disableMemoryMapping=true -Xmx1G -Xms100m -Xlog:disable -javaagent:c:\Users\Ricky Garcia\.vscode\extensions\redhat.java-1.27.0-win32-x64\lombok\lombok-1.18.31.jar -XX:+HeapDumpOnOutOfMemoryError -XX:HeapDumpPath=c:\Users\Ricky Garcia\AppData\Roaming\Code\User\workspaceStorage\fa0a1e08c69df178198f0c09288cdad3\redhat.java -Daether.dependencyCollector.impl=bf c:\Users\Ricky Garcia\.vscode\extensions\redhat.java-1.27.0-win32-x64\server\plugins\org.eclipse.equinox.launcher_1.6.700.v20231214-2017.jar -configuration c:\Users\Ricky Garcia\AppData\Roaming\Code\User\globalStorage\redhat.java\1.27.0\config_win -data c:\Users\Ricky Garcia\AppData\Roaming\Code\User\workspaceStorage\fa0a1e08c69df178198f0c09288cdad3\redhat.java\jdt_ws --stdio

Host: Intel(R) Core(TM) i5-10500H CPU @ 2.50GHz, 12 cores, 7G,  Windows 11 , 64 bit Build 22621 (10.0.22621.2506)
Time: Sun Feb 11 20:31:31 2024 SA Pacific Standard Time elapsed time: 27.927596 seconds (0d 0h 0m 27s)

---------------  T H R E A D  ---------------

Current thread (0x00000253aa8368f0):  JavaThread "C2 CompilerThread0" daemon [_thread_in_native, id=15380, stack(0x000000ebf8000000,0x000000ebf8100000)]


Current CompileTask:
C2:  27927 9406   !   4       org.codehaus.plexus.interpolation.StringSearchInterpolator::interpolate (668 bytes)

Stack: [0x000000ebf8000000,0x000000ebf8100000]
Native frames: (J=compiled Java code, j=interpreted, Vv=VM code, C=native code)
V  [jvm.dll+0x67d2c9]
V  [jvm.dll+0x834afa]
V  [jvm.dll+0x8365be]
V  [jvm.dll+0x836c23]
V  [jvm.dll+0x2477ff]
V  [jvm.dll+0xac514]
V  [jvm.dll+0xacb5c]
V  [jvm.dll+0x3667d7]
V  [jvm.dll+0x1bcf72]
V  [jvm.dll+0x21a049]
V  [jvm.dll+0x219311]
V  [jvm.dll+0x1a502d]
V  [jvm.dll+0x2290de]
V  [jvm.dll+0x2272ac]
V  [jvm.dll+0x7e9bb7]
V  [jvm.dll+0x7e3fba]
V  [jvm.dll+0x67c1b5]
C  [ucrtbase.dll+0x29363]
C  [KERNEL32.DLL+0x1257d]
C  [ntdll.dll+0x5aa58]


---------------  P R O C E S S  ---------------

Threads class SMR info:
_java_thread_list=0x00000253b0d125c0, length=32, elements={
0x00000253918c4b60, 0x00000253a5744020, 0x00000253a5745090, 0x00000253a5749fd0,
0x00000253a574a9a0, 0x00000253a574bb10, 0x00000253a574cc20, 0x00000253aa8368f0,
0x00000253aa8399b0, 0x00000253aa83aaa0, 0x00000253aa8abda0, 0x00000253ac0d3430,
0x00000253ac7c8710, 0x00000253acb74750, 0x00000253ac907490, 0x00000253acf729a0,
0x00000253ad16b1e0, 0x00000253ad1e99b0, 0x00000253ad1e94a0, 0x00000253ad1e8f90,
0x00000253ac48f050, 0x00000253ad1eadf0, 0x00000253ad1ea3d0, 0x00000253ad1ea8e0,
0x00000253ad1e8060, 0x00000253ad1e8a80, 0x00000253ae24a3c0, 0x00000253ae247b40,
0x00000253ae249eb0, 0x00000253ae248f80, 0x00000253ae249490, 0x00000253ae248560
}

Java Threads: ( => current thread )
  0x00000253918c4b60 JavaThread "main" [_thread_blocked, id=10712, stack(0x000000ebf7700000,0x000000ebf7800000)]
  0x00000253a5744020 JavaThread "Reference Handler" daemon [_thread_blocked, id=15844, stack(0x000000ebf7a00000,0x000000ebf7b00000)]
  0x00000253a5745090 JavaThread "Finalizer" daemon [_thread_blocked, id=16300, stack(0x000000ebf7b00000,0x000000ebf7c00000)]
  0x00000253a5749fd0 JavaThread "Signal Dispatcher" daemon [_thread_blocked, id=27444, stack(0x000000ebf7c00000,0x000000ebf7d00000)]
  0x00000253a574a9a0 JavaThread "Attach Listener" daemon [_thread_blocked, id=18756, stack(0x000000ebf7d00000,0x000000ebf7e00000)]
  0x00000253a574bb10 JavaThread "Service Thread" daemon [_thread_blocked, id=18304, stack(0x000000ebf7e00000,0x000000ebf7f00000)]
  0x00000253a574cc20 JavaThread "Monitor Deflation Thread" daemon [_thread_blocked, id=23700, stack(0x000000ebf7f00000,0x000000ebf8000000)]
=>0x00000253aa8368f0 JavaThread "C2 CompilerThread0" daemon [_thread_in_native, id=15380, stack(0x000000ebf8000000,0x000000ebf8100000)]
  0x00000253aa8399b0 JavaThread "C1 CompilerThread0" daemon [_thread_blocked, id=23860, stack(0x000000ebf8100000,0x000000ebf8200000)]
  0x00000253aa83aaa0 JavaThread "Sweeper thread" daemon [_thread_blocked, id=11488, stack(0x000000ebf8200000,0x000000ebf8300000)]
  0x00000253aa8abda0 JavaThread "Common-Cleaner" daemon [_thread_blocked, id=4276, stack(0x000000ebf8300000,0x000000ebf8400000)]
  0x00000253ac0d3430 JavaThread "Notification Thread" daemon [_thread_blocked, id=5400, stack(0x000000ebf8500000,0x000000ebf8600000)]
  0x00000253ac7c8710 JavaThread "Active Thread: Equinox Container: 5350a042-c116-4a87-adaf-27bfe16882df" [_thread_blocked, id=8508, stack(0x000000ebf8c00000,0x000000ebf8d00000)]
  0x00000253acb74750 JavaThread "Framework Event Dispatcher: Equinox Container: 5350a042-c116-4a87-adaf-27bfe16882df" daemon [_thread_blocked, id=19180, stack(0x000000ebf8e00000,0x000000ebf8f00000)]
  0x00000253ac907490 JavaThread "Start Level: Equinox Container: 5350a042-c116-4a87-adaf-27bfe16882df" daemon [_thread_blocked, id=1480, stack(0x000000ebf9000000,0x000000ebf9100000)]
  0x00000253acf729a0 JavaThread "Bundle File Closer" daemon [_thread_blocked, id=15948, stack(0x000000ebf8d00000,0x000000ebf8e00000)]
  0x00000253ad16b1e0 JavaThread "SCR Component Actor" daemon [_thread_blocked, id=6124, stack(0x000000ebf9200000,0x000000ebf9300000)]
  0x00000253ad1e99b0 JavaThread "Worker-JM" [_thread_blocked, id=21300, stack(0x000000ebf9600000,0x000000ebf9700000)]
  0x00000253ad1e94a0 JavaThread "Worker-0" [_thread_blocked, id=25552, stack(0x000000ebf9500000,0x000000ebf9600000)]
  0x00000253ad1e8f90 JavaThread "Worker-1: Java indexing... " [_thread_blocked, id=24732, stack(0x000000ebf9700000,0x000000ebf9800000)]
  0x00000253ac48f050 JavaThread "C2 CompilerThread1" daemon [_thread_in_native, id=23096, stack(0x000000ebf9800000,0x000000ebf9900000)]
  0x00000253ad1eadf0 JavaThread "Worker-2: Update project clientes" [_thread_in_native, id=21736, stack(0x000000ebf9900000,0x000000ebf9a00000)]
  0x00000253ad1ea3d0 JavaThread "Java indexing" daemon [_thread_in_vm, id=1240, stack(0x000000ebf9a00000,0x000000ebf9b00000)]
  0x00000253ad1ea8e0 JavaThread "Worker-3: Synchronizing projects" [_thread_blocked, id=4580, stack(0x000000ebf9b00000,0x000000ebf9c00000)]
  0x00000253ad1e8060 JavaThread "JNA Cleaner" daemon [_thread_blocked, id=13964, stack(0x000000ebf9c00000,0x000000ebf9d00000)]
  0x00000253ad1e8a80 JavaThread "pool-2-thread-1" [_thread_blocked, id=26436, stack(0x000000ebf9d00000,0x000000ebf9e00000)]
  0x00000253ae24a3c0 JavaThread "WorkspaceEventsHandler" [_thread_blocked, id=22960, stack(0x000000ebf9e00000,0x000000ebf9f00000)]
  0x00000253ae247b40 JavaThread "pool-1-thread-1" [_thread_blocked, id=8304, stack(0x000000ebf9f00000,0x000000ebfa000000)]
  0x00000253ae249eb0 JavaThread "Worker-4: Initialize Workspace" [_thread_blocked, id=26988, stack(0x000000ebf9100000,0x000000ebf9200000)]
  0x00000253ae248f80 JavaThread "Worker-5: Refreshing workspace" [_thread_blocked, id=1780, stack(0x000000ebfa000000,0x000000ebfa100000)]
  0x00000253ae249490 JavaThread "Worker-6" [_thread_blocked, id=15728, stack(0x000000ebfa100000,0x000000ebfa200000)]
  0x00000253ae248560 JavaThread "Worker-7" [_thread_blocked, id=15904, stack(0x000000ebfa200000,0x000000ebfa300000)]

Other Threads:
  0x000002539194ba60 VMThread "VM Thread" [stack: 0x000000ebf7900000,0x000000ebf7a00000] [id=22100]
  0x00000253aab5c680 WatcherThread [stack: 0x000000ebf8600000,0x000000ebf8700000] [id=18532]
  0x00000253918db0e0 GCTaskThread "GC Thread#0" [stack: 0x000000ebf7800000,0x000000ebf7900000] [id=23144]
  0x00000253ac6bad50 GCTaskThread "GC Thread#1" [stack: 0x000000ebf8400000,0x000000ebf8500000] [id=1028]
  0x00000253aa9c4cd0 GCTaskThread "GC Thread#2" [stack: 0x000000ebf8700000,0x000000ebf8800000] [id=6260]
  0x00000253ac975dd0 GCTaskThread "GC Thread#3" [stack: 0x000000ebf8800000,0x000000ebf8900000] [id=14812]
  0x00000253ac9766a0 GCTaskThread "GC Thread#4" [stack: 0x000000ebf8900000,0x000000ebf8a00000] [id=27220]
  0x00000253ac132110 GCTaskThread "GC Thread#5" [stack: 0x000000ebf8a00000,0x000000ebf8b00000] [id=14560]
  0x00000253ac71d1f0 GCTaskThread "GC Thread#6" [stack: 0x000000ebf8b00000,0x000000ebf8c00000] [id=27312]
  0x00000253acbe8580 GCTaskThread "GC Thread#7" [stack: 0x000000ebf8f00000,0x000000ebf9000000] [id=10836]
  0x00000253acf5ce40 GCTaskThread "GC Thread#8" [stack: 0x000000ebf9300000,0x000000ebf9400000] [id=13056]
  0x00000253ad1f9a90 GCTaskThread "GC Thread#9" [stack: 0x000000ebf9400000,0x000000ebf9500000] [id=11000]

Threads with active compile tasks:
C2 CompilerThread0    27966 9406   !   4       org.codehaus.plexus.interpolation.StringSearchInterpolator::interpolate (668 bytes)
C2 CompilerThread1    27966 9531   !   4       org.eclipse.jdt.internal.core.search.indexing.BinaryIndexer::indexDocument (1142 bytes)

VM state: not at safepoint (normal execution)

VM Mutex/Monitor currently owned by a thread: None

Heap address: 0x00000000c0000000, size: 1024 MB, Compressed Oops mode: 32-bit

CDS archive(s) not mapped
Compressed class space mapped at: 0x0000000100000000-0x0000000140000000, reserved size: 1073741824
Narrow klass base: 0x0000000000000000, Narrow klass shift: 3, Narrow klass range: 0x140000000

GC Precious Log:
 CPUs: 12 total, 12 available
 Memory: 7967M
 Large Page Support: Disabled
 NUMA Support: Disabled
 Compressed Oops: Enabled (32-bit)
 Alignments: Space 512K, Generation 512K, Heap 2M
 Heap Min Capacity: 100M
 Heap Initial Capacity: 100M
 Heap Max Capacity: 1G
 Pre-touch: Disabled
 Parallel Workers: 10

Heap:
 PSYoungGen      total 19456K, used 11607K [0x00000000eab00000, 0x00000000ec300000, 0x0000000100000000)
  eden space 16384K, 52% used [0x00000000eab00000,0x00000000eb357a80,0x00000000ebb00000)
  from space 3072K, 99% used [0x00000000ebb00000,0x00000000ebdfe418,0x00000000ebe00000)
  to   space 4096K, 0% used [0x00000000ebf00000,0x00000000ebf00000,0x00000000ec300000)
 ParOldGen       total 119296K, used 104459K [0x00000000c0000000, 0x00000000c7480000, 0x00000000eab00000)
  object space 119296K, 87% used [0x00000000c0000000,0x00000000c6602c50,0x00000000c7480000)
 Metaspace       used 58334K, committed 59584K, reserved 1114112K
  class space    used 6185K, committed 6720K, reserved 1048576K

Card table byte_map: [0x0000025391280000,0x0000025391490000] _byte_map_base: 0x0000025390c80000

Marking Bits: (ParMarkBitMap*) 0x00007fff5490d7d0
 Begin Bits: [0x00000253a3550000, 0x00000253a4550000)
 End Bits:   [0x00000253a4550000, 0x00000253a5550000)

Polling page: 0x0000025391070000

Metaspace:

Usage:
  Non-class:     50.93 MB used.
      Class:      6.04 MB used.
       Both:     56.97 MB used.

Virtual space:
  Non-class space:       64.00 MB reserved,      51.62 MB ( 81%) committed,  1 nodes.
      Class space:        1.00 GB reserved,       6.56 MB ( <1%) committed,  1 nodes.
             Both:        1.06 GB reserved,      58.19 MB (  5%) committed. 

Chunk freelists:
   Non-Class:  12.42 MB
       Class:  9.33 MB
        Both:  21.76 MB

MaxMetaspaceSize: unlimited
CompressedClassSpaceSize: 1.00 GB
Initial GC threshold: 21.00 MB
Current GC threshold: 96.25 MB
CDS: off
MetaspaceReclaimPolicy: balanced
 - commit_granule_bytes: 65536.
 - commit_granule_words: 8192.
 - virtual_space_node_default_size: 8388608.
 - enlarge_chunks_in_place: 1.
 - new_chunks_are_fully_committed: 0.
 - uncommit_free_chunks: 1.
 - use_allocation_guard: 0.
 - handle_deallocations: 1.


Internal statistics:

num_allocs_failed_limit: 8.
num_arena_births: 818.
num_arena_deaths: 16.
num_vsnodes_births: 2.
num_vsnodes_deaths: 0.
num_space_committed: 931.
num_space_uncommitted: 0.
num_chunks_returned_to_freelist: 25.
num_chunks_taken_from_freelist: 3252.
num_chunk_merges: 13.
num_chunk_splits: 1934.
num_chunks_enlarged: 1024.
num_inconsistent_stats: 0.

CodeHeap 'non-profiled nmethods': size=120000Kb used=4096Kb max_used=4559Kb free=115903Kb
 bounds [0x000002539c020000, 0x000002539c4a0000, 0x00000253a3550000]
CodeHeap 'profiled nmethods': size=120000Kb used=15142Kb max_used=17534Kb free=104857Kb
 bounds [0x0000025394550000, 0x0000025395670000, 0x000002539ba80000]
CodeHeap 'non-nmethods': size=5760Kb used=1303Kb max_used=1433Kb free=4456Kb
 bounds [0x000002539ba80000, 0x000002539bcf0000, 0x000002539c020000]
 total_blobs=8547 nmethods=7911 adapters=547
 compilation: enabled
              stopped_count=0, restarted_count=0
 full_count=0

Compilation events (20 events):
Event: 27.848 Thread 0x00000253aa8399b0 9666       2       org.eclipse.aether.repository.LocalArtifactRequest::setArtifact (7 bytes)
Event: 27.848 Thread 0x00000253aa8399b0 nmethod 9666 0x0000025394a1fa90 code [0x0000025394a1fc20, 0x0000025394a1fd38]
Event: 27.849 Thread 0x00000253aa8399b0 9667       2       org.eclipse.aether.internal.impl.LocalPathPrefixComposerFactorySupport$LocalPathPrefixComposerSupport::getPathPrefixForLocalArtifact (66 bytes)
Event: 27.849 Thread 0x00000253aa8399b0 nmethod 9667 0x000002539474ae10 code [0x000002539474b020, 0x000002539474b468]
Event: 27.849 Thread 0x00000253aa8399b0 9670   !   3       org.eclipse.aether.internal.impl.DefaultRepositoryEventDispatcher::dispatch (331 bytes)
Event: 27.851 Thread 0x00000253aa8399b0 nmethod 9670 0x0000025394566490 code [0x00000253945668a0, 0x0000025394568a88]
Event: 27.851 Thread 0x00000253aa8399b0 9671       2       org.apache.maven.eventspy.internal.EventSpyRepositoryListener::artifactResolved (19 bytes)
Event: 27.851 Thread 0x00000253aa8399b0 nmethod 9671 0x0000025394768510 code [0x00000253947686c0, 0x0000025394768838]
Event: 27.851 Thread 0x00000253aa8399b0 9672       2       org.eclipse.aether.repository.LocalArtifactRequest::setRepositories (21 bytes)
Event: 27.852 Thread 0x00000253aa8399b0 nmethod 9672 0x0000025394a54190 code [0x0000025394a54320, 0x0000025394a54478]
Event: 27.852 Thread 0x00000253aa8399b0 9673       2       org.eclipse.aether.repository.LocalArtifactResult::<init> (18 bytes)
Event: 27.852 Thread 0x00000253aa8399b0 nmethod 9673 0x00000253945b7890 code [0x00000253945b7a40, 0x00000253945b7c28]
Event: 27.878 Thread 0x00000253aa8399b0 9674       2       org.eclipse.aether.repository.LocalArtifactRequest::setContext (16 bytes)
Event: 27.878 Thread 0x00000253aa8399b0 nmethod 9674 0x0000025394a94690 code [0x0000025394a94820, 0x0000025394a94958]
Event: 27.883 Thread 0x00000253aa8399b0 9675       2       org.eclipse.aether.AbstractForwardingRepositorySystemSession::getLocalRepository (10 bytes)
Event: 27.883 Thread 0x00000253aa8399b0 nmethod 9675 0x000002539462c090 code [0x000002539462c240, 0x000002539462c3a8]
Event: 27.885 Thread 0x00000253aa8399b0 9676       2       org.eclipse.aether.internal.impl.EnhancedLocalRepositoryManager::find (163 bytes)
Event: 27.887 Thread 0x00000253aa8399b0 nmethod 9676 0x0000025394550010 code [0x00000253945502a0, 0x0000025394550b08]
Event: 27.896 Thread 0x00000253aa8399b0 9677       2       org.eclipse.aether.repository.LocalArtifactRequest::<init> (36 bytes)
Event: 27.896 Thread 0x00000253aa8399b0 nmethod 9677 0x0000025394683e10 code [0x0000025394683fa0, 0x0000025394684198]

GC Heap History (20 events):
Event: 26.234 GC heap before
{Heap before GC invocations=44 (full 3):
 PSYoungGen      total 19968K, used 19839K [0x00000000eab00000, 0x00000000ec580000, 0x0000000100000000)
  eden space 17408K, 100% used [0x00000000eab00000,0x00000000ebc00000,0x00000000ebc00000)
  from space 2560K, 94% used [0x00000000ebc00000,0x00000000ebe5fc30,0x00000000ebe80000)
  to   space 4608K, 0% used [0x00000000ec100000,0x00000000ec100000,0x00000000ec580000)
 ParOldGen       total 96256K, used 86627K [0x00000000c0000000, 0x00000000c5e00000, 0x00000000eab00000)
  object space 96256K, 89% used [0x00000000c0000000,0x00000000c5498c00,0x00000000c5e00000)
 Metaspace       used 57578K, committed 58816K, reserved 1114112K
  class space    used 6163K, committed 6720K, reserved 1048576K
}
Event: 26.239 GC heap after
{Heap after GC invocations=44 (full 3):
 PSYoungGen      total 20992K, used 3174K [0x00000000eab00000, 0x00000000ec480000, 0x0000000100000000)
  eden space 17408K, 0% used [0x00000000eab00000,0x00000000eab00000,0x00000000ebc00000)
  from space 3584K, 88% used [0x00000000ec100000,0x00000000ec419800,0x00000000ec480000)
  to   space 3584K, 0% used [0x00000000ebd80000,0x00000000ebd80000,0x00000000ec100000)
 ParOldGen       total 96256K, used 88714K [0x00000000c0000000, 0x00000000c5e00000, 0x00000000eab00000)
  object space 96256K, 92% used [0x00000000c0000000,0x00000000c56a29d8,0x00000000c5e00000)
 Metaspace       used 57578K, committed 58816K, reserved 1114112K
  class space    used 6163K, committed 6720K, reserved 1048576K
}
Event: 26.346 GC heap before
{Heap before GC invocations=45 (full 3):
 PSYoungGen      total 20992K, used 20582K [0x00000000eab00000, 0x00000000ec480000, 0x0000000100000000)
  eden space 17408K, 100% used [0x00000000eab00000,0x00000000ebc00000,0x00000000ebc00000)
  from space 3584K, 88% used [0x00000000ec100000,0x00000000ec419800,0x00000000ec480000)
  to   space 3584K, 0% used [0x00000000ebd80000,0x00000000ebd80000,0x00000000ec100000)
 ParOldGen       total 96256K, used 88714K [0x00000000c0000000, 0x00000000c5e00000, 0x00000000eab00000)
  object space 96256K, 92% used [0x00000000c0000000,0x00000000c56a29d8,0x00000000c5e00000)
 Metaspace       used 57774K, committed 59008K, reserved 1114112K
  class space    used 6180K, committed 6720K, reserved 1048576K
}
Event: 26.351 GC heap after
{Heap after GC invocations=45 (full 3):
 PSYoungGen      total 20992K, used 3575K [0x00000000eab00000, 0x00000000eca00000, 0x0000000100000000)
  eden space 17408K, 0% used [0x00000000eab00000,0x00000000eab00000,0x00000000ebc00000)
  from space 3584K, 99% used [0x00000000ebd80000,0x00000000ec0fdf68,0x00000000ec100000)
  to   space 7168K, 0% used [0x00000000ec300000,0x00000000ec300000,0x00000000eca00000)
 ParOldGen       total 96256K, used 91555K [0x00000000c0000000, 0x00000000c5e00000, 0x00000000eab00000)
  object space 96256K, 95% used [0x00000000c0000000,0x00000000c5968f40,0x00000000c5e00000)
 Metaspace       used 57774K, committed 59008K, reserved 1114112K
  class space    used 6180K, committed 6720K, reserved 1048576K
}
Event: 26.460 GC heap before
{Heap before GC invocations=46 (full 3):
 PSYoungGen      total 20992K, used 20983K [0x00000000eab00000, 0x00000000eca00000, 0x0000000100000000)
  eden space 17408K, 100% used [0x00000000eab00000,0x00000000ebc00000,0x00000000ebc00000)
  from space 3584K, 99% used [0x00000000ebd80000,0x00000000ec0fdf68,0x00000000ec100000)
  to   space 7168K, 0% used [0x00000000ec300000,0x00000000ec300000,0x00000000eca00000)
 ParOldGen       total 96256K, used 91555K [0x00000000c0000000, 0x00000000c5e00000, 0x00000000eab00000)
  object space 96256K, 95% used [0x00000000c0000000,0x00000000c5968f40,0x00000000c5e00000)
 Metaspace       used 57897K, committed 59136K, reserved 1114112K
  class space    used 6180K, committed 6720K, reserved 1048576K
}
Event: 26.464 GC heap after
{Heap after GC invocations=46 (full 3):
 PSYoungGen      total 19968K, used 2342K [0x00000000eab00000, 0x00000000ec580000, 0x0000000100000000)
  eden space 17408K, 0% used [0x00000000eab00000,0x00000000eab00000,0x00000000ebc00000)
  from space 2560K, 91% used [0x00000000ec300000,0x00000000ec549b70,0x00000000ec580000)
  to   space 4096K, 0% used [0x00000000ebd80000,0x00000000ebd80000,0x00000000ec180000)
 ParOldGen       total 96256K, used 94953K [0x00000000c0000000, 0x00000000c5e00000, 0x00000000eab00000)
  object space 96256K, 98% used [0x00000000c0000000,0x00000000c5cba7c0,0x00000000c5e00000)
 Metaspace       used 57897K, committed 59136K, reserved 1114112K
  class space    used 6180K, committed 6720K, reserved 1048576K
}
Event: 26.464 GC heap before
{Heap before GC invocations=47 (full 4):
 PSYoungGen      total 19968K, used 2342K [0x00000000eab00000, 0x00000000ec580000, 0x0000000100000000)
  eden space 17408K, 0% used [0x00000000eab00000,0x00000000eab00000,0x00000000ebc00000)
  from space 2560K, 91% used [0x00000000ec300000,0x00000000ec549b70,0x00000000ec580000)
  to   space 4096K, 0% used [0x00000000ebd80000,0x00000000ebd80000,0x00000000ec180000)
 ParOldGen       total 96256K, used 94953K [0x00000000c0000000, 0x00000000c5e00000, 0x00000000eab00000)
  object space 96256K, 98% used [0x00000000c0000000,0x00000000c5cba7c0,0x00000000c5e00000)
 Metaspace       used 57897K, committed 59136K, reserved 1114112K
  class space    used 6180K, committed 6720K, reserved 1048576K
}
Event: 26.603 GC heap after
{Heap after GC invocations=47 (full 4):
 PSYoungGen      total 17920K, used 0K [0x00000000eab00000, 0x00000000ec400000, 0x0000000100000000)
  eden space 17408K, 0% used [0x00000000eab00000,0x00000000eab00000,0x00000000ebc00000)
  from space 512K, 0% used [0x00000000ebd80000,0x00000000ebd80000,0x00000000ebe00000)
  to   space 4096K, 0% used [0x00000000ec000000,0x00000000ec000000,0x00000000ec400000)
 ParOldGen       total 119296K, used 91000K [0x00000000c0000000, 0x00000000c7480000, 0x00000000eab00000)
  object space 119296K, 76% used [0x00000000c0000000,0x00000000c58de078,0x00000000c7480000)
 Metaspace       used 57895K, committed 59136K, reserved 1114112K
  class space    used 6180K, committed 6720K, reserved 1048576K
}
Event: 26.913 GC heap before
{Heap before GC invocations=48 (full 4):
 PSYoungGen      total 17920K, used 17408K [0x00000000eab00000, 0x00000000ec400000, 0x0000000100000000)
  eden space 17408K, 100% used [0x00000000eab00000,0x00000000ebc00000,0x00000000ebc00000)
  from space 512K, 0% used [0x00000000ebd80000,0x00000000ebd80000,0x00000000ebe00000)
  to   space 4096K, 0% used [0x00000000ec000000,0x00000000ec000000,0x00000000ec400000)
 ParOldGen       total 119296K, used 91000K [0x00000000c0000000, 0x00000000c7480000, 0x00000000eab00000)
  object space 119296K, 76% used [0x00000000c0000000,0x00000000c58de078,0x00000000c7480000)
 Metaspace       used 57968K, committed 59200K, reserved 1114112K
  class space    used 6181K, committed 6720K, reserved 1048576K
}
Event: 26.916 GC heap after
{Heap after GC invocations=48 (full 4):
 PSYoungGen      total 20992K, used 3294K [0x00000000eab00000, 0x00000000ec380000, 0x0000000100000000)
  eden space 17408K, 0% used [0x00000000eab00000,0x00000000eab00000,0x00000000ebc00000)
  from space 3584K, 91% used [0x00000000ec000000,0x00000000ec337bc0,0x00000000ec380000)
  to   space 3584K, 0% used [0x00000000ebc80000,0x00000000ebc80000,0x00000000ec000000)
 ParOldGen       total 119296K, used 91008K [0x00000000c0000000, 0x00000000c7480000, 0x00000000eab00000)
  object space 119296K, 76% used [0x00000000c0000000,0x00000000c58e0078,0x00000000c7480000)
 Metaspace       used 57968K, committed 59200K, reserved 1114112K
  class space    used 6181K, committed 6720K, reserved 1048576K
}
Event: 27.032 GC heap before
{Heap before GC invocations=49 (full 4):
 PSYoungGen      total 20992K, used 20702K [0x00000000eab00000, 0x00000000ec380000, 0x0000000100000000)
  eden space 17408K, 100% used [0x00000000eab00000,0x00000000ebc00000,0x00000000ebc00000)
  from space 3584K, 91% used [0x00000000ec000000,0x00000000ec337bc0,0x00000000ec380000)
  to   space 3584K, 0% used [0x00000000ebc80000,0x00000000ebc80000,0x00000000ec000000)
 ParOldGen       total 119296K, used 91008K [0x00000000c0000000, 0x00000000c7480000, 0x00000000eab00000)
  object space 119296K, 76% used [0x00000000c0000000,0x00000000c58e0078,0x00000000c7480000)
 Metaspace       used 58011K, committed 59200K, reserved 1114112K
  class space    used 6181K, committed 6720K, reserved 1048576K
}
Event: 27.037 GC heap after
{Heap after GC invocations=49 (full 4):
 PSYoungGen      total 20992K, used 3569K [0x00000000eab00000, 0x00000000eca00000, 0x0000000100000000)
  eden space 17408K, 0% used [0x00000000eab00000,0x00000000eab00000,0x00000000ebc00000)
  from space 3584K, 99% used [0x00000000ebc80000,0x00000000ebffc5f8,0x00000000ec000000)
  to   space 7168K, 0% used [0x00000000ec300000,0x00000000ec300000,0x00000000eca00000)
 ParOldGen       total 119296K, used 93810K [0x00000000c0000000, 0x00000000c7480000, 0x00000000eab00000)
  object space 119296K, 78% used [0x00000000c0000000,0x00000000c5b9ca40,0x00000000c7480000)
 Metaspace       used 58011K, committed 59200K, reserved 1114112K
  class space    used 6181K, committed 6720K, reserved 1048576K
}
Event: 27.109 GC heap before
{Heap before GC invocations=50 (full 4):
 PSYoungGen      total 20992K, used 20977K [0x00000000eab00000, 0x00000000eca00000, 0x0000000100000000)
  eden space 17408K, 100% used [0x00000000eab00000,0x00000000ebc00000,0x00000000ebc00000)
  from space 3584K, 99% used [0x00000000ebc80000,0x00000000ebffc5f8,0x00000000ec000000)
  to   space 7168K, 0% used [0x00000000ec300000,0x00000000ec300000,0x00000000eca00000)
 ParOldGen       total 119296K, used 93810K [0x00000000c0000000, 0x00000000c7480000, 0x00000000eab00000)
  object space 119296K, 78% used [0x00000000c0000000,0x00000000c5b9ca40,0x00000000c7480000)
 Metaspace       used 58103K, committed 59264K, reserved 1114112K
  class space    used 6182K, committed 6720K, reserved 1048576K
}
Event: 27.114 GC heap after
{Heap after GC invocations=50 (full 4):
 PSYoungGen      total 20992K, used 3168K [0x00000000eab00000, 0x00000000ec680000, 0x0000000100000000)
  eden space 17408K, 0% used [0x00000000eab00000,0x00000000eab00000,0x00000000ebc00000)
  from space 3584K, 88% used [0x00000000ec300000,0x00000000ec618230,0x00000000ec680000)
  to   space 4608K, 0% used [0x00000000ebd80000,0x00000000ebd80000,0x00000000ec200000)
 ParOldGen       total 119296K, used 97053K [0x00000000c0000000, 0x00000000c7480000, 0x00000000eab00000)
  object space 119296K, 81% used [0x00000000c0000000,0x00000000c5ec7650,0x00000000c7480000)
 Metaspace       used 58103K, committed 59264K, reserved 1114112K
  class space    used 6182K, committed 6720K, reserved 1048576K
}
Event: 27.193 GC heap before
{Heap before GC invocations=51 (full 4):
 PSYoungGen      total 20992K, used 20576K [0x00000000eab00000, 0x00000000ec680000, 0x0000000100000000)
  eden space 17408K, 100% used [0x00000000eab00000,0x00000000ebc00000,0x00000000ebc00000)
  from space 3584K, 88% used [0x00000000ec300000,0x00000000ec618230,0x00000000ec680000)
  to   space 4608K, 0% used [0x00000000ebd80000,0x00000000ebd80000,0x00000000ec200000)
 ParOldGen       total 119296K, used 97053K [0x00000000c0000000, 0x00000000c7480000, 0x00000000eab00000)
  object space 119296K, 81% used [0x00000000c0000000,0x00000000c5ec7650,0x00000000c7480000)
 Metaspace       used 58172K, committed 59392K, reserved 1114112K
  class space    used 6184K, committed 6720K, reserved 1048576K
}
Event: 27.198 GC heap after
{Heap after GC invocations=51 (full 4):
 PSYoungGen      total 19968K, used 2432K [0x00000000eab00000, 0x00000000ec380000, 0x0000000100000000)
  eden space 17408K, 0% used [0x00000000eab00000,0x00000000eab00000,0x00000000ebc00000)
  from space 2560K, 95% used [0x00000000ebd80000,0x00000000ebfe0000,0x00000000ec000000)
  to   space 3072K, 0% used [0x00000000ec080000,0x00000000ec080000,0x00000000ec380000)
 ParOldGen       total 119296K, used 99819K [0x00000000c0000000, 0x00000000c7480000, 0x00000000eab00000)
  object space 119296K, 83% used [0x00000000c0000000,0x00000000c617acf0,0x00000000c7480000)
 Metaspace       used 58172K, committed 59392K, reserved 1114112K
  class space    used 6184K, committed 6720K, reserved 1048576K
}
Event: 27.336 GC heap before
{Heap before GC invocations=52 (full 4):
 PSYoungGen      total 19968K, used 19840K [0x00000000eab00000, 0x00000000ec380000, 0x0000000100000000)
  eden space 17408K, 100% used [0x00000000eab00000,0x00000000ebc00000,0x00000000ebc00000)
  from space 2560K, 95% used [0x00000000ebd80000,0x00000000ebfe0000,0x00000000ec000000)
  to   space 3072K, 0% used [0x00000000ec080000,0x00000000ec080000,0x00000000ec380000)
 ParOldGen       total 119296K, used 99819K [0x00000000c0000000, 0x00000000c7480000, 0x00000000eab00000)
  object space 119296K, 83% used [0x00000000c0000000,0x00000000c617acf0,0x00000000c7480000)
 Metaspace       used 58216K, committed 59456K, reserved 1114112K
  class space    used 6184K, committed 6720K, reserved 1048576K
}
Event: 27.343 GC heap after
{Heap after GC invocations=52 (full 4):
 PSYoungGen      total 19456K, used 3053K [0x00000000eab00000, 0x00000000ec700000, 0x0000000100000000)
  eden space 16384K, 0% used [0x00000000eab00000,0x00000000eab00000,0x00000000ebb00000)
  from space 3072K, 99% used [0x00000000ec080000,0x00000000ec37b690,0x00000000ec380000)
  to   space 5632K, 0% used [0x00000000ebb00000,0x00000000ebb00000,0x00000000ec080000)
 ParOldGen       total 119296K, used 101797K [0x00000000c0000000, 0x00000000c7480000, 0x00000000eab00000)
  object space 119296K, 85% used [0x00000000c0000000,0x00000000c63694e0,0x00000000c7480000)
 Metaspace       used 58216K, committed 59456K, reserved 1114112K
  class space    used 6184K, committed 6720K, reserved 1048576K
}
Event: 27.741 GC heap before
{Heap before GC invocations=53 (full 4):
 PSYoungGen      total 19456K, used 19437K [0x00000000eab00000, 0x00000000ec700000, 0x0000000100000000)
  eden space 16384K, 100% used [0x00000000eab00000,0x00000000ebb00000,0x00000000ebb00000)
  from space 3072K, 99% used [0x00000000ec080000,0x00000000ec37b690,0x00000000ec380000)
  to   space 5632K, 0% used [0x00000000ebb00000,0x00000000ebb00000,0x00000000ec080000)
 ParOldGen       total 119296K, used 101797K [0x00000000c0000000, 0x00000000c7480000, 0x00000000eab00000)
  object space 119296K, 85% used [0x00000000c0000000,0x00000000c63694e0,0x00000000c7480000)
 Metaspace       used 58303K, committed 59520K, reserved 1114112K
  class space    used 6185K, committed 6720K, reserved 1048576K
}
Event: 27.748 GC heap after
{Heap after GC invocations=53 (full 4):
 PSYoungGen      total 19456K, used 3065K [0x00000000eab00000, 0x00000000ec300000, 0x0000000100000000)
  eden space 16384K, 0% used [0x00000000eab00000,0x00000000eab00000,0x00000000ebb00000)
  from space 3072K, 99% used [0x00000000ebb00000,0x00000000ebdfe418,0x00000000ebe00000)
  to   space 4096K, 0% used [0x00000000ebf00000,0x00000000ebf00000,0x00000000ec300000)
 ParOldGen       total 119296K, used 104459K [0x00000000c0000000, 0x00000000c7480000, 0x00000000eab00000)
  object space 119296K, 87% used [0x00000000c0000000,0x00000000c6602c50,0x00000000c7480000)
 Metaspace       used 58303K, committed 59520K, reserved 1114112K
  class space    used 6185K, committed 6720K, reserved 1048576K
}

Dll operation events (10 events):
Event: 0.013 Loaded shared library c:\Users\Ricky Garcia\.vscode\extensions\redhat.java-1.27.0-win32-x64\jre\17.0.10-win32-x86_64\bin\java.dll
Event: 0.128 Loaded shared library c:\Users\Ricky Garcia\.vscode\extensions\redhat.java-1.27.0-win32-x64\jre\17.0.10-win32-x86_64\bin\zip.dll
Event: 0.131 Loaded shared library C:\Users\Ricky Garcia\.vscode\extensions\redhat.java-1.27.0-win32-x64\jre\17.0.10-win32-x86_64\bin\instrument.dll
Event: 0.145 Loaded shared library C:\Users\Ricky Garcia\.vscode\extensions\redhat.java-1.27.0-win32-x64\jre\17.0.10-win32-x86_64\bin\net.dll
Event: 0.148 Loaded shared library C:\Users\Ricky Garcia\.vscode\extensions\redhat.java-1.27.0-win32-x64\jre\17.0.10-win32-x86_64\bin\nio.dll
Event: 0.154 Loaded shared library C:\Users\Ricky Garcia\.vscode\extensions\redhat.java-1.27.0-win32-x64\jre\17.0.10-win32-x86_64\bin\zip.dll
Event: 0.168 Loaded shared library C:\Users\Ricky Garcia\.vscode\extensions\redhat.java-1.27.0-win32-x64\jre\17.0.10-win32-x86_64\bin\jimage.dll
Event: 0.251 Loaded shared library c:\Users\Ricky Garcia\.vscode\extensions\redhat.java-1.27.0-win32-x64\jre\17.0.10-win32-x86_64\bin\verify.dll
Event: 3.086 Loaded shared library C:\Users\Ricky Garcia\AppData\Roaming\Code\User\globalStorage\redhat.java\1.27.0\config_win\org.eclipse.equinox.launcher\org.eclipse.equinox.launcher.win32.win32.x86_64_1.2.900.v20240129-1338\eclipse_11900.dll
Event: 16.880 Loaded shared library C:\Users\Ricky Garcia\AppData\Local\Temp\jna-612083421\jna1407778985066862528.dll

Deoptimization events (20 events):
Event: 27.306 Thread 0x00000253ad1e9ec0 Uncommon trap: trap_request=0xffffff45 fr.pc=0x000002539c475bbc relative=0x000000000000099c
Event: 27.306 Thread 0x00000253ad1e9ec0 Uncommon trap: reason=unstable_if action=reinterpret pc=0x000002539c475bbc method=java.util.concurrent.ConcurrentHashMap.addCount(JI)V @ 110 c2
Event: 27.306 Thread 0x00000253ad1e9ec0 DEOPT PACKING pc=0x000002539c475bbc sp=0x000000ebfa3fe4a0
Event: 27.306 Thread 0x00000253ad1e9ec0 DEOPT UNPACKING pc=0x000002539bad66a3 sp=0x000000ebfa3fe368 mode 2
Event: 27.580 Thread 0x00000253ad1ea3d0 Uncommon trap: trap_request=0xfffffff4 fr.pc=0x000002539c487860 relative=0x00000000000069a0
Event: 27.580 Thread 0x00000253ad1ea3d0 Uncommon trap: reason=null_check action=make_not_entrant pc=0x000002539c487860 method=org.eclipse.jdt.internal.core.search.indexing.BinaryIndexer.indexDocument()V @ 565 c2
Event: 27.580 Thread 0x00000253ad1ea3d0 DEOPT PACKING pc=0x000002539c487860 sp=0x000000ebf9afe940
Event: 27.580 Thread 0x00000253ad1ea3d0 DEOPT UNPACKING pc=0x000002539bad66a3 sp=0x000000ebf9afe8b0 mode 2
Event: 27.683 Thread 0x00000253ae246c10 Uncommon trap: trap_request=0xfffffff4 fr.pc=0x000002539c44a160 relative=0x0000000000001860
Event: 27.683 Thread 0x00000253ae246c10 Uncommon trap: reason=null_check action=make_not_entrant pc=0x000002539c44a160 method=org.eclipse.sisu.inject.LocatedBeans$Itr.hasNext()Z @ 35 c2
Event: 27.683 Thread 0x00000253ae246c10 DEOPT PACKING pc=0x000002539c44a160 sp=0x000000ebfa5fe480
Event: 27.683 Thread 0x00000253ae246c10 DEOPT UNPACKING pc=0x000002539bad66a3 sp=0x000000ebfa5fe4a0 mode 2
Event: 27.728 Thread 0x00000253ad1eadf0 Uncommon trap: trap_request=0xffffff45 fr.pc=0x000002539c0c7c54 relative=0x0000000000000594
Event: 27.728 Thread 0x00000253ad1eadf0 Uncommon trap: reason=unstable_if action=reinterpret pc=0x000002539c0c7c54 method=java.util.HashMap.getNode(Ljava/lang/Object;)Ljava/util/HashMap$Node; @ 57 c2
Event: 27.728 Thread 0x00000253ad1eadf0 DEOPT PACKING pc=0x000002539c0c7c54 sp=0x000000ebf99fd940
Event: 27.728 Thread 0x00000253ad1eadf0 DEOPT UNPACKING pc=0x000002539bad66a3 sp=0x000000ebf99fd860 mode 2
Event: 27.728 Thread 0x00000253ad1eadf0 Uncommon trap: trap_request=0xffffff45 fr.pc=0x000002539c40c9c8 relative=0x0000000000000588
Event: 27.728 Thread 0x00000253ad1eadf0 Uncommon trap: reason=unstable_if action=reinterpret pc=0x000002539c40c9c8 method=java.util.HashMap.getNode(Ljava/lang/Object;)Ljava/util/HashMap$Node; @ 57 c2
Event: 27.728 Thread 0x00000253ad1eadf0 DEOPT PACKING pc=0x000002539c40c9c8 sp=0x000000ebf99fd8d0
Event: 27.728 Thread 0x00000253ad1eadf0 DEOPT UNPACKING pc=0x000002539bad66a3 sp=0x000000ebf99fd860 mode 2

Classes unloaded (8 events):
Event: 16.052 Thread 0x000002539194ba60 Unloading class 0x0000000100252400 'java/lang/invoke/LambdaForm$MH+0x0000000100252400'
Event: 16.052 Thread 0x000002539194ba60 Unloading class 0x0000000100252000 'java/lang/invoke/LambdaForm$MH+0x0000000100252000'
Event: 16.052 Thread 0x000002539194ba60 Unloading class 0x0000000100251c00 'java/lang/invoke/LambdaForm$MH+0x0000000100251c00'
Event: 16.052 Thread 0x000002539194ba60 Unloading class 0x0000000100251800 'java/lang/invoke/LambdaForm$MH+0x0000000100251800'
Event: 16.052 Thread 0x000002539194ba60 Unloading class 0x0000000100251400 'java/lang/invoke/LambdaForm$BMH+0x0000000100251400'
Event: 16.052 Thread 0x000002539194ba60 Unloading class 0x0000000100251000 'java/lang/invoke/LambdaForm$DMH+0x0000000100251000'
Event: 16.052 Thread 0x000002539194ba60 Unloading class 0x000000010024c400 'java/lang/invoke/LambdaForm$DMH+0x000000010024c400'
Event: 26.484 Thread 0x000002539194ba60 Unloading class 0x0000000100694800 'java/lang/invoke/LambdaForm$DMH+0x0000000100694800'

Classes redefined (0 events):
No events

Internal exceptions (20 events):
Event: 23.898 Thread 0x00000253ad1e94a0 Exception <a 'java/io/FileNotFoundException'{0x00000000eb4833e8}> (0x00000000eb4833e8) 
thrown [s\src\hotspot\share\prims\jni.cpp, line 516]
Event: 24.975 Thread 0x00000253ad1eadf0 Exception <a 'java/lang/NoSuchMethodError'{0x00000000ebadec78}: 'java.lang.Object java.lang.invoke.DirectMethodHandle$Holder.invokeStatic(java.lang.Object, int, java.lang.Object, java.lang.Object)'> (0x00000000ebadec78) 
thrown [s\src\hotspot\share\interpreter\linkResolver.cpp, line 759]
Event: 24.976 Thread 0x00000253ad1eadf0 Exception <a 'java/lang/NoSuchMethodError'{0x00000000ebae27b0}: 'java.lang.Object java.lang.invoke.DelegatingMethodHandle$Holder.delegate(java.lang.Object, int, java.lang.Object, java.lang.Object)'> (0x00000000ebae27b0) 
thrown [s\src\hotspot\share\interpreter\linkResolver.cpp, line 759]
Event: 24.979 Thread 0x00000253ad1eadf0 Exception <a 'java/lang/NoSuchMethodError'{0x00000000ebb64c28}: 'int java.lang.invoke.Invokers$Holder.linkToTargetMethod(java.lang.Object, java.lang.Object, java.lang.Object)'> (0x00000000ebb64c28) 
thrown [s\src\hotspot\share\interpreter\linkResolver.cpp, line 759]
Event: 24.999 Thread 0x00000253ad1eadf0 Exception <a 'java/lang/NoSuchMethodError'{0x00000000ebd45550}: 'java.lang.Object java.lang.invoke.DirectMethodHandle$Holder.newInvokeSpecial(java.lang.Object, java.lang.Object, java.lang.Object, java.lang.Object, java.lang.Object, java.lang.Object, java.lang.Object, java.lang.Object)'> (0x00000000ebd45550) 
thrown [s\src\hotspot\share\interpreter\linkResolver.cpp, line 759]
Event: 24.999 Thread 0x00000253ad1eadf0 Exception <a 'java/lang/NoSuchMethodError'{0x00000000ebd49fb0}: 'java.lang.Object java.lang.invoke.Invokers$Holder.linkToTargetMethod(java.lang.Object, java.lang.Object, java.lang.Object, java.lang.Object, java.lang.Object, java.lang.Object, java.lang.Object, java.lang.Object)'> (0x00000000ebd49fb0) 
thrown [s\src\hotspot\share\interpreter\linkResolver.cpp, line 759]
Event: 25.006 Thread 0x00000253ad1eadf0 Exception <a 'java/lang/NoSuchMethodError'{0x00000000ebd5d498}: 'java.lang.Object java.lang.invoke.DirectMethodHandle$Holder.invokeStatic(java.lang.Object, java.lang.Object, int, java.lang.Object, java.lang.Object)'> (0x00000000ebd5d498) 
thrown [s\src\hotspot\share\interpreter\linkResolver.cpp, line 759]
Event: 25.008 Thread 0x00000253ad1eadf0 Exception <a 'java/lang/NoSuchMethodError'{0x00000000ebe09b60}: 'java.lang.Object java.lang.invoke.DirectMethodHandle$Holder.newInvokeSpecial(java.lang.Object, java.lang.Object, int)'> (0x00000000ebe09b60) 
thrown [s\src\hotspot\share\interpreter\linkResolver.cpp, line 759]
Event: 25.030 Thread 0x00000253ad1eadf0 Exception <a 'java/lang/NoSuchMethodError'{0x00000000ebee4f30}: 'void java.lang.invoke.DirectMethodHandle$Holder.invokeStatic(java.lang.Object, int)'> (0x00000000ebee4f30) 
thrown [s\src\hotspot\share\interpreter\linkResolver.cpp, line 759]
Event: 25.188 Thread 0x00000253ad1eadf0 Exception <a 'java/io/FileNotFoundException'{0x00000000eb1cd0a8}> (0x00000000eb1cd0a8) 
thrown [s\src\hotspot\share\prims\jni.cpp, line 516]
Event: 25.630 Thread 0x00000253ad1eadf0 Exception <a 'java/lang/NoSuchMethodError'{0x00000000eb47a5c8}: 'java.lang.Object java.lang.invoke.DirectMethodHandle$Holder.invokeInterface(java.lang.Object, java.lang.Object, java.lang.Object)'> (0x00000000eb47a5c8) 
thrown [s\src\hotspot\share\interpreter\linkResolver.cpp, line 759]
Event: 25.636 Thread 0x00000253ad1eadf0 Exception <a 'java/lang/NoSuchMethodError'{0x00000000eb4ea1d8}: 'int java.lang.invoke.DirectMethodHandle$Holder.invokeSpecialIFC(java.lang.Object, java.lang.Object, java.lang.Object)'> (0x00000000eb4ea1d8) 
thrown [s\src\hotspot\share\interpreter\linkResolver.cpp, line 759]
Event: 25.737 Thread 0x00000253ad1eadf0 Exception <a 'java/lang/NoSuchMethodError'{0x00000000ebd61270}: 'java.lang.Object java.lang.invoke.Invokers$Holder.linkToTargetMethod(java.lang.Object, java.lang.Object, java.lang.Object, java.lang.Object, java.lang.Object, java.lang.Object, java.lang.Object)'> (0x00000000ebd61270) 
thrown [s\src\hotspot\share\interpreter\linkResolver.cpp, line 759]
Event: 25.757 Thread 0x00000253ad1eadf0 Exception <a 'java/lang/NoSuchMethodError'{0x00000000ebee3d40}: 'void java.lang.invoke.DirectMethodHandle$Holder.invokeInterface(java.lang.Object, java.lang.Object)'> (0x00000000ebee3d40) 
thrown [s\src\hotspot\share\interpreter\linkResolver.cpp, line 759]
Event: 25.779 Thread 0x00000253ad1eadf0 Exception <a 'java/lang/NoSuchMethodError'{0x00000000ebfb8fe0}: 'java.lang.Object java.lang.invoke.DirectMethodHandle$Holder.newInvokeSpecial(java.lang.Object, java.lang.Object, java.lang.Object, java.lang.Object, java.lang.Object, java.lang.Object)'> (0x00000000ebfb8fe0) 
thrown [s\src\hotspot\share\interpreter\linkResolver.cpp, line 759]
Event: 25.793 Thread 0x00000253ae248a70 Exception <a 'java/lang/NoSuchMethodError'{0x00000000eaba67a8}: 'void java.lang.invoke.DirectMethodHandle$Holder.invokeSpecial(java.lang.Object, java.lang.Object, java.lang.Object, java.lang.Object, java.lang.Object, java.lang.Object, java.lang.Object, java.lang.Object)'> (0x00000000eaba67a8) 
thrown [s\src\hotspot\share\interpreter\linkResolver.cpp, line 759]
Event: 25.793 Thread 0x00000253ae246c10 Exception <a 'java/lang/NoSuchMethodError'{0x00000000eabeeeb8}: 'void java.lang.invoke.DirectMethodHandle$Holder.invokeSpecial(java.lang.Object, java.lang.Object, java.lang.Object, java.lang.Object, java.lang.Object, java.lang.Object, java.lang.Object, java.lang.Object)'> (0x00000000eabeeeb8) 
thrown [s\src\hotspot\share\interpreter\linkResolver.cpp, line 759]
Event: 27.580 Thread 0x00000253ad1ea3d0 Implicit null exception at 0x000002539c483ce0 to 0x000002539c487830
Event: 27.728 Thread 0x00000253ad1eadf0 Implicit null exception at 0x000002539c0c7960 to 0x000002539c0c7c34
Event: 27.728 Thread 0x00000253ad1eadf0 Implicit null exception at 0x000002539c40c6c9 to 0x000002539c40c9a8

VM Operations (20 events):
Event: 26.459 Executing VM operation: ParallelGCFailedAllocation
Event: 26.604 Executing VM operation: ParallelGCFailedAllocation done
Event: 26.897 Executing VM operation: ParallelGCFailedAllocation
Event: 26.916 Executing VM operation: ParallelGCFailedAllocation done
Event: 27.031 Executing VM operation: ParallelGCFailedAllocation
Event: 27.046 Executing VM operation: ParallelGCFailedAllocation done
Event: 27.108 Executing VM operation: ParallelGCFailedAllocation
Event: 27.117 Executing VM operation: ParallelGCFailedAllocation done
Event: 27.193 Executing VM operation: ParallelGCFailedAllocation
Event: 27.235 Executing VM operation: ParallelGCFailedAllocation done
Event: 27.335 Executing VM operation: ParallelGCFailedAllocation
Event: 27.373 Executing VM operation: ParallelGCFailedAllocation done
Event: 27.580 Executing VM operation: HandshakeAllThreads
Event: 27.604 Executing VM operation: HandshakeAllThreads done
Event: 27.683 Executing VM operation: HandshakeAllThreads
Event: 27.697 Executing VM operation: HandshakeAllThreads done
Event: 27.728 Executing VM operation: HandshakeAllThreads
Event: 27.728 Executing VM operation: HandshakeAllThreads done
Event: 27.740 Executing VM operation: ParallelGCFailedAllocation
Event: 27.770 Executing VM operation: ParallelGCFailedAllocation done

Events (20 events):
Event: 27.760 Thread 0x00000253aa83aaa0 flushing nmethod 0x0000025395451390
Event: 27.760 Thread 0x00000253aa83aaa0 flushing nmethod 0x0000025395451b90
Event: 27.760 Thread 0x00000253aa83aaa0 flushing nmethod 0x000002539545d790
Event: 27.760 Thread 0x00000253aa83aaa0 flushing nmethod 0x000002539545db10
Event: 27.760 Thread 0x00000253aa83aaa0 flushing nmethod 0x0000025395461290
Event: 27.760 Thread 0x00000253aa83aaa0 flushing nmethod 0x0000025395465390
Event: 27.760 Thread 0x00000253aa83aaa0 flushing nmethod 0x0000025395466f90
Event: 27.760 Thread 0x00000253aa83aaa0 flushing nmethod 0x0000025395480b10
Event: 27.760 Thread 0x00000253aa83aaa0 flushing nmethod 0x0000025395489b90
Event: 27.760 Thread 0x00000253aa83aaa0 flushing nmethod 0x000002539548b190
Event: 27.761 Thread 0x00000253aa83aaa0 flushing nmethod 0x00000253954bf990
Event: 27.761 Thread 0x00000253aa83aaa0 flushing nmethod 0x00000253954bfd10
Event: 27.761 Thread 0x00000253aa83aaa0 flushing nmethod 0x00000253954c0610
Event: 27.761 Thread 0x00000253aa83aaa0 flushing nmethod 0x00000253954ed610
Event: 27.761 Thread 0x00000253aa83aaa0 flushing nmethod 0x00000253954f3990
Event: 27.761 Thread 0x00000253aa83aaa0 flushing nmethod 0x00000253954f7d90
Event: 27.761 Thread 0x00000253aa83aaa0 flushing nmethod 0x00000253954f9790
Event: 27.761 Thread 0x00000253aa83aaa0 flushing nmethod 0x000002539551ae10
Event: 27.761 Thread 0x00000253aa83aaa0 flushing nmethod 0x0000025395521310
Event: 27.761 Thread 0x00000253aa83aaa0 flushing nmethod 0x000002539555ab10


Dynamic libraries:
0x00007ff779d00000 - 0x00007ff779d0e000 	c:\Users\Ricky Garcia\.vscode\extensions\redhat.java-1.27.0-win32-x64\jre\17.0.10-win32-x86_64\bin\java.exe
0x00007ff801d30000 - 0x00007ff801f47000 	C:\WINDOWS\SYSTEM32\ntdll.dll
0x00007ff8003e0000 - 0x00007ff8004a4000 	C:\WINDOWS\System32\KERNEL32.DLL
0x00007fffff340000 - 0x00007fffff6e6000 	C:\WINDOWS\System32\KERNELBASE.dll
0x00007fffff770000 - 0x00007fffff881000 	C:\WINDOWS\System32\ucrtbase.dll
0x00007fffd1bd0000 - 0x00007fffd1be7000 	c:\Users\Ricky Garcia\.vscode\extensions\redhat.java-1.27.0-win32-x64\jre\17.0.10-win32-x86_64\bin\jli.dll
0x00007fffe4790000 - 0x00007fffe47ab000 	c:\Users\Ricky Garcia\.vscode\extensions\redhat.java-1.27.0-win32-x64\jre\17.0.10-win32-x86_64\bin\VCRUNTIME140.dll
0x00007fffffe40000 - 0x00007ffffffee000 	C:\WINDOWS\System32\USER32.dll
0x00007fffff200000 - 0x00007fffff226000 	C:\WINDOWS\System32\win32u.dll
0x00007fffd4690000 - 0x00007fffd4923000 	C:\WINDOWS\WinSxS\amd64_microsoft.windows.common-controls_6595b64144ccf1df_6.0.22621.2506_none_270c5ae97388e100\COMCTL32.dll
0x00007ff801b80000 - 0x00007ff801c27000 	C:\WINDOWS\System32\msvcrt.dll
0x00007ff801270000 - 0x00007ff801299000 	C:\WINDOWS\System32\GDI32.dll
0x00007fffff950000 - 0x00007fffffa68000 	C:\WINDOWS\System32\gdi32full.dll
0x00007fffff230000 - 0x00007fffff2ca000 	C:\WINDOWS\System32\msvcp_win.dll
0x00007fffffc40000 - 0x00007fffffc71000 	C:\WINDOWS\System32\IMM32.DLL
0x00007ffffba90000 - 0x00007ffffba9c000 	c:\Users\Ricky Garcia\.vscode\extensions\redhat.java-1.27.0-win32-x64\jre\17.0.10-win32-x86_64\bin\vcruntime140_1.dll
0x00007fffb25f0000 - 0x00007fffb267d000 	c:\Users\Ricky Garcia\.vscode\extensions\redhat.java-1.27.0-win32-x64\jre\17.0.10-win32-x86_64\bin\msvcp140.dll
0x00007fff53d70000 - 0x00007fff549d2000 	c:\Users\Ricky Garcia\.vscode\extensions\redhat.java-1.27.0-win32-x64\jre\17.0.10-win32-x86_64\bin\server\jvm.dll
0x00007ff801c30000 - 0x00007ff801ce3000 	C:\WINDOWS\System32\ADVAPI32.dll
0x00007ff8014c0000 - 0x00007ff801568000 	C:\WINDOWS\System32\sechost.dll
0x00007fffff060000 - 0x00007fffff088000 	C:\WINDOWS\System32\bcrypt.dll
0x00007ff800060000 - 0x00007ff800177000 	C:\WINDOWS\System32\RPCRT4.dll
0x00007fffdb7d0000 - 0x00007fffdb7d9000 	C:\WINDOWS\SYSTEM32\WSOCK32.dll
0x00007ffffdea0000 - 0x00007ffffdeed000 	C:\WINDOWS\SYSTEM32\POWRPROF.dll
0x00007ffff69c0000 - 0x00007ffff69f4000 	C:\WINDOWS\SYSTEM32\WINMM.dll
0x00007fffffa70000 - 0x00007fffffae1000 	C:\WINDOWS\System32\WS2_32.dll
0x00007ffff6700000 - 0x00007ffff670a000 	C:\WINDOWS\SYSTEM32\VERSION.dll
0x00007ffffde80000 - 0x00007ffffde93000 	C:\WINDOWS\SYSTEM32\UMPDC.dll
0x00007ffffe140000 - 0x00007ffffe158000 	C:\WINDOWS\SYSTEM32\kernel.appcore.dll
0x00007fffe51d0000 - 0x00007fffe51da000 	c:\Users\Ricky Garcia\.vscode\extensions\redhat.java-1.27.0-win32-x64\jre\17.0.10-win32-x86_64\bin\jimage.dll
0x00007ffffc440000 - 0x00007ffffc673000 	C:\WINDOWS\SYSTEM32\DBGHELP.DLL
0x00007ff800d10000 - 0x00007ff801099000 	C:\WINDOWS\System32\combase.dll
0x00007fffffb60000 - 0x00007fffffc37000 	C:\WINDOWS\System32\OLEAUT32.dll
0x00007fffeec90000 - 0x00007fffeecc2000 	C:\WINDOWS\SYSTEM32\dbgcore.DLL
0x00007fffff6f0000 - 0x00007fffff76a000 	C:\WINDOWS\System32\bcryptPrimitives.dll
0x00007fffcdac0000 - 0x00007fffcdace000 	c:\Users\Ricky Garcia\.vscode\extensions\redhat.java-1.27.0-win32-x64\jre\17.0.10-win32-x86_64\bin\instrument.dll
0x00007fffccf20000 - 0x00007fffccf45000 	c:\Users\Ricky Garcia\.vscode\extensions\redhat.java-1.27.0-win32-x64\jre\17.0.10-win32-x86_64\bin\java.dll
0x00007fffc68e0000 - 0x00007fffc68f8000 	c:\Users\Ricky Garcia\.vscode\extensions\redhat.java-1.27.0-win32-x64\jre\17.0.10-win32-x86_64\bin\zip.dll
0x00007ff8004b0000 - 0x00007ff800d0a000 	C:\WINDOWS\System32\SHELL32.dll
0x00007ffffcf70000 - 0x00007ffffd866000 	C:\WINDOWS\SYSTEM32\windows.storage.dll
0x00007ffffce30000 - 0x00007ffffcf6e000 	C:\WINDOWS\SYSTEM32\wintypes.dll
0x00007ff8012c0000 - 0x00007ff8013b3000 	C:\WINDOWS\System32\SHCORE.dll
0x00007ff800000000 - 0x00007ff80005e000 	C:\WINDOWS\System32\shlwapi.dll
0x00007ffffef90000 - 0x00007ffffefb6000 	C:\WINDOWS\SYSTEM32\profapi.dll
0x00007fffc68c0000 - 0x00007fffc68d9000 	C:\Users\Ricky Garcia\.vscode\extensions\redhat.java-1.27.0-win32-x64\jre\17.0.10-win32-x86_64\bin\net.dll
0x00007ffff7710000 - 0x00007ffff7847000 	C:\WINDOWS\SYSTEM32\WINHTTP.dll
0x00007ffffe5c0000 - 0x00007ffffe629000 	C:\WINDOWS\system32\mswsock.dll
0x00007fffc21e0000 - 0x00007fffc21f6000 	C:\Users\Ricky Garcia\.vscode\extensions\redhat.java-1.27.0-win32-x64\jre\17.0.10-win32-x86_64\bin\nio.dll
0x00007fffcf060000 - 0x00007fffcf070000 	c:\Users\Ricky Garcia\.vscode\extensions\redhat.java-1.27.0-win32-x64\jre\17.0.10-win32-x86_64\bin\verify.dll
0x00007fffbbf00000 - 0x00007fffbbf3e000 	C:\Users\Ricky Garcia\AppData\Roaming\Code\User\globalStorage\redhat.java\1.27.0\config_win\org.eclipse.equinox.launcher\org.eclipse.equinox.launcher.win32.win32.x86_64_1.2.900.v20240129-1338\eclipse_11900.dll
0x00007ff800180000 - 0x00007ff800320000 	C:\WINDOWS\System32\ole32.dll
0x00007ffffe800000 - 0x00007ffffe81b000 	C:\WINDOWS\SYSTEM32\CRYPTSP.dll
0x00007ffffe0a0000 - 0x00007ffffe0d5000 	C:\WINDOWS\system32\rsaenh.dll
0x00007ffffe680000 - 0x00007ffffe6ac000 	C:\WINDOWS\SYSTEM32\USERENV.dll
0x00007ffffe820000 - 0x00007ffffe82c000 	C:\WINDOWS\SYSTEM32\CRYPTBASE.dll
0x00007ffffdb40000 - 0x00007ffffdb6d000 	C:\WINDOWS\SYSTEM32\IPHLPAPI.DLL
0x00007ff8015c0000 - 0x00007ff8015c9000 	C:\WINDOWS\System32\NSI.dll
0x00007ffff7910000 - 0x00007ffff7929000 	C:\WINDOWS\SYSTEM32\dhcpcsvc6.DLL
0x00007ffff76d0000 - 0x00007ffff76ef000 	C:\WINDOWS\SYSTEM32\dhcpcsvc.DLL
0x00007ffffdb70000 - 0x00007ffffdc69000 	C:\WINDOWS\SYSTEM32\DNSAPI.dll
0x00007fffb1a30000 - 0x00007fffb1a75000 	C:\Users\Ricky Garcia\AppData\Local\Temp\jna-612083421\jna1407778985066862528.dll
0x00007ff800320000 - 0x00007ff800328000 	C:\WINDOWS\System32\PSAPI.DLL

dbghelp: loaded successfully - version: 4.0.5 - missing functions: none
symbol engine: initialized successfully - sym options: 0x614 - pdb path: .;c:\Users\Ricky Garcia\.vscode\extensions\redhat.java-1.27.0-win32-x64\jre\17.0.10-win32-x86_64\bin;C:\WINDOWS\SYSTEM32;C:\WINDOWS\WinSxS\amd64_microsoft.windows.common-controls_6595b64144ccf1df_6.0.22621.2506_none_270c5ae97388e100;c:\Users\Ricky Garcia\.vscode\extensions\redhat.java-1.27.0-win32-x64\jre\17.0.10-win32-x86_64\bin\server;C:\Users\Ricky Garcia\AppData\Roaming\Code\User\globalStorage\redhat.java\1.27.0\config_win\org.eclipse.equinox.launcher\org.eclipse.equinox.launcher.win32.win32.x86_64_1.2.900.v20240129-1338;C:\Users\Ricky Garcia\AppData\Local\Temp\jna-612083421

VM Arguments:
jvm_args: --add-modules=ALL-SYSTEM --add-opens=java.base/java.util=ALL-UNNAMED --add-opens=java.base/java.lang=ALL-UNNAMED --add-opens=java.base/sun.nio.fs=ALL-UNNAMED -Declipse.application=org.eclipse.jdt.ls.core.id1 -Dosgi.bundles.defaultStartLevel=4 -Declipse.product=org.eclipse.jdt.ls.core.product -Djava.import.generatesMetadataFilesAtProjectRoot=false -DDetectVMInstallationsJob.disabled=true -Dfile.encoding=utf8 -XX:+UseParallelGC -XX:GCTimeRatio=4 -XX:AdaptiveSizePolicyWeight=90 -Dsun.zip.disableMemoryMapping=true -Xmx1G -Xms100m -Xlog:disable -javaagent:c:\Users\Ricky Garcia\.vscode\extensions\redhat.java-1.27.0-win32-x64\lombok\lombok-1.18.31.jar -XX:+HeapDumpOnOutOfMemoryError -XX:HeapDumpPath=c:\Users\Ricky Garcia\AppData\Roaming\Code\User\workspaceStorage\fa0a1e08c69df178198f0c09288cdad3\redhat.java -Daether.dependencyCollector.impl=bf 
java_command: c:\Users\Ricky Garcia\.vscode\extensions\redhat.java-1.27.0-win32-x64\server\plugins\org.eclipse.equinox.launcher_1.6.700.v20231214-2017.jar -configuration c:\Users\Ricky Garcia\AppData\Roaming\Code\User\globalStorage\redhat.java\1.27.0\config_win -data c:\Users\Ricky Garcia\AppData\Roaming\Code\User\workspaceStorage\fa0a1e08c69df178198f0c09288cdad3\redhat.java\jdt_ws --stdio
java_class_path (initial): c:\Users\Ricky Garcia\.vscode\extensions\redhat.java-1.27.0-win32-x64\server\plugins\org.eclipse.equinox.launcher_1.6.700.v20231214-2017.jar
Launcher Type: SUN_STANDARD

[Global flags]
    uintx AdaptiveSizePolicyWeight                 = 90                                        {product} {command line}
     intx CICompilerCount                          = 4                                         {product} {ergonomic}
    uintx GCTimeRatio                              = 4                                         {product} {command line}
     bool HeapDumpOnOutOfMemoryError               = true                                   {manageable} {command line}
    ccstr HeapDumpPath                             = c:\Users\Ricky Garcia\AppData\Roaming\Code\User\workspaceStorage\fa0a1e08c69df178198f0c09288cdad3\redhat.java         {manageable} {command line}
   size_t InitialHeapSize                          = 104857600                                 {product} {command line}
   size_t MaxHeapSize                              = 1073741824                                {product} {command line}
   size_t MaxNewSize                               = 357564416                                 {product} {ergonomic}
   size_t MinHeapDeltaBytes                        = 524288                                    {product} {ergonomic}
   size_t MinHeapSize                              = 104857600                                 {product} {command line}
   size_t NewSize                                  = 34603008                                  {product} {ergonomic}
    uintx NonNMethodCodeHeapSize                   = 5839372                                {pd product} {ergonomic}
    uintx NonProfiledCodeHeapSize                  = 122909434                              {pd product} {ergonomic}
   size_t OldSize                                  = 70254592                                  {product} {ergonomic}
    uintx ProfiledCodeHeapSize                     = 122909434                              {pd product} {ergonomic}
    uintx ReservedCodeCacheSize                    = 251658240                              {pd product} {ergonomic}
     bool SegmentedCodeCache                       = true                                      {product} {ergonomic}
   size_t SoftMaxHeapSize                          = 1073741824                             {manageable} {ergonomic}
     bool UseCompressedClassPointers               = true                           {product lp64_product} {ergonomic}
     bool UseCompressedOops                        = true                           {product lp64_product} {ergonomic}
     bool UseLargePagesIndividualAllocation        = false                                  {pd product} {ergonomic}
     bool UseParallelGC                            = true                                      {product} {command line}

Logging:
Log output configuration:
 #0: stdout all=off uptime,level,tags
 #1: stderr all=off uptime,level,tags

Environment Variables:
JAVA_HOME=C:\jdk21\
PATH=C:\jdk21\bin;C:\Windows\system32;C:\Windows;C:\Windows\System32\Wbem;C:\Windows\System32\WindowsPowerShell\v1.0\;C:\Windows\System32\OpenSSH\;C:\Program Files (x86)\NVIDIA Corporation\PhysX\Common;C:\Program Files\NVIDIA Corporation\NVIDIA NvDLISR;C:\WINDOWS\system32;C:\WINDOWS;C:\WINDOWS\System32\Wbem;C:\WINDOWS\System32\WindowsPowerShell\v1.0\;C:\WINDOWS\System32\OpenSSH\;C:\Program Files\Microsoft SQL Server\150\Tools\Binn\;C:\Program Files\Microsoft SQL Server\Client SDK\ODBC\170\Tools\Binn\;C:\Program Files\dotnet\;C:\Program Files (x86)\Microsoft SQL Server\160\Tools\Binn\;C:\Program Files\Microsoft SQL Server\160\Tools\Binn\;C:\Program Files\Microsoft SQL Server\160\DTS\Binn\;C:\Program Files (x86)\Microsoft SQL Server\160\DTS\Binn\;C:\Program Files\Azure Data Studio\bin;C:\Program Files\Git\cmd;C:\Program Files\Git\bin;C:\Program Files\nodejs\;C:\Program Files\Docker\Docker\resources\bin;C:\Users\Ricky Garcia\AppData\Local\Microsoft\WindowsApps;C:\Users\Ricky Garcia\.dotnet\tools;C:\Program Files\Azure Data Studio\bin;C:\Users\Ricky Garcia\AppData\Local\Programs\Microsoft VS Code\bin;C:\Program Files\PostgreSQL\16\bin;C:\Users\Ricky Garcia\AppData\Roaming\npm
USERNAME=RickyGarcia
OS=Windows_NT
PROCESSOR_IDENTIFIER=Intel64 Family 6 Model 165 Stepping 2, GenuineIntel
TMP=C:\Users\RICKYG~1\AppData\Local\Temp
TEMP=C:\Users\RICKYG~1\AppData\Local\Temp



Periodic native trim disabled


---------------  S Y S T E M  ---------------

OS:
 Windows 11 , 64 bit Build 22621 (10.0.22621.2506)
OS uptime: 0 days 23:21 hours
Hyper-V role detected

CPU: total 12 (initial active 12) (6 cores per cpu, 2 threads per core) family 6 model 165 stepping 2 microcode 0xf8, cx8, cmov, fxsr, ht, mmx, 3dnowpref, sse, sse2, sse3, ssse3, sse4.1, sse4.2, popcnt, lzcnt, tsc, tscinvbit, avx, avx2, aes, erms, clmul, bmi1, bmi2, adx, fma, vzeroupper, clflush, clflushopt, hv
Processor Information for all 12 processors :
  Max Mhz: 2496, Current Mhz: 2496, Mhz Limit: 2496

Memory: 4k page, system-wide physical 7967M (238M free)
TotalPageFile size 32543M (AvailPageFile size 5M)
current process WorkingSet (physical memory assigned to process): 341M, peak: 343M
current process commit charge ("private bytes"): 374M, peak: 383M

vm_info: OpenJDK 64-Bit Server VM (17.0.10+7) for windows-amd64 JRE (17.0.10+7), built on Jan 16 2024 23:25:11 by "admin" with MS VC++ 16.10 / 16.11 (VS2019)

END.
