#
# There is insufficient memory for the Java Runtime Environment to continue.
# Native memory allocation (malloc) failed to allocate 724080 bytes for Chunk::new
# Possible reasons:
#   The system is out of physical RAM or swap space
#   The process is running with CompressedOops enabled, and the Java Heap may be blocking the growth of the native heap
# Possible solutions:
#   Reduce memory load on the system
#   Increase physical memory or swap space
#   Check if swap backing store is full
#   Decrease Java heap size (-Xmx/-Xms)
#   Decrease number of Java threads
#   Decrease Java thread stack sizes (-Xss)
#   Set larger code cache with -XX:ReservedCodeCacheSize=
#   JVM is running with Unscaled Compressed Oops mode in which the Java heap is
#     placed in the first 4GB address space. The Java Heap base address is the
#     maximum limit for the native heap growth. Please use -XX:HeapBaseMinAddress
#     to set the Java Heap base and to place the Java Heap above 4GB virtual address.
# This output file may be truncated or incomplete.
#
#  Out of Memory Error (arena.cpp:168), pid=4412, tid=10836
#
# JRE version: OpenJDK Runtime Environment Temurin-21.0.1+12 (21.0.1+12) (build 21.0.1+12-LTS)
# Java VM: OpenJDK 64-Bit Server VM Temurin-21.0.1+12 (21.0.1+12-LTS, mixed mode, sharing, tiered, compressed oops, compressed class ptrs, g1 gc, windows-amd64)
# No core dump will be written. Minidumps are not enabled by default on client versions of Windows
#

---------------  S U M M A R Y ------------

Command Line: -Dmaven.multiModuleProjectDirectory=C:\Users\Ricky Garcia\OneDrive\Escritorio\Arquitectura\2P\clientes org.apache.maven.wrapper.MavenWrapperMain package -f c:\Users\Ricky Garcia\OneDrive\Escritorio\Arquitectura\2P\clientes\pom.xml

Host: Intel(R) Core(TM) i5-10500H CPU @ 2.50GHz, 12 cores, 7G,  Windows 11 , 64 bit Build 22621 (10.0.22621.2506)
Time: Sun Feb 11 20:30:49 2024 SA Pacific Standard Time elapsed time: 7.916770 seconds (0d 0h 0m 7s)

---------------  T H R E A D  ---------------

Current thread (0x000002ec129eb9c0):  JavaThread "C2 CompilerThread2" daemon [_thread_in_native, id=10836, stack(0x000000f2fbd00000,0x000000f2fbe00000) (1024K)]


Current CompileTask:
C2:   7916 4633       4       org.apache.maven.model.inheritance.DefaultInheritanceAssembler$InheritanceModelMerger::mergePlugin (71 bytes)

Stack: [0x000000f2fbd00000,0x000000f2fbe00000]
Native frames: (J=compiled Java code, j=interpreted, Vv=VM code, C=native code)
V  [jvm.dll+0x6c7789]
V  [jvm.dll+0x8a2011]
V  [jvm.dll+0x8a44ae]
V  [jvm.dll+0x8a4b83]
V  [jvm.dll+0x27f936]
V  [jvm.dll+0xc498d]
V  [jvm.dll+0xc4ea3]
V  [jvm.dll+0x3b375c]
V  [jvm.dll+0x1e0e29]
V  [jvm.dll+0x248042]
V  [jvm.dll+0x2474cf]
V  [jvm.dll+0x1c8ae1]
V  [jvm.dll+0x256c69]
V  [jvm.dll+0x25523a]
V  [jvm.dll+0x3ecc86]
V  [jvm.dll+0x84af3b]
V  [jvm.dll+0x6c5ebd]
C  [ucrtbase.dll+0x29363]
C  [KERNEL32.DLL+0x1257d]
C  [ntdll.dll+0x5aa58]


---------------  P R O C E S S  ---------------

Threads class SMR info:
_java_thread_list=0x000002ec131cae60, length=13, elements={
0x000002ebadb11260, 0x000002ebccd62f80, 0x000002ebccd65f60, 0x000002ebccd68a10,
0x000002ebccd69470, 0x000002ebccd6a840, 0x000002ebccd6b3d0, 0x000002ebccd78f20,
0x000002ebccd9bb90, 0x000002ec12155da0, 0x000002ec12159a00, 0x000002ec125e3dd0,
0x000002ec129eb9c0
}

Java Threads: ( => current thread )
  0x000002ebadb11260 JavaThread "main"                              [_thread_in_Java, id=6260, stack(0x000000f2faa00000,0x000000f2fab00000) (1024K)]
  0x000002ebccd62f80 JavaThread "Reference Handler"          daemon [_thread_blocked, id=5156, stack(0x000000f2fb200000,0x000000f2fb300000) (1024K)]
  0x000002ebccd65f60 JavaThread "Finalizer"                  daemon [_thread_blocked, id=25868, stack(0x000000f2fb300000,0x000000f2fb400000) (1024K)]
  0x000002ebccd68a10 JavaThread "Signal Dispatcher"          daemon [_thread_blocked, id=4484, stack(0x000000f2fb400000,0x000000f2fb500000) (1024K)]
  0x000002ebccd69470 JavaThread "Attach Listener"            daemon [_thread_blocked, id=21512, stack(0x000000f2fb500000,0x000000f2fb600000) (1024K)]
  0x000002ebccd6a840 JavaThread "Service Thread"             daemon [_thread_blocked, id=22944, stack(0x000000f2fb600000,0x000000f2fb700000) (1024K)]
  0x000002ebccd6b3d0 JavaThread "Monitor Deflation Thread"   daemon [_thread_blocked, id=13252, stack(0x000000f2fb700000,0x000000f2fb800000) (1024K)]
  0x000002ebccd78f20 JavaThread "C2 CompilerThread0"         daemon [_thread_in_native, id=2836, stack(0x000000f2fb800000,0x000000f2fb900000) (1024K)]
  0x000002ebccd9bb90 JavaThread "C1 CompilerThread0"         daemon [_thread_blocked, id=8508, stack(0x000000f2fb900000,0x000000f2fba00000) (1024K)]
  0x000002ec12155da0 JavaThread "Notification Thread"        daemon [_thread_blocked, id=13752, stack(0x000000f2fba00000,0x000000f2fbb00000) (1024K)]
  0x000002ec12159a00 JavaThread "Common-Cleaner"             daemon [_thread_blocked, id=21036, stack(0x000000f2fbb00000,0x000000f2fbc00000) (1024K)]
  0x000002ec125e3dd0 JavaThread "C2 CompilerThread1"         daemon [_thread_in_native, id=22760, stack(0x000000f2fbc00000,0x000000f2fbd00000) (1024K)]
=>0x000002ec129eb9c0 JavaThread "C2 CompilerThread2"         daemon [_thread_in_native, id=10836, stack(0x000000f2fbd00000,0x000000f2fbe00000) (1024K)]
Total: 13

Other Threads:
  0x000002ebccd45470 VMThread "VM Thread"                           [id=13696, stack(0x000000f2fb100000,0x000000f2fb200000) (1024K)]
  0x000002ebccd2ba00 WatcherThread "VM Periodic Task Thread"        [id=24772, stack(0x000000f2fb000000,0x000000f2fb100000) (1024K)]
  0x000002ebafe5c770 WorkerThread "GC Thread#0"                     [id=27220, stack(0x000000f2fab00000,0x000000f2fac00000) (1024K)]
  0x000002ec12d90b40 WorkerThread "GC Thread#1"                     [id=932, stack(0x000000f2fbe00000,0x000000f2fbf00000) (1024K)]
  0x000002ec12bf98d0 WorkerThread "GC Thread#2"                     [id=17812, stack(0x000000f2fbf00000,0x000000f2fc000000) (1024K)]
  0x000002ec12b78e50 WorkerThread "GC Thread#3"                     [id=2772, stack(0x000000f2fc000000,0x000000f2fc100000) (1024K)]
  0x000002ec12e8c4a0 WorkerThread "GC Thread#4"                     [id=19180, stack(0x000000f2fc100000,0x000000f2fc200000) (1024K)]
  0x000002ec12e8c840 WorkerThread "GC Thread#5"                     [id=25848, stack(0x000000f2fc200000,0x000000f2fc300000) (1024K)]
  0x000002ec12e8cbe0 WorkerThread "GC Thread#6"                     [id=1480, stack(0x000000f2fc300000,0x000000f2fc400000) (1024K)]
  0x000002ec12e8cf80 WorkerThread "GC Thread#7"                     [id=18688, stack(0x000000f2fc400000,0x000000f2fc500000) (1024K)]
  0x000002ec12e8f330 WorkerThread "GC Thread#8"                     [id=27548, stack(0x000000f2fc500000,0x000000f2fc600000) (1024K)]
  0x000002ec12cc5aa0 WorkerThread "GC Thread#9"                     [id=11564, stack(0x000000f2fc600000,0x000000f2fc700000) (1024K)]
  0x000002ebafe6d9a0 ConcurrentGCThread "G1 Main Marker"            [id=14812, stack(0x000000f2fac00000,0x000000f2fad00000) (1024K)]
  0x000002ebafe6e4a0 WorkerThread "G1 Conc#0"                       [id=14560, stack(0x000000f2fad00000,0x000000f2fae00000) (1024K)]
  0x000002ebafece900 ConcurrentGCThread "G1 Refine#0"               [id=27312, stack(0x000000f2fae00000,0x000000f2faf00000) (1024K)]
  0x000002ebccbfc680 ConcurrentGCThread "G1 Service"                [id=23180, stack(0x000000f2faf00000,0x000000f2fb000000) (1024K)]
Total: 16

Threads with active compile tasks:
C2 CompilerThread0     7960 4730   !   4       sun.nio.cs.StreamDecoder::read0 (59 bytes)
C2 CompilerThread1     7960 4731   !   4       sun.net.www.ParseUtil::decode (349 bytes)
C2 CompilerThread2     7960 4633       4       org.apache.maven.model.inheritance.DefaultInheritanceAssembler$InheritanceModelMerger::mergePlugin (71 bytes)
Total: 3

VM state: not at safepoint (normal execution)

VM Mutex/Monitor currently owned by a thread: None

Heap address: 0x0000000083800000, size: 1992 MB, Compressed Oops mode: 32-bit

CDS archive(s) mapped at: [0x000002ebcd000000-0x000002ebcdc90000-0x000002ebcdc90000), size 13172736, SharedBaseAddress: 0x000002ebcd000000, ArchiveRelocationMode: 1.
Compressed class space mapped at: 0x000002ebce000000-0x000002ec0e000000, reserved size: 1073741824
Narrow klass base: 0x000002ebcd000000, Narrow klass shift: 0, Narrow klass range: 0x100000000

GC Precious Log:
 CardTable entry size: 512
 Card Set container configuration: InlinePtr #cards 5 size 8 Array Of Cards #cards 12 size 40 Howl #buckets 4 coarsen threshold 1843 Howl Bitmap #cards 512 size 80 coarsen threshold 460 Card regions per heap region 1 cards per card region 2048
 CPUs: 12 total, 12 available
 Memory: 7967M
 Large Page Support: Disabled
 NUMA Support: Disabled
 Compressed Oops: Enabled (32-bit)
 Heap Region Size: 1M
 Heap Min Capacity: 8M
 Heap Initial Capacity: 126M
 Heap Max Capacity: 1992M
 Pre-touch: Disabled
 Parallel Workers: 10
 Concurrent Workers: 3
 Concurrent Refinement Workers: 10
 Periodic GC: Disabled

Heap:
 garbage-first heap   total 129024K, used 75038K [0x0000000083800000, 0x0000000100000000)
  region size 1024K, 71 young (72704K), 10 survivors (10240K)
 Metaspace       used 17303K, committed 17600K, reserved 1114112K
  class space    used 1936K, committed 2048K, reserved 1048576K

Heap Regions: E=young(eden), S=young(survivor), O=old, HS=humongous(starts), HC=humongous(continues), CS=collection set, F=free, TAMS=top-at-mark-start, PB=parsable bottom
|   0|0x0000000083800000, 0x0000000083900000, 0x0000000083900000|100%| O|  |TAMS 0x0000000083800000| PB 0x0000000083800000| Untracked 
|   1|0x0000000083900000, 0x0000000083a00000, 0x0000000083a00000|100%| O|  |TAMS 0x0000000083900000| PB 0x0000000083900000| Untracked 
|   2|0x0000000083a00000, 0x0000000083b00000, 0x0000000083b00000|100%| O|  |TAMS 0x0000000083a00000| PB 0x0000000083a00000| Untracked 
|   3|0x0000000083b00000, 0x0000000083bcafd8, 0x0000000083c00000| 79%| O|  |TAMS 0x0000000083b00000| PB 0x0000000083b00000| Untracked 
|   4|0x0000000083c00000, 0x0000000083c00000, 0x0000000083d00000|  0%| F|  |TAMS 0x0000000083c00000| PB 0x0000000083c00000| Untracked 
|   5|0x0000000083d00000, 0x0000000083d00000, 0x0000000083e00000|  0%| F|  |TAMS 0x0000000083d00000| PB 0x0000000083d00000| Untracked 
|   6|0x0000000083e00000, 0x0000000083e00000, 0x0000000083f00000|  0%| F|  |TAMS 0x0000000083e00000| PB 0x0000000083e00000| Untracked 
|   7|0x0000000083f00000, 0x0000000083f00000, 0x0000000084000000|  0%| F|  |TAMS 0x0000000083f00000| PB 0x0000000083f00000| Untracked 
|   8|0x0000000084000000, 0x0000000084000000, 0x0000000084100000|  0%| F|  |TAMS 0x0000000084000000| PB 0x0000000084000000| Untracked 
|   9|0x0000000084100000, 0x0000000084100000, 0x0000000084200000|  0%| F|  |TAMS 0x0000000084100000| PB 0x0000000084100000| Untracked 
|  10|0x0000000084200000, 0x0000000084200000, 0x0000000084300000|  0%| F|  |TAMS 0x0000000084200000| PB 0x0000000084200000| Untracked 
|  11|0x0000000084300000, 0x0000000084300000, 0x0000000084400000|  0%| F|  |TAMS 0x0000000084300000| PB 0x0000000084300000| Untracked 
|  12|0x0000000084400000, 0x0000000084400000, 0x0000000084500000|  0%| F|  |TAMS 0x0000000084400000| PB 0x0000000084400000| Untracked 
|  13|0x0000000084500000, 0x0000000084500000, 0x0000000084600000|  0%| F|  |TAMS 0x0000000084500000| PB 0x0000000084500000| Untracked 
|  14|0x0000000084600000, 0x0000000084600000, 0x0000000084700000|  0%| F|  |TAMS 0x0000000084600000| PB 0x0000000084600000| Untracked 
|  15|0x0000000084700000, 0x0000000084700000, 0x0000000084800000|  0%| F|  |TAMS 0x0000000084700000| PB 0x0000000084700000| Untracked 
|  16|0x0000000084800000, 0x0000000084800000, 0x0000000084900000|  0%| F|  |TAMS 0x0000000084800000| PB 0x0000000084800000| Untracked 
|  17|0x0000000084900000, 0x0000000084900000, 0x0000000084a00000|  0%| F|  |TAMS 0x0000000084900000| PB 0x0000000084900000| Untracked 
|  18|0x0000000084a00000, 0x0000000084a00000, 0x0000000084b00000|  0%| F|  |TAMS 0x0000000084a00000| PB 0x0000000084a00000| Untracked 
|  19|0x0000000084b00000, 0x0000000084b00000, 0x0000000084c00000|  0%| F|  |TAMS 0x0000000084b00000| PB 0x0000000084b00000| Untracked 
|  20|0x0000000084c00000, 0x0000000084c00000, 0x0000000084d00000|  0%| F|  |TAMS 0x0000000084c00000| PB 0x0000000084c00000| Untracked 
|  21|0x0000000084d00000, 0x0000000084d00000, 0x0000000084e00000|  0%| F|  |TAMS 0x0000000084d00000| PB 0x0000000084d00000| Untracked 
|  22|0x0000000084e00000, 0x0000000084e00000, 0x0000000084f00000|  0%| F|  |TAMS 0x0000000084e00000| PB 0x0000000084e00000| Untracked 
|  23|0x0000000084f00000, 0x0000000084f00000, 0x0000000085000000|  0%| F|  |TAMS 0x0000000084f00000| PB 0x0000000084f00000| Untracked 
|  24|0x0000000085000000, 0x0000000085000000, 0x0000000085100000|  0%| F|  |TAMS 0x0000000085000000| PB 0x0000000085000000| Untracked 
|  25|0x0000000085100000, 0x0000000085100000, 0x0000000085200000|  0%| F|  |TAMS 0x0000000085100000| PB 0x0000000085100000| Untracked 
|  26|0x0000000085200000, 0x0000000085200000, 0x0000000085300000|  0%| F|  |TAMS 0x0000000085200000| PB 0x0000000085200000| Untracked 
|  27|0x0000000085300000, 0x0000000085300000, 0x0000000085400000|  0%| F|  |TAMS 0x0000000085300000| PB 0x0000000085300000| Untracked 
|  28|0x0000000085400000, 0x0000000085400000, 0x0000000085500000|  0%| F|  |TAMS 0x0000000085400000| PB 0x0000000085400000| Untracked 
|  29|0x0000000085500000, 0x0000000085500000, 0x0000000085600000|  0%| F|  |TAMS 0x0000000085500000| PB 0x0000000085500000| Untracked 
|  30|0x0000000085600000, 0x0000000085600000, 0x0000000085700000|  0%| F|  |TAMS 0x0000000085600000| PB 0x0000000085600000| Untracked 
|  31|0x0000000085700000, 0x0000000085700000, 0x0000000085800000|  0%| F|  |TAMS 0x0000000085700000| PB 0x0000000085700000| Untracked 
|  32|0x0000000085800000, 0x0000000085800000, 0x0000000085900000|  0%| F|  |TAMS 0x0000000085800000| PB 0x0000000085800000| Untracked 
|  33|0x0000000085900000, 0x0000000085900000, 0x0000000085a00000|  0%| F|  |TAMS 0x0000000085900000| PB 0x0000000085900000| Untracked 
|  34|0x0000000085a00000, 0x0000000085a00000, 0x0000000085b00000|  0%| F|  |TAMS 0x0000000085a00000| PB 0x0000000085a00000| Untracked 
|  35|0x0000000085b00000, 0x0000000085b00000, 0x0000000085c00000|  0%| F|  |TAMS 0x0000000085b00000| PB 0x0000000085b00000| Untracked 
|  36|0x0000000085c00000, 0x0000000085c00000, 0x0000000085d00000|  0%| F|  |TAMS 0x0000000085c00000| PB 0x0000000085c00000| Untracked 
|  37|0x0000000085d00000, 0x0000000085d00000, 0x0000000085e00000|  0%| F|  |TAMS 0x0000000085d00000| PB 0x0000000085d00000| Untracked 
|  38|0x0000000085e00000, 0x0000000085e00000, 0x0000000085f00000|  0%| F|  |TAMS 0x0000000085e00000| PB 0x0000000085e00000| Untracked 
|  39|0x0000000085f00000, 0x0000000085f00000, 0x0000000086000000|  0%| F|  |TAMS 0x0000000085f00000| PB 0x0000000085f00000| Untracked 
|  40|0x0000000086000000, 0x0000000086000000, 0x0000000086100000|  0%| F|  |TAMS 0x0000000086000000| PB 0x0000000086000000| Untracked 
|  41|0x0000000086100000, 0x000000008617ca40, 0x0000000086200000| 48%| S|CS|TAMS 0x0000000086100000| PB 0x0000000086100000| Complete 
|  42|0x0000000086200000, 0x0000000086300000, 0x0000000086300000|100%| S|CS|TAMS 0x0000000086200000| PB 0x0000000086200000| Complete 
|  43|0x0000000086300000, 0x0000000086400000, 0x0000000086400000|100%| S|CS|TAMS 0x0000000086300000| PB 0x0000000086300000| Complete 
|  44|0x0000000086400000, 0x0000000086500000, 0x0000000086500000|100%| S|CS|TAMS 0x0000000086400000| PB 0x0000000086400000| Complete 
|  45|0x0000000086500000, 0x0000000086600000, 0x0000000086600000|100%| S|CS|TAMS 0x0000000086500000| PB 0x0000000086500000| Complete 
|  46|0x0000000086600000, 0x0000000086700000, 0x0000000086700000|100%| S|CS|TAMS 0x0000000086600000| PB 0x0000000086600000| Complete 
|  47|0x0000000086700000, 0x0000000086800000, 0x0000000086800000|100%| S|CS|TAMS 0x0000000086700000| PB 0x0000000086700000| Complete 
|  48|0x0000000086800000, 0x0000000086900000, 0x0000000086900000|100%| S|CS|TAMS 0x0000000086800000| PB 0x0000000086800000| Complete 
|  49|0x0000000086900000, 0x0000000086a00000, 0x0000000086a00000|100%| S|CS|TAMS 0x0000000086900000| PB 0x0000000086900000| Complete 
|  50|0x0000000086a00000, 0x0000000086b00000, 0x0000000086b00000|100%| S|CS|TAMS 0x0000000086a00000| PB 0x0000000086a00000| Complete 
|  51|0x0000000086b00000, 0x0000000086b00000, 0x0000000086c00000|  0%| F|  |TAMS 0x0000000086b00000| PB 0x0000000086b00000| Untracked 
|  52|0x0000000086c00000, 0x0000000086c00000, 0x0000000086d00000|  0%| F|  |TAMS 0x0000000086c00000| PB 0x0000000086c00000| Untracked 
|  53|0x0000000086d00000, 0x0000000086d00000, 0x0000000086e00000|  0%| F|  |TAMS 0x0000000086d00000| PB 0x0000000086d00000| Untracked 
|  54|0x0000000086e00000, 0x0000000086e00000, 0x0000000086f00000|  0%| F|  |TAMS 0x0000000086e00000| PB 0x0000000086e00000| Untracked 
|  55|0x0000000086f00000, 0x0000000086f00000, 0x0000000087000000|  0%| F|  |TAMS 0x0000000086f00000| PB 0x0000000086f00000| Untracked 
|  56|0x0000000087000000, 0x0000000087000000, 0x0000000087100000|  0%| F|  |TAMS 0x0000000087000000| PB 0x0000000087000000| Untracked 
|  57|0x0000000087100000, 0x0000000087100000, 0x0000000087200000|  0%| F|  |TAMS 0x0000000087100000| PB 0x0000000087100000| Untracked 
|  58|0x0000000087200000, 0x0000000087200000, 0x0000000087300000|  0%| F|  |TAMS 0x0000000087200000| PB 0x0000000087200000| Untracked 
|  59|0x0000000087300000, 0x0000000087300000, 0x0000000087400000|  0%| F|  |TAMS 0x0000000087300000| PB 0x0000000087300000| Untracked 
|  60|0x0000000087400000, 0x0000000087400000, 0x0000000087500000|  0%| F|  |TAMS 0x0000000087400000| PB 0x0000000087400000| Untracked 
|  61|0x0000000087500000, 0x0000000087500000, 0x0000000087600000|  0%| F|  |TAMS 0x0000000087500000| PB 0x0000000087500000| Untracked 
|  62|0x0000000087600000, 0x0000000087600000, 0x0000000087700000|  0%| F|  |TAMS 0x0000000087600000| PB 0x0000000087600000| Untracked 
|  63|0x0000000087700000, 0x0000000087700000, 0x0000000087800000|  0%| F|  |TAMS 0x0000000087700000| PB 0x0000000087700000| Untracked 
|  64|0x0000000087800000, 0x0000000087800000, 0x0000000087900000|  0%| F|  |TAMS 0x0000000087800000| PB 0x0000000087800000| Untracked 
|  65|0x0000000087900000, 0x0000000087980800, 0x0000000087a00000| 50%| E|  |TAMS 0x0000000087900000| PB 0x0000000087900000| Complete 
|  66|0x0000000087a00000, 0x0000000087b00000, 0x0000000087b00000|100%| E|CS|TAMS 0x0000000087a00000| PB 0x0000000087a00000| Complete 
|  67|0x0000000087b00000, 0x0000000087c00000, 0x0000000087c00000|100%| E|CS|TAMS 0x0000000087b00000| PB 0x0000000087b00000| Complete 
|  68|0x0000000087c00000, 0x0000000087d00000, 0x0000000087d00000|100%| E|CS|TAMS 0x0000000087c00000| PB 0x0000000087c00000| Complete 
|  69|0x0000000087d00000, 0x0000000087e00000, 0x0000000087e00000|100%| E|CS|TAMS 0x0000000087d00000| PB 0x0000000087d00000| Complete 
|  70|0x0000000087e00000, 0x0000000087f00000, 0x0000000087f00000|100%| E|CS|TAMS 0x0000000087e00000| PB 0x0000000087e00000| Complete 
|  71|0x0000000087f00000, 0x0000000088000000, 0x0000000088000000|100%| E|CS|TAMS 0x0000000087f00000| PB 0x0000000087f00000| Complete 
|  72|0x0000000088000000, 0x0000000088100000, 0x0000000088100000|100%| E|CS|TAMS 0x0000000088000000| PB 0x0000000088000000| Complete 
|  73|0x0000000088100000, 0x0000000088200000, 0x0000000088200000|100%| E|CS|TAMS 0x0000000088100000| PB 0x0000000088100000| Complete 
|  74|0x0000000088200000, 0x0000000088300000, 0x0000000088300000|100%| E|CS|TAMS 0x0000000088200000| PB 0x0000000088200000| Complete 
|  75|0x0000000088300000, 0x0000000088400000, 0x0000000088400000|100%| E|CS|TAMS 0x0000000088300000| PB 0x0000000088300000| Complete 
|  76|0x0000000088400000, 0x0000000088500000, 0x0000000088500000|100%| E|CS|TAMS 0x0000000088400000| PB 0x0000000088400000| Complete 
|  77|0x0000000088500000, 0x0000000088600000, 0x0000000088600000|100%| E|CS|TAMS 0x0000000088500000| PB 0x0000000088500000| Complete 
|  78|0x0000000088600000, 0x0000000088700000, 0x0000000088700000|100%| E|CS|TAMS 0x0000000088600000| PB 0x0000000088600000| Complete 
|  79|0x0000000088700000, 0x0000000088800000, 0x0000000088800000|100%| E|CS|TAMS 0x0000000088700000| PB 0x0000000088700000| Complete 
|  80|0x0000000088800000, 0x0000000088900000, 0x0000000088900000|100%| E|CS|TAMS 0x0000000088800000| PB 0x0000000088800000| Complete 
|  81|0x0000000088900000, 0x0000000088a00000, 0x0000000088a00000|100%| E|CS|TAMS 0x0000000088900000| PB 0x0000000088900000| Complete 
|  82|0x0000000088a00000, 0x0000000088b00000, 0x0000000088b00000|100%| E|CS|TAMS 0x0000000088a00000| PB 0x0000000088a00000| Complete 
|  83|0x0000000088b00000, 0x0000000088c00000, 0x0000000088c00000|100%| E|CS|TAMS 0x0000000088b00000| PB 0x0000000088b00000| Complete 
|  84|0x0000000088c00000, 0x0000000088d00000, 0x0000000088d00000|100%| E|CS|TAMS 0x0000000088c00000| PB 0x0000000088c00000| Complete 
|  85|0x0000000088d00000, 0x0000000088e00000, 0x0000000088e00000|100%| E|CS|TAMS 0x0000000088d00000| PB 0x0000000088d00000| Complete 
|  86|0x0000000088e00000, 0x0000000088f00000, 0x0000000088f00000|100%| E|CS|TAMS 0x0000000088e00000| PB 0x0000000088e00000| Complete 
|  87|0x0000000088f00000, 0x0000000089000000, 0x0000000089000000|100%| E|CS|TAMS 0x0000000088f00000| PB 0x0000000088f00000| Complete 
|  88|0x0000000089000000, 0x0000000089100000, 0x0000000089100000|100%| E|CS|TAMS 0x0000000089000000| PB 0x0000000089000000| Complete 
|  89|0x0000000089100000, 0x0000000089200000, 0x0000000089200000|100%| E|CS|TAMS 0x0000000089100000| PB 0x0000000089100000| Complete 
|  90|0x0000000089200000, 0x0000000089300000, 0x0000000089300000|100%| E|CS|TAMS 0x0000000089200000| PB 0x0000000089200000| Complete 
|  91|0x0000000089300000, 0x0000000089400000, 0x0000000089400000|100%| E|CS|TAMS 0x0000000089300000| PB 0x0000000089300000| Complete 
|  92|0x0000000089400000, 0x0000000089500000, 0x0000000089500000|100%| E|CS|TAMS 0x0000000089400000| PB 0x0000000089400000| Complete 
|  93|0x0000000089500000, 0x0000000089600000, 0x0000000089600000|100%| E|CS|TAMS 0x0000000089500000| PB 0x0000000089500000| Complete 
|  94|0x0000000089600000, 0x0000000089700000, 0x0000000089700000|100%| E|CS|TAMS 0x0000000089600000| PB 0x0000000089600000| Complete 
|  95|0x0000000089700000, 0x0000000089800000, 0x0000000089800000|100%| E|CS|TAMS 0x0000000089700000| PB 0x0000000089700000| Complete 
|  96|0x0000000089800000, 0x0000000089900000, 0x0000000089900000|100%| E|CS|TAMS 0x0000000089800000| PB 0x0000000089800000| Complete 
|  97|0x0000000089900000, 0x0000000089a00000, 0x0000000089a00000|100%| E|CS|TAMS 0x0000000089900000| PB 0x0000000089900000| Complete 
|  98|0x0000000089a00000, 0x0000000089b00000, 0x0000000089b00000|100%| E|CS|TAMS 0x0000000089a00000| PB 0x0000000089a00000| Complete 
|  99|0x0000000089b00000, 0x0000000089c00000, 0x0000000089c00000|100%| E|CS|TAMS 0x0000000089b00000| PB 0x0000000089b00000| Complete 
| 100|0x0000000089c00000, 0x0000000089d00000, 0x0000000089d00000|100%| E|CS|TAMS 0x0000000089c00000| PB 0x0000000089c00000| Complete 
| 101|0x0000000089d00000, 0x0000000089e00000, 0x0000000089e00000|100%| E|CS|TAMS 0x0000000089d00000| PB 0x0000000089d00000| Complete 
| 102|0x0000000089e00000, 0x0000000089f00000, 0x0000000089f00000|100%| E|CS|TAMS 0x0000000089e00000| PB 0x0000000089e00000| Complete 
| 103|0x0000000089f00000, 0x000000008a000000, 0x000000008a000000|100%| E|CS|TAMS 0x0000000089f00000| PB 0x0000000089f00000| Complete 
| 104|0x000000008a000000, 0x000000008a100000, 0x000000008a100000|100%| E|CS|TAMS 0x000000008a000000| PB 0x000000008a000000| Complete 
| 105|0x000000008a100000, 0x000000008a200000, 0x000000008a200000|100%| E|CS|TAMS 0x000000008a100000| PB 0x000000008a100000| Complete 
| 106|0x000000008a200000, 0x000000008a300000, 0x000000008a300000|100%| E|CS|TAMS 0x000000008a200000| PB 0x000000008a200000| Complete 
| 107|0x000000008a300000, 0x000000008a400000, 0x000000008a400000|100%| E|CS|TAMS 0x000000008a300000| PB 0x000000008a300000| Complete 
| 108|0x000000008a400000, 0x000000008a500000, 0x000000008a500000|100%| E|CS|TAMS 0x000000008a400000| PB 0x000000008a400000| Complete 
| 109|0x000000008a500000, 0x000000008a600000, 0x000000008a600000|100%| E|CS|TAMS 0x000000008a500000| PB 0x000000008a500000| Complete 
| 110|0x000000008a600000, 0x000000008a700000, 0x000000008a700000|100%| E|CS|TAMS 0x000000008a600000| PB 0x000000008a600000| Complete 
| 111|0x000000008a700000, 0x000000008a800000, 0x000000008a800000|100%| E|CS|TAMS 0x000000008a700000| PB 0x000000008a700000| Complete 
| 112|0x000000008a800000, 0x000000008a900000, 0x000000008a900000|100%| E|CS|TAMS 0x000000008a800000| PB 0x000000008a800000| Complete 
| 113|0x000000008a900000, 0x000000008aa00000, 0x000000008aa00000|100%| E|CS|TAMS 0x000000008a900000| PB 0x000000008a900000| Complete 
| 114|0x000000008aa00000, 0x000000008ab00000, 0x000000008ab00000|100%| E|CS|TAMS 0x000000008aa00000| PB 0x000000008aa00000| Complete 
| 115|0x000000008ab00000, 0x000000008ac00000, 0x000000008ac00000|100%| E|CS|TAMS 0x000000008ab00000| PB 0x000000008ab00000| Complete 
| 116|0x000000008ac00000, 0x000000008ad00000, 0x000000008ad00000|100%| E|CS|TAMS 0x000000008ac00000| PB 0x000000008ac00000| Complete 
| 117|0x000000008ad00000, 0x000000008ae00000, 0x000000008ae00000|100%| E|CS|TAMS 0x000000008ad00000| PB 0x000000008ad00000| Complete 
| 118|0x000000008ae00000, 0x000000008af00000, 0x000000008af00000|100%| E|CS|TAMS 0x000000008ae00000| PB 0x000000008ae00000| Complete 
| 119|0x000000008af00000, 0x000000008b000000, 0x000000008b000000|100%| E|CS|TAMS 0x000000008af00000| PB 0x000000008af00000| Complete 
| 120|0x000000008b000000, 0x000000008b100000, 0x000000008b100000|100%| E|CS|TAMS 0x000000008b000000| PB 0x000000008b000000| Complete 
| 121|0x000000008b100000, 0x000000008b200000, 0x000000008b200000|100%| E|CS|TAMS 0x000000008b100000| PB 0x000000008b100000| Complete 
| 122|0x000000008b200000, 0x000000008b300000, 0x000000008b300000|100%| E|CS|TAMS 0x000000008b200000| PB 0x000000008b200000| Complete 
| 123|0x000000008b300000, 0x000000008b400000, 0x000000008b400000|100%| E|CS|TAMS 0x000000008b300000| PB 0x000000008b300000| Complete 
| 124|0x000000008b400000, 0x000000008b500000, 0x000000008b500000|100%| E|CS|TAMS 0x000000008b400000| PB 0x000000008b400000| Complete 
| 125|0x000000008b500000, 0x000000008b600000, 0x000000008b600000|100%| E|CS|TAMS 0x000000008b500000| PB 0x000000008b500000| Complete 

Card table byte_map: [0x000002ebc7e10000,0x000002ebc8200000] _byte_map_base: 0x000002ebc79f4000

Marking Bits: (CMBitMap*) 0x000002ebafe5ce70
 Bits: [0x000002ebc8200000, 0x000002ebca120000)

Polling page: 0x000002ebadd30000

Metaspace:

Usage:
  Non-class:     15.01 MB used.
      Class:      1.89 MB used.
       Both:     16.90 MB used.

Virtual space:
  Non-class space:       64.00 MB reserved,      15.19 MB ( 24%) committed,  1 nodes.
      Class space:        1.00 GB reserved,       2.00 MB ( <1%) committed,  1 nodes.
             Both:        1.06 GB reserved,      17.19 MB (  2%) committed. 

Chunk freelists:
   Non-Class:  400.00 KB
       Class:  13.84 MB
        Both:  14.23 MB

MaxMetaspaceSize: unlimited
CompressedClassSpaceSize: 1.00 GB
Initial GC threshold: 21.00 MB
Current GC threshold: 21.00 MB
CDS: on
 - commit_granule_bytes: 65536.
 - commit_granule_words: 8192.
 - virtual_space_node_default_size: 8388608.
 - enlarge_chunks_in_place: 1.
 - use_allocation_guard: 0.


Internal statistics:

num_allocs_failed_limit: 0.
num_arena_births: 172.
num_arena_deaths: 0.
num_vsnodes_births: 2.
num_vsnodes_deaths: 0.
num_space_committed: 275.
num_space_uncommitted: 0.
num_chunks_returned_to_freelist: 0.
num_chunks_taken_from_freelist: 745.
num_chunk_merges: 0.
num_chunk_splits: 526.
num_chunks_enlarged: 433.
num_inconsistent_stats: 0.

CodeHeap 'non-profiled nmethods': size=120000Kb used=2489Kb max_used=2489Kb free=117510Kb
 bounds [0x000002ebbffa0000, 0x000002ebc0210000, 0x000002ebc74d0000]
CodeHeap 'profiled nmethods': size=120000Kb used=10126Kb max_used=10126Kb free=109873Kb
 bounds [0x000002ebb84d0000, 0x000002ebb8ec0000, 0x000002ebbfa00000]
CodeHeap 'non-nmethods': size=5760Kb used=1407Kb max_used=1496Kb free=4352Kb
 bounds [0x000002ebbfa00000, 0x000002ebbfc70000, 0x000002ebbffa0000]
 total_blobs=5263 nmethods=4763 adapters=404
 compilation: enabled
              stopped_count=0, restarted_count=0
 full_count=0

Compilation events (20 events):
Event: 7.850 Thread 0x000002ebccd9bb90 nmethod 4728 0x000002ebb8e93b10 code [0x000002ebb8e93cc0, 0x000002ebb8e93e78]
Event: 7.850 Thread 0x000002ebccd9bb90 4726       3       java.net.URL::<init> (7 bytes)
Event: 7.850 Thread 0x000002ebccd9bb90 nmethod 4726 0x000002ebb8e93f10 code [0x000002ebb8e940c0, 0x000002ebb8e94278]
Event: 7.852 Thread 0x000002ec125e3dd0 nmethod 4729 0x000002ebc020d810 code [0x000002ebc020d9e0, 0x000002ebc020dfb8]
Event: 7.854 Thread 0x000002ec125e3dd0 4731   !   4       sun.net.www.ParseUtil::decode (349 bytes)
Event: 7.881 Thread 0x000002ebccd9bb90 4733       3       org.eclipse.sisu.plexus.PlexusTypeVisitor::visitAnnotation (24 bytes)
Event: 7.882 Thread 0x000002ebccd9bb90 nmethod 4733 0x000002ebb8e94390 code [0x000002ebb8e94560, 0x000002ebb8e94768]
Event: 7.882 Thread 0x000002ebccd9bb90 4734       3       org.eclipse.sisu.space.QualifiedTypeVisitor::visitAnnotation (40 bytes)
Event: 7.882 Thread 0x000002ebccd9bb90 nmethod 4734 0x000002ebb8e94890 code [0x000002ebb8e94a40, 0x000002ebb8e94c88]
Event: 7.887 Thread 0x000002ebccd9bb90 4735       3       com.google.inject.internal.BindingBuilder::to (43 bytes)
Event: 7.888 Thread 0x000002ebccd9bb90 nmethod 4735 0x000002ebb8e94d90 code [0x000002ebb8e94fe0, 0x000002ebb8e95e20]
Event: 7.888 Thread 0x000002ebccd9bb90 4736       3       com.google.inject.internal.LinkedBindingImpl::<init> (14 bytes)
Event: 7.889 Thread 0x000002ebccd9bb90 nmethod 4736 0x000002ebb8e96210 code [0x000002ebb8e963c0, 0x000002ebb8e96758]
Event: 7.890 Thread 0x000002ebccd9bb90 4737       3       org.eclipse.sisu.inject.Guice4::getProviderInstance (22 bytes)
Event: 7.890 Thread 0x000002ebccd9bb90 nmethod 4737 0x000002ebb8e96890 code [0x000002ebb8e96a40, 0x000002ebb8e96c28]
Event: 7.895 Thread 0x000002ebccd9bb90 4738   !   3       com.google.inject.spi.InjectionPoint::forConstructorOf (258 bytes)
Event: 7.899 Thread 0x000002ebccd9bb90 nmethod 4738 0x000002ebb8e96d10 code [0x000002ebb8e972a0, 0x000002ebb8e99bd8]
Event: 7.908 Thread 0x000002ebccd9bb90 4739       3       com.google.inject.internal.Scoping$1::applyTo (1 bytes)
Event: 7.908 Thread 0x000002ebccd9bb90 nmethod 4739 0x000002ebb8e9ac10 code [0x000002ebb8e9ada0, 0x000002ebb8e9aeb0]
Event: 7.912 Thread 0x000002ebccd9bb90 4740       3       java.lang.Class::arrayContentsEq (70 bytes)

GC Heap History (6 events):
Event: 3.000 GC heap before
{Heap before GC invocations=0 (full 0):
 garbage-first heap   total 129024K, used 23552K [0x0000000083800000, 0x0000000100000000)
  region size 1024K, 23 young (23552K), 0 survivors (0K)
 Metaspace       used 5963K, committed 6144K, reserved 1114112K
  class space    used 689K, committed 768K, reserved 1048576K
}
Event: 3.017 GC heap after
{Heap after GC invocations=1 (full 0):
 garbage-first heap   total 129024K, used 3834K [0x0000000083800000, 0x0000000100000000)
  region size 1024K, 3 young (3072K), 3 survivors (3072K)
 Metaspace       used 5963K, committed 6144K, reserved 1114112K
  class space    used 689K, committed 768K, reserved 1048576K
}
Event: 3.994 GC heap before
{Heap before GC invocations=1 (full 0):
 garbage-first heap   total 129024K, used 34554K [0x0000000083800000, 0x0000000100000000)
  region size 1024K, 33 young (33792K), 3 survivors (3072K)
 Metaspace       used 10154K, committed 10368K, reserved 1114112K
  class space    used 1208K, committed 1280K, reserved 1048576K
}
Event: 4.003 GC heap after
{Heap after GC invocations=2 (full 0):
 garbage-first heap   total 129024K, used 5789K [0x0000000083800000, 0x0000000100000000)
  region size 1024K, 2 young (2048K), 2 survivors (2048K)
 Metaspace       used 10154K, committed 10368K, reserved 1114112K
  class space    used 1208K, committed 1280K, reserved 1048576K
}
Event: 6.242 GC heap before
{Heap before GC invocations=2 (full 0):
 garbage-first heap   total 129024K, used 80541K [0x0000000083800000, 0x0000000100000000)
  region size 1024K, 75 young (76800K), 2 survivors (2048K)
 Metaspace       used 16323K, committed 16576K, reserved 1114112K
  class space    used 1880K, committed 1984K, reserved 1048576K
}
Event: 6.263 GC heap after
{Heap after GC invocations=3 (full 0):
 garbage-first heap   total 129024K, used 13598K [0x0000000083800000, 0x0000000100000000)
  region size 1024K, 10 young (10240K), 10 survivors (10240K)
 Metaspace       used 16323K, committed 16576K, reserved 1114112K
  class space    used 1880K, committed 1984K, reserved 1048576K
}

Dll operation events (8 events):
Event: 0.023 Loaded shared library C:\jdk21\bin\java.dll
Event: 0.153 Loaded shared library C:\jdk21\bin\jsvml.dll
Event: 0.189 Loaded shared library C:\jdk21\bin\net.dll
Event: 0.193 Loaded shared library C:\jdk21\bin\nio.dll
Event: 0.202 Loaded shared library C:\jdk21\bin\zip.dll
Event: 0.220 Loaded shared library C:\jdk21\bin\jimage.dll
Event: 2.180 Loaded shared library C:\Users\Ricky Garcia\AppData\Local\Temp\jansi-2.4.0-641fc70963c14bf0-jansi.dll
Event: 2.216 Loaded shared library C:\jdk21\bin\verify.dll

Deoptimization events (20 events):
Event: 7.840 Thread 0x000002ebadb11260 DEOPT PACKING pc=0x000002ebc00b1ea0 sp=0x000000f2faafcbc0
Event: 7.840 Thread 0x000002ebadb11260 DEOPT UNPACKING pc=0x000002ebbfa546a2 sp=0x000000f2faafcaa8 mode 2
Event: 7.854 Thread 0x000002ebadb11260 DEOPT PACKING pc=0x000002ebb859dfbe sp=0x000000f2faafc710
Event: 7.854 Thread 0x000002ebadb11260 DEOPT UNPACKING pc=0x000002ebbfa54e42 sp=0x000000f2faafbc70 mode 0
Event: 7.888 Thread 0x000002ebadb11260 Uncommon trap: trap_request=0xffffffde fr.pc=0x000002ebc0097220 relative=0x0000000000000080
Event: 7.888 Thread 0x000002ebadb11260 Uncommon trap: reason=class_check action=maybe_recompile pc=0x000002ebc0097220 method=com.google.inject.internal.LinkedBindingImpl.acceptTargetVisitor(Lcom/google/inject/spi/BindingTargetVisitor;)Ljava/lang/Object; @ 2 c2
Event: 7.888 Thread 0x000002ebadb11260 DEOPT PACKING pc=0x000002ebc0097220 sp=0x000000f2faafd070
Event: 7.888 Thread 0x000002ebadb11260 DEOPT UNPACKING pc=0x000002ebbfa546a2 sp=0x000000f2faafcff8 mode 2
Event: 7.888 Thread 0x000002ebadb11260 Uncommon trap: trap_request=0xffffffde fr.pc=0x000002ebc0097220 relative=0x0000000000000080
Event: 7.888 Thread 0x000002ebadb11260 Uncommon trap: reason=class_check action=maybe_recompile pc=0x000002ebc0097220 method=com.google.inject.internal.LinkedBindingImpl.acceptTargetVisitor(Lcom/google/inject/spi/BindingTargetVisitor;)Ljava/lang/Object; @ 2 c2
Event: 7.888 Thread 0x000002ebadb11260 DEOPT PACKING pc=0x000002ebc0097220 sp=0x000000f2faafd070
Event: 7.888 Thread 0x000002ebadb11260 DEOPT UNPACKING pc=0x000002ebbfa546a2 sp=0x000000f2faafcff8 mode 2
Event: 7.908 Thread 0x000002ebadb11260 Uncommon trap: trap_request=0xffffffde fr.pc=0x000002ebc0097220 relative=0x0000000000000080
Event: 7.908 Thread 0x000002ebadb11260 Uncommon trap: reason=class_check action=maybe_recompile pc=0x000002ebc0097220 method=com.google.inject.internal.LinkedBindingImpl.acceptTargetVisitor(Lcom/google/inject/spi/BindingTargetVisitor;)Ljava/lang/Object; @ 2 c2
Event: 7.908 Thread 0x000002ebadb11260 DEOPT PACKING pc=0x000002ebc0097220 sp=0x000000f2faafd070
Event: 7.908 Thread 0x000002ebadb11260 DEOPT UNPACKING pc=0x000002ebbfa546a2 sp=0x000000f2faafcff8 mode 2
Event: 7.910 Thread 0x000002ebadb11260 Uncommon trap: trap_request=0xffffffde fr.pc=0x000002ebc0097220 relative=0x0000000000000080
Event: 7.910 Thread 0x000002ebadb11260 Uncommon trap: reason=class_check action=maybe_recompile pc=0x000002ebc0097220 method=com.google.inject.internal.LinkedBindingImpl.acceptTargetVisitor(Lcom/google/inject/spi/BindingTargetVisitor;)Ljava/lang/Object; @ 2 c2
Event: 7.910 Thread 0x000002ebadb11260 DEOPT PACKING pc=0x000002ebc0097220 sp=0x000000f2faafd070
Event: 7.910 Thread 0x000002ebadb11260 DEOPT UNPACKING pc=0x000002ebbfa546a2 sp=0x000000f2faafcff8 mode 2

Classes loaded (20 events):
Event: 5.487 Loading class java/util/stream/MatchOps$BooleanTerminalSink
Event: 5.488 Loading class java/util/stream/MatchOps$BooleanTerminalSink done
Event: 5.488 Loading class java/util/stream/MatchOps$1MatchSink
Event: 5.488 Loading class java/util/stream/MatchOps$1MatchSink done
Event: 5.556 Loading class java/util/LinkedList$LLSpliterator
Event: 5.557 Loading class java/util/LinkedList$LLSpliterator done
Event: 6.425 Loading class sun/nio/cs/ISO_8859_1$Decoder
Event: 6.426 Loading class sun/nio/cs/ISO_8859_1$Decoder done
Event: 7.205 Loading class java/util/Collections$UnmodifiableList$1
Event: 7.206 Loading class java/util/Collections$UnmodifiableList$1 done
Event: 7.896 Loading class org/w3c/dom/Node
Event: 7.896 Loading class org/w3c/dom/Node done
Event: 7.897 Loading class javax/xml/parsers/ParserConfigurationException
Event: 7.897 Loading class javax/xml/parsers/ParserConfigurationException done
Event: 7.897 Loading class org/xml/sax/SAXException
Event: 7.897 Loading class org/xml/sax/SAXException done
Event: 7.898 Loading class org/w3c/dom/Document
Event: 7.898 Loading class org/w3c/dom/Document done
Event: 7.898 Loading class org/w3c/dom/Element
Event: 7.899 Loading class org/w3c/dom/Element done

Classes unloaded (0 events):
No events

Classes redefined (0 events):
No events

Internal exceptions (20 events):
Event: 4.147 Thread 0x000002ebadb11260 Exception <a 'java/lang/NoSuchMethodError'{0x000000008b1892c0}: 'long java.lang.invoke.DirectMethodHandle$Holder.invokeStatic(java.lang.Object, java.lang.Object, int)'> (0x000000008b1892c0) 
thrown [s\src\hotspot\share\interpreter\linkResolver.cpp, line 773]
Event: 4.150 Thread 0x000002ebadb11260 Exception <a 'java/lang/NoSuchMethodError'{0x000000008b19c358}: 'java.lang.Object java.lang.invoke.DirectMethodHandle$Holder.invokeStatic(java.lang.Object, java.lang.Object, java.lang.Object, java.lang.Object, int)'> (0x000000008b19c358) 
thrown [s\src\hotspot\share\interpreter\linkResolver.cpp, line 773]
Event: 4.151 Thread 0x000002ebadb11260 Exception <a 'java/lang/NoSuchMethodError'{0x000000008b1a4270}: 'java.lang.Object java.lang.invoke.DirectMethodHandle$Holder.invokeSpecial(java.lang.Object, java.lang.Object, java.lang.Object, java.lang.Object, long)'> (0x000000008b1a4270) 
thrown [s\src\hotspot\share\interpreter\linkResolver.cpp, line 773]
Event: 4.152 Thread 0x000002ebadb11260 Exception <a 'java/lang/NoSuchMethodError'{0x000000008b1afd60}: 'java.lang.Object java.lang.invoke.DirectMethodHandle$Holder.invokeSpecial(java.lang.Object, java.lang.Object, java.lang.Object, int, java.lang.Object)'> (0x000000008b1afd60) 
thrown [s\src\hotspot\share\interpreter\linkResolver.cpp, line 773]
Event: 4.153 Thread 0x000002ebadb11260 Exception <a 'java/lang/NoSuchMethodError'{0x000000008b1b7e80}: 'int java.lang.invoke.DirectMethodHandle$Holder.invokeSpecial(java.lang.Object, java.lang.Object, java.lang.Object, int)'> (0x000000008b1b7e80) 
thrown [s\src\hotspot\share\interpreter\linkResolver.cpp, line 773]
Event: 4.158 Thread 0x000002ebadb11260 Implicit null exception at 0x000002ebc0037360 to 0x000002ebc0037558
Event: 4.161 Thread 0x000002ebadb11260 Exception <a 'java/lang/NoSuchMethodError'{0x000000008b1dce30}: 'java.lang.Object java.lang.invoke.Invokers$Holder.invokeExact_MT(java.lang.Object, int, java.lang.Object)'> (0x000000008b1dce30) 
thrown [s\src\hotspot\share\interpreter\linkResolver.cpp, line 773]
Event: 4.470 Thread 0x000002ebadb11260 Exception <a 'java/lang/NoSuchMethodError'{0x000000008a849b38}: 'void java.lang.invoke.Invokers$Holder.invokeExact_MT(java.lang.Object, java.lang.Object, java.lang.Object, java.lang.Object)'> (0x000000008a849b38) 
thrown [s\src\hotspot\share\interpreter\linkResolver.cpp, line 773]
Event: 4.490 Thread 0x000002ebadb11260 Exception <a 'java/lang/NoClassDefFoundError'{0x000000008a8e17b8}: com/google/inject/servlet/ServletModuleTargetVisitor> (0x000000008a8e17b8) 
thrown [s\src\hotspot\share\classfile\systemDictionary.cpp, line 301]
Event: 4.572 Thread 0x000002ebadb11260 Exception <a 'java/lang/NoSuchMethodError'{0x000000008a6aa5c0}: 'void java.lang.invoke.DirectMethodHandle$Holder.invokeVirtual(java.lang.Object, java.lang.Object)'> (0x000000008a6aa5c0) 
thrown [s\src\hotspot\share\interpreter\linkResolver.cpp, line 773]
Event: 4.621 Thread 0x000002ebadb11260 Exception <a 'java/lang/NoSuchMethodError'{0x000000008a52bac0}: 'java.lang.Object java.lang.invoke.DirectMethodHandle$Holder.invokeStaticInit(java.lang.Object, int, int, int, int)'> (0x000000008a52bac0) 
thrown [s\src\hotspot\share\interpreter\linkResolver.cpp, line 773]
Event: 4.824 Thread 0x000002ebadb11260 Implicit null exception at 0x000002ebbffee6a4 to 0x000002ebbffeed3c
Event: 4.824 Thread 0x000002ebadb11260 Implicit null exception at 0x000002ebbffe66a0 to 0x000002ebbffe6d3c
Event: 4.989 Thread 0x000002ebadb11260 Exception <a 'java/lang/NoSuchMethodError'{0x0000000089ed6930}: 'void java.lang.invoke.DirectMethodHandle$Holder.invokeVirtual(java.lang.Object, java.lang.Object, int)'> (0x0000000089ed6930) 
thrown [s\src\hotspot\share\interpreter\linkResolver.cpp, line 773]
Event: 4.989 Thread 0x000002ebadb11260 Exception <a 'java/lang/NoSuchMethodError'{0x0000000089edd900}: 'void java.lang.invoke.DelegatingMethodHandle$Holder.reinvoke_L(java.lang.Object, java.lang.Object, int)'> (0x0000000089edd900) 
thrown [s\src\hotspot\share\interpreter\linkResolver.cpp, line 773]
Event: 7.338 Thread 0x000002ebadb11260 Implicit null exception at 0x000002ebc0060a20 to 0x000002ebc0060c1c
Event: 7.338 Thread 0x000002ebadb11260 Implicit null exception at 0x000002ebc016eea0 to 0x000002ebc016f078
Event: 7.338 Thread 0x000002ebadb11260 Implicit null exception at 0x000002ebc0047ec0 to 0x000002ebc0047f45
Event: 7.587 Thread 0x000002ebadb11260 Exception <a 'java/lang/NoSuchMethodError'{0x00000000882190b0}: 'java.lang.Object java.lang.invoke.DirectMethodHandle$Holder.newInvokeSpecial(java.lang.Object, java.lang.Object, java.lang.Object, java.lang.Object, java.lang.Object, java.lang.Object, java.lang.Object)'> (0x00000000882190b0) 
thrown [s\src\hotspot\share\interpreter\linkResolver.cpp, line 773]
Event: 7.589 Thread 0x000002ebadb11260 Implicit null exception at 0x000002ebc0198612 to 0x000002ebc01992b0

ZGC Phase Switch (0 events):
No events

VM Operations (20 events):
Event: 4.775 Executing VM operation: HandshakeAllThreads (Deoptimize)
Event: 4.775 Executing VM operation: HandshakeAllThreads (Deoptimize) done
Event: 4.777 Executing VM operation: HandshakeAllThreads (Deoptimize)
Event: 4.777 Executing VM operation: HandshakeAllThreads (Deoptimize) done
Event: 4.864 Executing VM operation: HandshakeAllThreads (Deoptimize)
Event: 4.864 Executing VM operation: HandshakeAllThreads (Deoptimize) done
Event: 4.867 Executing VM operation: HandshakeAllThreads (Deoptimize)
Event: 4.867 Executing VM operation: HandshakeAllThreads (Deoptimize) done
Event: 4.963 Executing VM operation: ICBufferFull
Event: 4.963 Executing VM operation: ICBufferFull done
Event: 5.439 Executing VM operation: ICBufferFull
Event: 5.439 Executing VM operation: ICBufferFull done
Event: 6.061 Executing VM operation: ICBufferFull
Event: 6.061 Executing VM operation: ICBufferFull done
Event: 6.242 Executing VM operation: G1CollectForAllocation (G1 Evacuation Pause)
Event: 6.263 Executing VM operation: G1CollectForAllocation (G1 Evacuation Pause) done
Event: 7.095 Executing VM operation: ICBufferFull
Event: 7.095 Executing VM operation: ICBufferFull done
Event: 7.887 Executing VM operation: ICBufferFull
Event: 7.887 Executing VM operation: ICBufferFull done

Events (15 events):
Event: 0.091 Thread 0x000002ebadb11260 Thread added: 0x000002ebadb11260
Event: 0.144 Thread 0x000002ebccd62f80 Thread added: 0x000002ebccd62f80
Event: 0.144 Thread 0x000002ebccd65f60 Thread added: 0x000002ebccd65f60
Event: 0.145 Thread 0x000002ebccd68a10 Thread added: 0x000002ebccd68a10
Event: 0.145 Thread 0x000002ebccd69470 Thread added: 0x000002ebccd69470
Event: 0.145 Thread 0x000002ebccd6a840 Thread added: 0x000002ebccd6a840
Event: 0.145 Thread 0x000002ebccd6b3d0 Thread added: 0x000002ebccd6b3d0
Event: 0.146 Thread 0x000002ebccd78f20 Thread added: 0x000002ebccd78f20
Event: 0.146 Thread 0x000002ebccd9bb90 Thread added: 0x000002ebccd9bb90
Event: 0.170 Thread 0x000002ec12155da0 Thread added: 0x000002ec12155da0
Event: 0.177 Thread 0x000002ec12159a00 Thread added: 0x000002ec12159a00
Event: 2.478 Thread 0x000002ec125e3dd0 Thread added: 0x000002ec125e3dd0
Event: 2.950 Thread 0x000002ec12d91060 Thread added: 0x000002ec12d91060
Event: 4.159 Thread 0x000002ec12d91060 Thread exited: 0x000002ec12d91060
Event: 5.675 Thread 0x000002ec129eb9c0 Thread added: 0x000002ec129eb9c0


Dynamic libraries:
0x00007ff75ad50000 - 0x00007ff75ad5e000 	C:\jdk21\bin\java.exe
0x00007ff801d30000 - 0x00007ff801f47000 	C:\WINDOWS\SYSTEM32\ntdll.dll
0x00007ff8003e0000 - 0x00007ff8004a4000 	C:\WINDOWS\System32\KERNEL32.DLL
0x00007fffff340000 - 0x00007fffff6e6000 	C:\WINDOWS\System32\KERNELBASE.dll
0x00007fffff770000 - 0x00007fffff881000 	C:\WINDOWS\System32\ucrtbase.dll
0x00007fffdd080000 - 0x00007fffdd09b000 	C:\jdk21\bin\VCRUNTIME140.dll
0x00007fffe6250000 - 0x00007fffe6268000 	C:\jdk21\bin\jli.dll
0x00007fffffe40000 - 0x00007ffffffee000 	C:\WINDOWS\System32\USER32.dll
0x00007fffff200000 - 0x00007fffff226000 	C:\WINDOWS\System32\win32u.dll
0x00007ff801270000 - 0x00007ff801299000 	C:\WINDOWS\System32\GDI32.dll
0x00007fffff950000 - 0x00007fffffa68000 	C:\WINDOWS\System32\gdi32full.dll
0x00007fffff230000 - 0x00007fffff2ca000 	C:\WINDOWS\System32\msvcp_win.dll
0x00007fffd4690000 - 0x00007fffd4923000 	C:\WINDOWS\WinSxS\amd64_microsoft.windows.common-controls_6595b64144ccf1df_6.0.22621.2506_none_270c5ae97388e100\COMCTL32.dll
0x00007ff801b80000 - 0x00007ff801c27000 	C:\WINDOWS\System32\msvcrt.dll
0x00007fffffc40000 - 0x00007fffffc71000 	C:\WINDOWS\System32\IMM32.DLL
0x00007fffee0d0000 - 0x00007fffee0dc000 	C:\jdk21\bin\vcruntime140_1.dll
0x00007fffb00a0000 - 0x00007fffb012e000 	C:\jdk21\bin\msvcp140.dll
0x00007fff5e570000 - 0x00007fff5f2f1000 	C:\jdk21\bin\server\jvm.dll
0x00007ff801c30000 - 0x00007ff801ce3000 	C:\WINDOWS\System32\ADVAPI32.dll
0x00007ff8014c0000 - 0x00007ff801568000 	C:\WINDOWS\System32\sechost.dll
0x00007fffff060000 - 0x00007fffff088000 	C:\WINDOWS\System32\bcrypt.dll
0x00007ff800060000 - 0x00007ff800177000 	C:\WINDOWS\System32\RPCRT4.dll
0x00007fffffa70000 - 0x00007fffffae1000 	C:\WINDOWS\System32\WS2_32.dll
0x00007ffffdea0000 - 0x00007ffffdeed000 	C:\WINDOWS\SYSTEM32\POWRPROF.dll
0x00007ffff69c0000 - 0x00007ffff69f4000 	C:\WINDOWS\SYSTEM32\WINMM.dll
0x00007ffff6700000 - 0x00007ffff670a000 	C:\WINDOWS\SYSTEM32\VERSION.dll
0x00007ffffde80000 - 0x00007ffffde93000 	C:\WINDOWS\SYSTEM32\UMPDC.dll
0x00007ffffe140000 - 0x00007ffffe158000 	C:\WINDOWS\SYSTEM32\kernel.appcore.dll
0x00007fffe6240000 - 0x00007fffe624a000 	C:\jdk21\bin\jimage.dll
0x00007ffffc440000 - 0x00007ffffc673000 	C:\WINDOWS\SYSTEM32\DBGHELP.DLL
0x00007ff800d10000 - 0x00007ff801099000 	C:\WINDOWS\System32\combase.dll
0x00007fffffb60000 - 0x00007fffffc37000 	C:\WINDOWS\System32\OLEAUT32.dll
0x00007fffeec90000 - 0x00007fffeecc2000 	C:\WINDOWS\SYSTEM32\dbgcore.DLL
0x00007fffff6f0000 - 0x00007fffff76a000 	C:\WINDOWS\System32\bcryptPrimitives.dll
0x00007fffccf00000 - 0x00007fffccf1f000 	C:\jdk21\bin\java.dll
0x00007ff8004b0000 - 0x00007ff800d0a000 	C:\WINDOWS\System32\SHELL32.dll
0x00007ffffcf70000 - 0x00007ffffd866000 	C:\WINDOWS\SYSTEM32\windows.storage.dll
0x00007ffffce30000 - 0x00007ffffcf6e000 	C:\WINDOWS\SYSTEM32\wintypes.dll
0x00007ff8012c0000 - 0x00007ff8013b3000 	C:\WINDOWS\System32\SHCORE.dll
0x00007ff800000000 - 0x00007ff80005e000 	C:\WINDOWS\System32\shlwapi.dll
0x00007ffffef90000 - 0x00007ffffefb6000 	C:\WINDOWS\SYSTEM32\profapi.dll
0x00007fffafc30000 - 0x00007fffafd07000 	C:\jdk21\bin\jsvml.dll
0x00007fffe6200000 - 0x00007fffe6210000 	C:\jdk21\bin\net.dll
0x00007ffff7710000 - 0x00007ffff7847000 	C:\WINDOWS\SYSTEM32\WINHTTP.dll
0x00007ffffe5c0000 - 0x00007ffffe629000 	C:\WINDOWS\system32\mswsock.dll
0x00007fffc0e50000 - 0x00007fffc0e66000 	C:\jdk21\bin\nio.dll
0x00007fffbe220000 - 0x00007fffbe238000 	C:\jdk21\bin\zip.dll
0x0000000069ac0000 - 0x0000000069ae4000 	C:\Users\Ricky Garcia\AppData\Local\Temp\jansi-2.4.0-641fc70963c14bf0-jansi.dll
0x00007fffe4fe0000 - 0x00007fffe4ff0000 	C:\jdk21\bin\verify.dll

dbghelp: loaded successfully - version: 4.0.5 - missing functions: none
symbol engine: initialized successfully - sym options: 0x614 - pdb path: .;C:\jdk21\bin;C:\WINDOWS\SYSTEM32;C:\WINDOWS\WinSxS\amd64_microsoft.windows.common-controls_6595b64144ccf1df_6.0.22621.2506_none_270c5ae97388e100;C:\jdk21\bin\server;C:\Users\Ricky Garcia\AppData\Local\Temp

VM Arguments:
jvm_args: -Dmaven.multiModuleProjectDirectory=C:\Users\Ricky Garcia\OneDrive\Escritorio\Arquitectura\2P\clientes 
java_command: org.apache.maven.wrapper.MavenWrapperMain package -f c:\Users\Ricky Garcia\OneDrive\Escritorio\Arquitectura\2P\clientes\pom.xml
java_class_path (initial): C:\Users\Ricky Garcia\OneDrive\Escritorio\Arquitectura\2P\clientes\.mvn\wrapper\maven-wrapper.jar
Launcher Type: SUN_STANDARD

[Global flags]
     intx CICompilerCount                          = 4                                         {product} {ergonomic}
     uint ConcGCThreads                            = 3                                         {product} {ergonomic}
     uint G1ConcRefinementThreads                  = 10                                        {product} {ergonomic}
   size_t G1HeapRegionSize                         = 1048576                                   {product} {ergonomic}
    uintx GCDrainStackTargetSize                   = 64                                        {product} {ergonomic}
   size_t InitialHeapSize                          = 132120576                                 {product} {ergonomic}
   size_t MarkStackSize                            = 4194304                                   {product} {ergonomic}
   size_t MaxHeapSize                              = 2088763392                                {product} {ergonomic}
   size_t MaxNewSize                               = 1253048320                                {product} {ergonomic}
   size_t MinHeapDeltaBytes                        = 1048576                                   {product} {ergonomic}
   size_t MinHeapSize                              = 8388608                                   {product} {ergonomic}
    uintx NonNMethodCodeHeapSize                   = 5839372                                {pd product} {ergonomic}
    uintx NonProfiledCodeHeapSize                  = 122909434                              {pd product} {ergonomic}
    uintx ProfiledCodeHeapSize                     = 122909434                              {pd product} {ergonomic}
    uintx ReservedCodeCacheSize                    = 251658240                              {pd product} {ergonomic}
     bool SegmentedCodeCache                       = true                                      {product} {ergonomic}
   size_t SoftMaxHeapSize                          = 2088763392                             {manageable} {ergonomic}
     bool UseCompressedOops                        = true                           {product lp64_product} {ergonomic}
     bool UseG1GC                                  = true                                      {product} {ergonomic}
     bool UseLargePagesIndividualAllocation        = false                                  {pd product} {ergonomic}

Logging:
Log output configuration:
 #0: stdout all=warning uptime,level,tags foldmultilines=false
 #1: stderr all=off uptime,level,tags foldmultilines=false

Environment Variables:
JAVA_HOME=C:\jdk21\
PATH=C:\jdk21\bin;C:\Windows\system32;C:\Windows;C:\Windows\System32\Wbem;C:\Windows\System32\WindowsPowerShell\v1.0\;C:\Windows\System32\OpenSSH\;C:\Program Files (x86)\NVIDIA Corporation\PhysX\Common;C:\Program Files\NVIDIA Corporation\NVIDIA NvDLISR;C:\WINDOWS\system32;C:\WINDOWS;C:\WINDOWS\System32\Wbem;C:\WINDOWS\System32\WindowsPowerShell\v1.0\;C:\WINDOWS\System32\OpenSSH\;C:\Program Files\Microsoft SQL Server\150\Tools\Binn\;C:\Program Files\Microsoft SQL Server\Client SDK\ODBC\170\Tools\Binn\;C:\Program Files\dotnet\;C:\Program Files (x86)\Microsoft SQL Server\160\Tools\Binn\;C:\Program Files\Microsoft SQL Server\160\Tools\Binn\;C:\Program Files\Microsoft SQL Server\160\DTS\Binn\;C:\Program Files (x86)\Microsoft SQL Server\160\DTS\Binn\;C:\Program Files\Azure Data Studio\bin;C:\Program Files\Git\cmd;C:\Program Files\Git\bin;C:\Program Files\nodejs\;C:\Program Files\Docker\Docker\resources\bin;C:\Users\Ricky Garcia\AppData\Local\Microsoft\WindowsApps;C:\Users\Ricky Garcia\.dotnet\tools;C:\Program Files\Azure Data Studio\bin;C:\Users\Ricky Garcia\AppData\Local\Programs\Microsoft VS Code\bin;C:\Program Files\PostgreSQL\16\bin;C:\Users\Ricky Garcia\AppData\Roaming\npm
USERNAME=RickyGarcia
LANG=en_US.UTF-8
OS=Windows_NT
PROCESSOR_IDENTIFIER=Intel64 Family 6 Model 165 Stepping 2, GenuineIntel
TMP=C:\Users\RICKYG~1\AppData\Local\Temp
TEMP=C:\Users\RICKYG~1\AppData\Local\Temp




Periodic native trim disabled

---------------  S Y S T E M  ---------------

OS:
 Windows 11 , 64 bit Build 22621 (10.0.22621.2506)
OS uptime: 0 days 23:21 hours
Hyper-V role detected

CPU: total 12 (initial active 12) (6 cores per cpu, 2 threads per core) family 6 model 165 stepping 2 microcode 0xf8, cx8, cmov, fxsr, ht, mmx, 3dnowpref, sse, sse2, sse3, ssse3, sse4.1, sse4.2, popcnt, lzcnt, tsc, tscinvbit, avx, avx2, aes, erms, clmul, bmi1, bmi2, adx, fma, vzeroupper, clflush, clflushopt, hv, rdtscp, f16c
Processor Information for all 12 processors :
  Max Mhz: 2496, Current Mhz: 2496, Mhz Limit: 2496

Memory: 4k page, system-wide physical 7967M (995M free)
TotalPageFile size 32543M (AvailPageFile size 4M)
current process WorkingSet (physical memory assigned to process): 192M, peak: 194M
current process commit charge ("private bytes"): 275M, peak: 277M

vm_info: OpenJDK 64-Bit Server VM (21.0.1+12-LTS) for windows-amd64 JRE (21.0.1+12-LTS), built on 2023-10-17T00:00:00Z by "admin" with unknown MS VC++:1937

END.
