#
# There is insufficient memory for the Java Runtime Environment to continue.
# Native memory allocation (malloc) failed to allocate 1015056 bytes for Chunk::new
# Possible reasons:
#   The system is out of physical RAM or swap space
#   The process is running with CompressedOops enabled, and the Java Heap may be blocking the growth of the native heap
# Possible solutions:
#   Reduce memory load on the system
#   Increase physical memory or swap space
#   Check if swap backing store is full
#   Decrease Java heap size (-Xmx/-Xms)
#   Decrease number of Java threads
#   Decrease Java thread stack sizes (-Xss)
#   Set larger code cache with -XX:ReservedCodeCacheSize=
#   JVM is running with Unscaled Compressed Oops mode in which the Java heap is
#     placed in the first 4GB address space. The Java Heap base address is the
#     maximum limit for the native heap growth. Please use -XX:HeapBaseMinAddress
#     to set the Java Heap base and to place the Java Heap above 4GB virtual address.
# This output file may be truncated or incomplete.
#
#  Out of Memory Error (arena.cpp:191), pid=18656, tid=13868
#
# JRE version: OpenJDK Runtime Environment Temurin-17.0.10+7 (17.0.10+7) (build 17.0.10+7)
# Java VM: OpenJDK 64-Bit Server VM Temurin-17.0.10+7 (17.0.10+7, mixed mode, tiered, compressed oops, compressed class ptrs, parallel gc, windows-amd64)
# No core dump will be written. Minidumps are not enabled by default on client versions of Windows
#

---------------  S U M M A R Y ------------

Command Line: --add-modules=ALL-SYSTEM --add-opens=java.base/java.util=ALL-UNNAMED --add-opens=java.base/java.lang=ALL-UNNAMED --add-opens=java.base/sun.nio.fs=ALL-UNNAMED -Declipse.application=org.eclipse.jdt.ls.core.id1 -Dosgi.bundles.defaultStartLevel=4 -Declipse.product=org.eclipse.jdt.ls.core.product -Djava.import.generatesMetadataFilesAtProjectRoot=false -DDetectVMInstallationsJob.disabled=true -Dfile.encoding=utf8 -XX:+UseParallelGC -XX:GCTimeRatio=4 -XX:AdaptiveSizePolicyWeight=90 -Dsun.zip.disableMemoryMapping=true -Xmx1G -Xms100m -Xlog:disable -javaagent:c:\Users\Ricky Garcia\.vscode\extensions\redhat.java-1.27.0-win32-x64\lombok\lombok-1.18.31.jar -XX:+HeapDumpOnOutOfMemoryError -XX:HeapDumpPath=c:\Users\Ricky Garcia\AppData\Roaming\Code\User\workspaceStorage\fa0a1e08c69df178198f0c09288cdad3\redhat.java -Daether.dependencyCollector.impl=bf c:\Users\Ricky Garcia\.vscode\extensions\redhat.java-1.27.0-win32-x64\server\plugins\org.eclipse.equinox.launcher_1.6.700.v20231214-2017.jar -configuration c:\Users\Ricky Garcia\AppData\Roaming\Code\User\globalStorage\redhat.java\1.27.0\config_win -data c:\Users\Ricky Garcia\AppData\Roaming\Code\User\workspaceStorage\fa0a1e08c69df178198f0c09288cdad3\redhat.java\jdt_ws --stdio

Host: Intel(R) Core(TM) i5-10500H CPU @ 2.50GHz, 12 cores, 7G,  Windows 11 , 64 bit Build 22621 (10.0.22621.2506)
Time: Sun Feb 11 20:30:35 2024 SA Pacific Standard Time elapsed time: 20.841917 seconds (0d 0h 0m 20s)

---------------  T H R E A D  ---------------

Current thread (0x000001aa58c878b0):  JavaThread "C2 CompilerThread0" daemon [_thread_in_native, id=13868, stack(0x0000002431700000,0x0000002431800000)]


Current CompileTask:
C2:  20842 10326   !   4       org.eclipse.jdt.internal.core.search.indexing.BinaryIndexer::indexDocument (1142 bytes)

Stack: [0x0000002431700000,0x0000002431800000]
Native frames: (J=compiled Java code, j=interpreted, Vv=VM code, C=native code)
V  [jvm.dll+0x67d2c9]
V  [jvm.dll+0x834afa]
V  [jvm.dll+0x8365be]
V  [jvm.dll+0x836c23]
V  [jvm.dll+0x2477ff]
V  [jvm.dll+0xac514]
V  [jvm.dll+0xacb5c]
V  [jvm.dll+0x2aed1f]
V  [jvm.dll+0x584b67]
V  [jvm.dll+0x2228a2]
V  [jvm.dll+0x222c8f]
V  [jvm.dll+0x21bdb6]
V  [jvm.dll+0x219201]
V  [jvm.dll+0x1a502d]
V  [jvm.dll+0x2290de]
V  [jvm.dll+0x2272ac]
V  [jvm.dll+0x7e9bb7]
V  [jvm.dll+0x7e3fba]
V  [jvm.dll+0x67c1b5]
C  [ucrtbase.dll+0x29363]
C  [KERNEL32.DLL+0x1257d]
C  [ntdll.dll+0x5aa58]


---------------  P R O C E S S  ---------------

Threads class SMR info:
_java_thread_list=0x000001aa6295aeb0, length=40, elements={
0x000001aa44e08140, 0x000001aa5dd67030, 0x000001aa5dd68ab0, 0x000001aa58c83030,
0x000001aa58c83a00, 0x000001aa58c843d0, 0x000001aa58c86cb0, 0x000001aa58c878b0,
0x000001aa58c89140, 0x000001aa58c8da70, 0x000001aa5deb2420, 0x000001aa5f5dcec0,
0x000001aa5fe774b0, 0x000001aa5fedc0e0, 0x000001aa5fe8ec40, 0x000001aa6054e490,
0x000001aa607426a0, 0x000001aa605efce0, 0x000001aa605f1120, 0x000001aa605ee390,
0x000001aa605ede80, 0x000001aa605f01f0, 0x000001aa605f0c10, 0x000001aa605ee8a0,
0x000001aa605ef7d0, 0x000001aa617200c0, 0x000001aa61727020, 0x000001aa61720ff0,
0x000001aa617256d0, 0x000001aa61723d80, 0x000001aa61727a40, 0x000001aa61724290,
0x000001aa61720ae0, 0x000001aa61726b10, 0x000001aa617205d0, 0x000001aa61721500,
0x000001aa61722430, 0x000001aa61723360, 0x000001aa61721f20, 0x000001aa61722940
}

Java Threads: ( => current thread )
  0x000001aa44e08140 JavaThread "main" [_thread_blocked, id=27508, stack(0x0000002430e00000,0x0000002430f00000)]
  0x000001aa5dd67030 JavaThread "Reference Handler" daemon [_thread_blocked, id=876, stack(0x0000002431100000,0x0000002431200000)]
  0x000001aa5dd68ab0 JavaThread "Finalizer" daemon [_thread_blocked, id=10436, stack(0x0000002431200000,0x0000002431300000)]
  0x000001aa58c83030 JavaThread "Signal Dispatcher" daemon [_thread_blocked, id=8116, stack(0x0000002431300000,0x0000002431400000)]
  0x000001aa58c83a00 JavaThread "Attach Listener" daemon [_thread_blocked, id=23368, stack(0x0000002431400000,0x0000002431500000)]
  0x000001aa58c843d0 JavaThread "Service Thread" daemon [_thread_blocked, id=15948, stack(0x0000002431500000,0x0000002431600000)]
  0x000001aa58c86cb0 JavaThread "Monitor Deflation Thread" daemon [_thread_blocked, id=1636, stack(0x0000002431600000,0x0000002431700000)]
=>0x000001aa58c878b0 JavaThread "C2 CompilerThread0" daemon [_thread_in_native, id=13868, stack(0x0000002431700000,0x0000002431800000)]
  0x000001aa58c89140 JavaThread "C1 CompilerThread0" daemon [_thread_blocked, id=13648, stack(0x0000002431800000,0x0000002431900000)]
  0x000001aa58c8da70 JavaThread "Sweeper thread" daemon [_thread_blocked, id=13384, stack(0x0000002431900000,0x0000002431a00000)]
  0x000001aa5deb2420 JavaThread "Common-Cleaner" daemon [_thread_blocked, id=17096, stack(0x0000002431a00000,0x0000002431b00000)]
  0x000001aa5f5dcec0 JavaThread "Notification Thread" daemon [_thread_blocked, id=17812, stack(0x0000002431b00000,0x0000002431c00000)]
  0x000001aa5fe774b0 JavaThread "Active Thread: Equinox Container: d1844c23-e3b0-42e7-b694-8b94cf15965f" [_thread_blocked, id=1480, stack(0x0000002432300000,0x0000002432400000)]
  0x000001aa5fedc0e0 JavaThread "Framework Event Dispatcher: Equinox Container: d1844c23-e3b0-42e7-b694-8b94cf15965f" daemon [_thread_blocked, id=18688, stack(0x0000002432400000,0x0000002432500000)]
  0x000001aa5fe8ec40 JavaThread "Start Level: Equinox Container: d1844c23-e3b0-42e7-b694-8b94cf15965f" daemon [_thread_blocked, id=3568, stack(0x0000002432500000,0x0000002432600000)]
  0x000001aa6054e490 JavaThread "Bundle File Closer" daemon [_thread_blocked, id=24400, stack(0x0000002432700000,0x0000002432800000)]
  0x000001aa607426a0 JavaThread "SCR Component Actor" daemon [_thread_blocked, id=5460, stack(0x0000002432800000,0x0000002432900000)]
  0x000001aa605efce0 JavaThread "Worker-JM" [_thread_blocked, id=5400, stack(0x0000002432c00000,0x0000002432d00000)]
  0x000001aa605f1120 JavaThread "Worker-0: Java indexing... " [_thread_blocked, id=5948, stack(0x0000002432d00000,0x0000002432e00000)]
  0x000001aa605ee390 JavaThread "Worker-1: Initialize Workspace" [_thread_blocked, id=20720, stack(0x0000002432e00000,0x0000002432f00000)]
  0x000001aa605ede80 JavaThread "Java indexing" daemon [_thread_in_vm, id=1668, stack(0x0000002432f00000,0x0000002433000000)]
  0x000001aa605f01f0 JavaThread "Worker-2: Initialize workspace" [_thread_blocked, id=2976, stack(0x0000002433000000,0x0000002433100000)]
  0x000001aa605f0c10 JavaThread "JNA Cleaner" daemon [_thread_blocked, id=26756, stack(0x0000002433100000,0x0000002433200000)]
  0x000001aa605ee8a0 JavaThread "pool-2-thread-1" [_thread_blocked, id=26436, stack(0x0000002433200000,0x0000002433300000)]
  0x000001aa605ef7d0 JavaThread "WorkspaceEventsHandler" [_thread_blocked, id=1124, stack(0x0000002433300000,0x0000002433400000)]
  0x000001aa617200c0 JavaThread "pool-1-thread-1" [_thread_in_native, id=21656, stack(0x0000002433400000,0x0000002433500000)]
  0x000001aa61727020 JavaThread "Worker-3: Update project clientes" [_thread_in_native, id=11564, stack(0x0000002433500000,0x0000002433600000)]
  0x000001aa61720ff0 JavaThread "Worker-4: Synchronizing projects" [_thread_blocked, id=13700, stack(0x0000002432b00000,0x0000002432c00000)]
  0x000001aa617256d0 JavaThread "Worker-5: Refreshing workspace" [_thread_blocked, id=1592, stack(0x0000002433600000,0x0000002433700000)]
  0x000001aa61723d80 JavaThread "ForkJoinPool.commonPool-worker-1" daemon [_thread_blocked, id=20624, stack(0x0000002433700000,0x0000002433800000)]
  0x000001aa61727a40 JavaThread "Worker-6" [_thread_blocked, id=17320, stack(0x0000002433800000,0x0000002433900000)]
  0x000001aa61724290 JavaThread "ForkJoinPool.commonPool-worker-2" daemon [_thread_blocked, id=12816, stack(0x0000002433900000,0x0000002433a00000)]
  0x000001aa61720ae0 JavaThread "ForkJoinPool.commonPool-worker-3" daemon [_thread_blocked, id=14332, stack(0x0000002433a00000,0x0000002433b00000)]
  0x000001aa61726b10 JavaThread "ForkJoinPool.commonPool-worker-4" daemon [_thread_blocked, id=21896, stack(0x0000002433b00000,0x0000002433c00000)]
  0x000001aa617205d0 JavaThread "ForkJoinPool.commonPool-worker-5" daemon [_thread_blocked, id=2972, stack(0x0000002433c00000,0x0000002433d00000)]
  0x000001aa61721500 JavaThread "ForkJoinPool.commonPool-worker-6" daemon [_thread_blocked, id=22168, stack(0x0000002433d00000,0x0000002433e00000)]
  0x000001aa61722430 JavaThread "Worker-7" [_thread_blocked, id=23252, stack(0x0000002433e00000,0x0000002433f00000)]
  0x000001aa61723360 JavaThread "Worker-8" [_thread_blocked, id=20204, stack(0x0000002433f00000,0x0000002434000000)]
  0x000001aa61721f20 JavaThread "ForkJoinPool.commonPool-worker-7" daemon [_thread_blocked, id=22960, stack(0x0000002434000000,0x0000002434100000)]
  0x000001aa61722940 JavaThread "Worker-9" [_thread_blocked, id=22620, stack(0x0000002434100000,0x0000002434200000)]

Other Threads:
  0x000001aa58b7f930 VMThread "VM Thread" [stack: 0x0000002431000000,0x0000002431100000] [id=1732]
  0x000001aa5e06e7b0 WatcherThread [stack: 0x0000002431c00000,0x0000002431d00000] [id=2772]
  0x000001aa44e1ef10 GCTaskThread "GC Thread#0" [stack: 0x0000002430f00000,0x0000002431000000] [id=3516]
  0x000001aa5f740a10 GCTaskThread "GC Thread#1" [stack: 0x0000002431d00000,0x0000002431e00000] [id=932]
  0x000001aa5fa7a890 GCTaskThread "GC Thread#2" [stack: 0x0000002431e00000,0x0000002431f00000] [id=11208]
  0x000001aa5fcf99d0 GCTaskThread "GC Thread#3" [stack: 0x0000002431f00000,0x0000002432000000] [id=3408]
  0x000001aa5fcf9c90 GCTaskThread "GC Thread#4" [stack: 0x0000002432000000,0x0000002432100000] [id=12744]
  0x000001aa5fc76010 GCTaskThread "GC Thread#5" [stack: 0x0000002432100000,0x0000002432200000] [id=19180]
  0x000001aa5fb5b820 GCTaskThread "GC Thread#6" [stack: 0x0000002432200000,0x0000002432300000] [id=25848]
  0x000001aa603660f0 GCTaskThread "GC Thread#7" [stack: 0x0000002432600000,0x0000002432700000] [id=27024]
  0x000001aa606134f0 GCTaskThread "GC Thread#8" [stack: 0x0000002432900000,0x0000002432a00000] [id=18224]
  0x000001aa5fbf9eb0 GCTaskThread "GC Thread#9" [stack: 0x0000002432a00000,0x0000002432b00000] [id=27548]

Threads with active compile tasks:
C2 CompilerThread0    20919 10326   !   4       org.eclipse.jdt.internal.core.search.indexing.BinaryIndexer::indexDocument (1142 bytes)

VM state: not at safepoint (normal execution)

VM Mutex/Monitor currently owned by a thread: None

Heap address: 0x00000000c0000000, size: 1024 MB, Compressed Oops mode: 32-bit

CDS archive(s) not mapped
Compressed class space mapped at: 0x0000000100000000-0x0000000140000000, reserved size: 1073741824
Narrow klass base: 0x0000000000000000, Narrow klass shift: 3, Narrow klass range: 0x140000000

GC Precious Log:
 CPUs: 12 total, 12 available
 Memory: 7967M
 Large Page Support: Disabled
 NUMA Support: Disabled
 Compressed Oops: Enabled (32-bit)
 Alignments: Space 512K, Generation 512K, Heap 2M
 Heap Min Capacity: 100M
 Heap Initial Capacity: 100M
 Heap Max Capacity: 1G
 Pre-touch: Disabled
 Parallel Workers: 10

Heap:
 PSYoungGen      total 37888K, used 16394K [0x00000000eab00000, 0x00000000ede80000, 0x0000000100000000)
  eden space 24576K, 13% used [0x00000000eab00000,0x00000000eae245f0,0x00000000ec300000)
  from space 13312K, 98% used [0x00000000ed180000,0x00000000ede5e578,0x00000000ede80000)
  to   space 13824K, 0% used [0x00000000ec380000,0x00000000ec380000,0x00000000ed100000)
 ParOldGen       total 264704K, used 207116K [0x00000000c0000000, 0x00000000d0280000, 0x00000000eab00000)
  object space 264704K, 78% used [0x00000000c0000000,0x00000000cca43128,0x00000000d0280000)
 Metaspace       used 61465K, committed 62720K, reserved 1114112K
  class space    used 6543K, committed 7104K, reserved 1048576K

Card table byte_map: [0x000001aa447c0000,0x000001aa449d0000] _byte_map_base: 0x000001aa441c0000

Marking Bits: (ParMarkBitMap*) 0x00007fff5490d7d0
 Begin Bits: [0x000001aa56a90000, 0x000001aa57a90000)
 End Bits:   [0x000001aa57a90000, 0x000001aa58a90000)

Polling page: 0x000001aa445b0000

Metaspace:

Usage:
  Non-class:     53.63 MB used.
      Class:      6.39 MB used.
       Both:     60.02 MB used.

Virtual space:
  Non-class space:       64.00 MB reserved,      54.31 MB ( 85%) committed,  1 nodes.
      Class space:        1.00 GB reserved,       6.94 MB ( <1%) committed,  1 nodes.
             Both:        1.06 GB reserved,      61.25 MB (  6%) committed. 

Chunk freelists:
   Non-Class:  9.56 MB
       Class:  8.91 MB
        Both:  18.47 MB

MaxMetaspaceSize: unlimited
CompressedClassSpaceSize: 1.00 GB
Initial GC threshold: 21.00 MB
Current GC threshold: 102.00 MB
CDS: off
MetaspaceReclaimPolicy: balanced
 - commit_granule_bytes: 65536.
 - commit_granule_words: 8192.
 - virtual_space_node_default_size: 8388608.
 - enlarge_chunks_in_place: 1.
 - new_chunks_are_fully_committed: 0.
 - uncommit_free_chunks: 1.
 - use_allocation_guard: 0.
 - handle_deallocations: 1.


Internal statistics:

num_allocs_failed_limit: 6.
num_arena_births: 900.
num_arena_deaths: 22.
num_vsnodes_births: 2.
num_vsnodes_deaths: 0.
num_space_committed: 980.
num_space_uncommitted: 0.
num_chunks_returned_to_freelist: 32.
num_chunks_taken_from_freelist: 3494.
num_chunk_merges: 17.
num_chunk_splits: 2101.
num_chunks_enlarged: 1124.
num_inconsistent_stats: 0.

CodeHeap 'non-profiled nmethods': size=120000Kb used=3603Kb max_used=3603Kb free=116396Kb
 bounds [0x000001aa4f560000, 0x000001aa4f8f0000, 0x000001aa56a90000]
CodeHeap 'profiled nmethods': size=120000Kb used=19135Kb max_used=19135Kb free=100864Kb
 bounds [0x000001aa47a90000, 0x000001aa48d40000, 0x000001aa4efc0000]
CodeHeap 'non-nmethods': size=5760Kb used=1312Kb max_used=1383Kb free=4447Kb
 bounds [0x000001aa4efc0000, 0x000001aa4f230000, 0x000001aa4f560000]
 total_blobs=10020 nmethods=9375 adapters=557
 compilation: enabled
              stopped_count=0, restarted_count=0
 full_count=0

Compilation events (20 events):
Event: 20.640 Thread 0x000001aa58c89140 10340       2       org.eclipse.m2e.core.internal.embedder.PlexusContainerManager$$Lambda$225/0x0000000100305bf8::test (8 bytes)
Event: 20.640 Thread 0x000001aa58c89140 nmethod 10340 0x000001aa48d3bd90 code [0x000001aa48d3bf40, 0x000001aa48d3c0a8]
Event: 20.640 Thread 0x000001aa58c89140 10341       2       org.eclipse.m2e.core.internal.embedder.PlexusContainerManager::lambda$1 (41 bytes)
Event: 20.641 Thread 0x000001aa58c89140 nmethod 10341 0x000001aa48d3c190 code [0x000001aa48d3c3a0, 0x000001aa48d3c708]
Event: 20.683 Thread 0x000001aa58c89140 10342       2       org.apache.maven.artifact.repository.ArtifactRepositoryPolicy::<init> (34 bytes)
Event: 20.684 Thread 0x000001aa58c89140 nmethod 10342 0x000001aa48d3c910 code [0x000001aa48d3caa0, 0x000001aa48d3cc18]
Event: 20.705 Thread 0x000001aa58c89140 10343       2       org.apache.maven.artifact.versioning.VersionRange::createFromVersion (51 bytes)
Event: 20.706 Thread 0x000001aa58c89140 nmethod 10343 0x000001aa48d3cd10 code [0x000001aa48d3cee0, 0x000001aa48d3d2a8]
Event: 20.710 Thread 0x000001aa58c89140 10344       1       org.apache.maven.settings.Settings::getLocalRepository (5 bytes)
Event: 20.711 Thread 0x000001aa58c89140 nmethod 10344 0x000001aa4f8e4610 code [0x000001aa4f8e47a0, 0x000001aa4f8e4878]
Event: 20.727 Thread 0x000001aa58c89140 10345       2       org.apache.maven.artifact.ArtifactUtils::toSnapshotVersion (77 bytes)
Event: 20.728 Thread 0x000001aa58c89140 nmethod 10345 0x000001aa48d3d510 code [0x000001aa48d3d780, 0x000001aa48d3dcf8]
Event: 20.736 Thread 0x000001aa58c89140 10347   !   2       org.codehaus.plexus.DefaultPlexusContainer::lookup (58 bytes)
Event: 20.737 Thread 0x000001aa58c89140 nmethod 10347 0x000001aa48d3e010 code [0x000001aa48d3e220, 0x000001aa48d3e758]
Event: 20.740 Thread 0x000001aa58c89140 10348       2       org.apache.maven.artifact.DefaultArtifact::hasClassifier (8 bytes)
Event: 20.740 Thread 0x000001aa58c89140 nmethod 10348 0x000001aa48d3eb90 code [0x000001aa48d3ed20, 0x000001aa48d3ee78]
Event: 20.749 Thread 0x000001aa58c89140 10349       1       org.eclipse.m2e.jdt.internal.ClasspathEntryDescriptor::getSourceAttachmentPath (5 bytes)
Event: 20.750 Thread 0x000001aa58c89140 nmethod 10349 0x000001aa4f8e4910 code [0x000001aa4f8e4aa0, 0x000001aa4f8e4b78]
Event: 20.753 Thread 0x000001aa58c89140 10350       1       org.eclipse.m2e.jdt.internal.ClasspathEntryDescriptor::getArtifactKey (5 bytes)
Event: 20.754 Thread 0x000001aa58c89140 nmethod 10350 0x000001aa4f8e4c10 code [0x000001aa4f8e4da0, 0x000001aa4f8e4e78]

GC Heap History (20 events):
Event: 19.182 GC heap before
{Heap before GC invocations=125 (full 6):
 PSYoungGen      total 24576K, used 24320K [0x00000000eab00000, 0x00000000ed180000, 0x0000000100000000)
  eden space 16384K, 100% used [0x00000000eab00000,0x00000000ebb00000,0x00000000ebb00000)
  from space 8192K, 96% used [0x00000000ec500000,0x00000000eccc00d0,0x00000000ecd00000)
  to   space 10240K, 0% used [0x00000000ebb00000,0x00000000ebb00000,0x00000000ec500000)
 ParOldGen       total 198656K, used 174250K [0x00000000c0000000, 0x00000000cc200000, 0x00000000eab00000)
  object space 198656K, 87% used [0x00000000c0000000,0x00000000caa2a898,0x00000000cc200000)
 Metaspace       used 61310K, committed 62592K, reserved 1114112K
  class space    used 6528K, committed 7104K, reserved 1048576K
}
Event: 19.195 GC heap after
{Heap after GC invocations=125 (full 6):
 PSYoungGen      total 26624K, used 10225K [0x00000000eab00000, 0x00000000ed480000, 0x0000000100000000)
  eden space 16384K, 0% used [0x00000000eab00000,0x00000000eab00000,0x00000000ebb00000)
  from space 10240K, 99% used [0x00000000ebb00000,0x00000000ec4fc770,0x00000000ec500000)
  to   space 12288K, 0% used [0x00000000ec880000,0x00000000ec880000,0x00000000ed480000)
 ParOldGen       total 198656K, used 175521K [0x00000000c0000000, 0x00000000cc200000, 0x00000000eab00000)
  object space 198656K, 88% used [0x00000000c0000000,0x00000000cab68690,0x00000000cc200000)
 Metaspace       used 61310K, committed 62592K, reserved 1114112K
  class space    used 6528K, committed 7104K, reserved 1048576K
}
Event: 19.325 GC heap before
{Heap before GC invocations=126 (full 6):
 PSYoungGen      total 26624K, used 26609K [0x00000000eab00000, 0x00000000ed480000, 0x0000000100000000)
  eden space 16384K, 100% used [0x00000000eab00000,0x00000000ebb00000,0x00000000ebb00000)
  from space 10240K, 99% used [0x00000000ebb00000,0x00000000ec4fc770,0x00000000ec500000)
  to   space 12288K, 0% used [0x00000000ec880000,0x00000000ec880000,0x00000000ed480000)
 ParOldGen       total 198656K, used 175521K [0x00000000c0000000, 0x00000000cc200000, 0x00000000eab00000)
  object space 198656K, 88% used [0x00000000c0000000,0x00000000cab68690,0x00000000cc200000)
 Metaspace       used 61346K, committed 62592K, reserved 1114112K
  class space    used 6532K, committed 7104K, reserved 1048576K
}
Event: 19.338 GC heap after
{Heap after GC invocations=126 (full 6):
 PSYoungGen      total 27136K, used 8730K [0x00000000eab00000, 0x00000000ed180000, 0x0000000100000000)
  eden space 17920K, 0% used [0x00000000eab00000,0x00000000eab00000,0x00000000ebc80000)
  from space 9216K, 94% used [0x00000000ec880000,0x00000000ed106850,0x00000000ed180000)
  to   space 10240K, 0% used [0x00000000ebd80000,0x00000000ebd80000,0x00000000ec780000)
 ParOldGen       total 198656K, used 180865K [0x00000000c0000000, 0x00000000cc200000, 0x00000000eab00000)
  object space 198656K, 91% used [0x00000000c0000000,0x00000000cb0a07d0,0x00000000cc200000)
 Metaspace       used 61346K, committed 62592K, reserved 1114112K
  class space    used 6532K, committed 7104K, reserved 1048576K
}
Event: 19.449 GC heap before
{Heap before GC invocations=127 (full 6):
 PSYoungGen      total 27136K, used 26650K [0x00000000eab00000, 0x00000000ed180000, 0x0000000100000000)
  eden space 17920K, 100% used [0x00000000eab00000,0x00000000ebc80000,0x00000000ebc80000)
  from space 9216K, 94% used [0x00000000ec880000,0x00000000ed106850,0x00000000ed180000)
  to   space 10240K, 0% used [0x00000000ebd80000,0x00000000ebd80000,0x00000000ec780000)
 ParOldGen       total 198656K, used 180865K [0x00000000c0000000, 0x00000000cc200000, 0x00000000eab00000)
  object space 198656K, 91% used [0x00000000c0000000,0x00000000cb0a07d0,0x00000000cc200000)
 Metaspace       used 61369K, committed 62592K, reserved 1114112K
  class space    used 6534K, committed 7104K, reserved 1048576K
}
Event: 19.461 GC heap after
{Heap after GC invocations=127 (full 6):
 PSYoungGen      total 29184K, used 10223K [0x00000000eab00000, 0x00000000ed800000, 0x0000000100000000)
  eden space 18944K, 0% used [0x00000000eab00000,0x00000000eab00000,0x00000000ebd80000)
  from space 10240K, 99% used [0x00000000ebd80000,0x00000000ec77be40,0x00000000ec780000)
  to   space 13312K, 0% used [0x00000000ecb00000,0x00000000ecb00000,0x00000000ed800000)
 ParOldGen       total 198656K, used 182859K [0x00000000c0000000, 0x00000000cc200000, 0x00000000eab00000)
  object space 198656K, 92% used [0x00000000c0000000,0x00000000cb292ec0,0x00000000cc200000)
 Metaspace       used 61369K, committed 62592K, reserved 1114112K
  class space    used 6534K, committed 7104K, reserved 1048576K
}
Event: 19.579 GC heap before
{Heap before GC invocations=128 (full 6):
 PSYoungGen      total 29184K, used 29167K [0x00000000eab00000, 0x00000000ed800000, 0x0000000100000000)
  eden space 18944K, 100% used [0x00000000eab00000,0x00000000ebd80000,0x00000000ebd80000)
  from space 10240K, 99% used [0x00000000ebd80000,0x00000000ec77be40,0x00000000ec780000)
  to   space 13312K, 0% used [0x00000000ecb00000,0x00000000ecb00000,0x00000000ed800000)
 ParOldGen       total 198656K, used 182859K [0x00000000c0000000, 0x00000000cc200000, 0x00000000eab00000)
  object space 198656K, 92% used [0x00000000c0000000,0x00000000cb292ec0,0x00000000cc200000)
 Metaspace       used 61428K, committed 62656K, reserved 1114112K
  class space    used 6540K, committed 7104K, reserved 1048576K
}
Event: 19.591 GC heap after
{Heap after GC invocations=128 (full 6):
 PSYoungGen      total 30720K, used 10194K [0x00000000eab00000, 0x00000000ed500000, 0x0000000100000000)
  eden space 20480K, 0% used [0x00000000eab00000,0x00000000eab00000,0x00000000ebf00000)
  from space 10240K, 99% used [0x00000000ecb00000,0x00000000ed4f4848,0x00000000ed500000)
  to   space 11264K, 0% used [0x00000000ebf00000,0x00000000ebf00000,0x00000000eca00000)
 ParOldGen       total 198656K, used 186866K [0x00000000c0000000, 0x00000000cc200000, 0x00000000eab00000)
  object space 198656K, 94% used [0x00000000c0000000,0x00000000cb67c8c8,0x00000000cc200000)
 Metaspace       used 61428K, committed 62656K, reserved 1114112K
  class space    used 6540K, committed 7104K, reserved 1048576K
}
Event: 19.702 GC heap before
{Heap before GC invocations=129 (full 6):
 PSYoungGen      total 30720K, used 30674K [0x00000000eab00000, 0x00000000ed500000, 0x0000000100000000)
  eden space 20480K, 100% used [0x00000000eab00000,0x00000000ebf00000,0x00000000ebf00000)
  from space 10240K, 99% used [0x00000000ecb00000,0x00000000ed4f4848,0x00000000ed500000)
  to   space 11264K, 0% used [0x00000000ebf00000,0x00000000ebf00000,0x00000000eca00000)
 ParOldGen       total 198656K, used 186866K [0x00000000c0000000, 0x00000000cc200000, 0x00000000eab00000)
  object space 198656K, 94% used [0x00000000c0000000,0x00000000cb67c8c8,0x00000000cc200000)
 Metaspace       used 61428K, committed 62656K, reserved 1114112K
  class space    used 6540K, committed 7104K, reserved 1048576K
}
Event: 19.714 GC heap after
{Heap after GC invocations=129 (full 6):
 PSYoungGen      total 31744K, used 11258K [0x00000000eab00000, 0x00000000ede00000, 0x0000000100000000)
  eden space 20480K, 0% used [0x00000000eab00000,0x00000000eab00000,0x00000000ebf00000)
  from space 11264K, 99% used [0x00000000ebf00000,0x00000000ec9fe8e8,0x00000000eca00000)
  to   space 14848K, 0% used [0x00000000ecf80000,0x00000000ecf80000,0x00000000ede00000)
 ParOldGen       total 198656K, used 189499K [0x00000000c0000000, 0x00000000cc200000, 0x00000000eab00000)
  object space 198656K, 95% used [0x00000000c0000000,0x00000000cb90ef20,0x00000000cc200000)
 Metaspace       used 61428K, committed 62656K, reserved 1114112K
  class space    used 6540K, committed 7104K, reserved 1048576K
}
Event: 19.843 GC heap before
{Heap before GC invocations=130 (full 6):
 PSYoungGen      total 31744K, used 31738K [0x00000000eab00000, 0x00000000ede00000, 0x0000000100000000)
  eden space 20480K, 100% used [0x00000000eab00000,0x00000000ebf00000,0x00000000ebf00000)
  from space 11264K, 99% used [0x00000000ebf00000,0x00000000ec9fe8e8,0x00000000eca00000)
  to   space 14848K, 0% used [0x00000000ecf80000,0x00000000ecf80000,0x00000000ede00000)
 ParOldGen       total 198656K, used 189499K [0x00000000c0000000, 0x00000000cc200000, 0x00000000eab00000)
  object space 198656K, 95% used [0x00000000c0000000,0x00000000cb90ef20,0x00000000cc200000)
 Metaspace       used 61428K, committed 62656K, reserved 1114112K
  class space    used 6540K, committed 7104K, reserved 1048576K
}
Event: 19.857 GC heap after
{Heap after GC invocations=130 (full 6):
 PSYoungGen      total 33792K, used 11203K [0x00000000eab00000, 0x00000000eda80000, 0x0000000100000000)
  eden space 22528K, 0% used [0x00000000eab00000,0x00000000eab00000,0x00000000ec100000)
  from space 11264K, 99% used [0x00000000ecf80000,0x00000000eda70c58,0x00000000eda80000)
  to   space 12288K, 0% used [0x00000000ec280000,0x00000000ec280000,0x00000000ece80000)
 ParOldGen       total 198656K, used 194400K [0x00000000c0000000, 0x00000000cc200000, 0x00000000eab00000)
  object space 198656K, 97% used [0x00000000c0000000,0x00000000cbdd8220,0x00000000cc200000)
 Metaspace       used 61428K, committed 62656K, reserved 1114112K
  class space    used 6540K, committed 7104K, reserved 1048576K
}
Event: 19.857 GC heap before
{Heap before GC invocations=131 (full 7):
 PSYoungGen      total 33792K, used 11203K [0x00000000eab00000, 0x00000000eda80000, 0x0000000100000000)
  eden space 22528K, 0% used [0x00000000eab00000,0x00000000eab00000,0x00000000ec100000)
  from space 11264K, 99% used [0x00000000ecf80000,0x00000000eda70c58,0x00000000eda80000)
  to   space 12288K, 0% used [0x00000000ec280000,0x00000000ec280000,0x00000000ece80000)
 ParOldGen       total 198656K, used 194400K [0x00000000c0000000, 0x00000000cc200000, 0x00000000eab00000)
  object space 198656K, 97% used [0x00000000c0000000,0x00000000cbdd8220,0x00000000cc200000)
 Metaspace       used 61428K, committed 62656K, reserved 1114112K
  class space    used 6540K, committed 7104K, reserved 1048576K
}
Event: 20.139 GC heap after
{Heap after GC invocations=131 (full 7):
 PSYoungGen      total 35840K, used 1254K [0x00000000eab00000, 0x00000000edb00000, 0x0000000100000000)
  eden space 24576K, 0% used [0x00000000eab00000,0x00000000eab00000,0x00000000ec300000)
  from space 11264K, 11% used [0x00000000ecf80000,0x00000000ed0b9bb8,0x00000000eda80000)
  to   space 12288K, 0% used [0x00000000ec300000,0x00000000ec300000,0x00000000ecf00000)
 ParOldGen       total 264704K, used 198551K [0x00000000c0000000, 0x00000000d0280000, 0x00000000eab00000)
  object space 264704K, 75% used [0x00000000c0000000,0x00000000cc1e5ca0,0x00000000d0280000)
 Metaspace       used 61428K, committed 62656K, reserved 1114112K
  class space    used 6540K, committed 7104K, reserved 1048576K
}
Event: 20.311 GC heap before
{Heap before GC invocations=132 (full 7):
 PSYoungGen      total 35840K, used 25830K [0x00000000eab00000, 0x00000000edb00000, 0x0000000100000000)
  eden space 24576K, 100% used [0x00000000eab00000,0x00000000ec300000,0x00000000ec300000)
  from space 11264K, 11% used [0x00000000ecf80000,0x00000000ed0b9bb8,0x00000000eda80000)
  to   space 12288K, 0% used [0x00000000ec300000,0x00000000ec300000,0x00000000ecf00000)
 ParOldGen       total 264704K, used 198551K [0x00000000c0000000, 0x00000000d0280000, 0x00000000eab00000)
  object space 264704K, 75% used [0x00000000c0000000,0x00000000cc1e5ca0,0x00000000d0280000)
 Metaspace       used 61430K, committed 62720K, reserved 1114112K
  class space    used 6540K, committed 7104K, reserved 1048576K
}
Event: 20.337 GC heap after
{Heap after GC invocations=132 (full 7):
 PSYoungGen      total 32256K, used 7389K [0x00000000eab00000, 0x00000000ed700000, 0x0000000100000000)
  eden space 24576K, 0% used [0x00000000eab00000,0x00000000eab00000,0x00000000ec300000)
  from space 7680K, 96% used [0x00000000ec300000,0x00000000eca374c8,0x00000000eca80000)
  to   space 9216K, 0% used [0x00000000ece00000,0x00000000ece00000,0x00000000ed700000)
 ParOldGen       total 264704K, used 198551K [0x00000000c0000000, 0x00000000d0280000, 0x00000000eab00000)
  object space 264704K, 75% used [0x00000000c0000000,0x00000000cc1e5ca0,0x00000000d0280000)
 Metaspace       used 61430K, committed 62720K, reserved 1114112K
  class space    used 6540K, committed 7104K, reserved 1048576K
}
Event: 20.480 GC heap before
{Heap before GC invocations=133 (full 7):
 PSYoungGen      total 32256K, used 31965K [0x00000000eab00000, 0x00000000ed700000, 0x0000000100000000)
  eden space 24576K, 100% used [0x00000000eab00000,0x00000000ec300000,0x00000000ec300000)
  from space 7680K, 96% used [0x00000000ec300000,0x00000000eca374c8,0x00000000eca80000)
  to   space 9216K, 0% used [0x00000000ece00000,0x00000000ece00000,0x00000000ed700000)
 ParOldGen       total 264704K, used 198551K [0x00000000c0000000, 0x00000000d0280000, 0x00000000eab00000)
  object space 264704K, 75% used [0x00000000c0000000,0x00000000cc1e5ca0,0x00000000d0280000)
 Metaspace       used 61444K, committed 62720K, reserved 1114112K
  class space    used 6543K, committed 7104K, reserved 1048576K
}
Event: 20.490 GC heap after
{Heap after GC invocations=133 (full 7):
 PSYoungGen      total 31744K, used 9213K [0x00000000eab00000, 0x00000000edf00000, 0x0000000100000000)
  eden space 22528K, 0% used [0x00000000eab00000,0x00000000eab00000,0x00000000ec100000)
  from space 9216K, 99% used [0x00000000ece00000,0x00000000ed6ff540,0x00000000ed700000)
  to   space 13312K, 0% used [0x00000000ec100000,0x00000000ec100000,0x00000000ece00000)
 ParOldGen       total 264704K, used 201669K [0x00000000c0000000, 0x00000000d0280000, 0x00000000eab00000)
  object space 264704K, 76% used [0x00000000c0000000,0x00000000cc4f16a8,0x00000000d0280000)
 Metaspace       used 61444K, committed 62720K, reserved 1114112K
  class space    used 6543K, committed 7104K, reserved 1048576K
}
Event: 20.623 GC heap before
{Heap before GC invocations=134 (full 7):
 PSYoungGen      total 31744K, used 31741K [0x00000000eab00000, 0x00000000edf00000, 0x0000000100000000)
  eden space 22528K, 100% used [0x00000000eab00000,0x00000000ec100000,0x00000000ec100000)
  from space 9216K, 99% used [0x00000000ece00000,0x00000000ed6ff540,0x00000000ed700000)
  to   space 13312K, 0% used [0x00000000ec100000,0x00000000ec100000,0x00000000ece00000)
 ParOldGen       total 264704K, used 201669K [0x00000000c0000000, 0x00000000d0280000, 0x00000000eab00000)
  object space 264704K, 76% used [0x00000000c0000000,0x00000000cc4f16a8,0x00000000d0280000)
 Metaspace       used 61459K, committed 62720K, reserved 1114112K
  class space    used 6543K, committed 7104K, reserved 1048576K
}
Event: 20.634 GC heap after
{Heap after GC invocations=134 (full 7):
 PSYoungGen      total 35840K, used 13285K [0x00000000eab00000, 0x00000000ee000000, 0x0000000100000000)
  eden space 22528K, 0% used [0x00000000eab00000,0x00000000eab00000,0x00000000ec100000)
  from space 13312K, 99% used [0x00000000ec100000,0x00000000ecdf9760,0x00000000ece00000)
  to   space 14848K, 0% used [0x00000000ed180000,0x00000000ed180000,0x00000000ee000000)
 ParOldGen       total 264704K, used 202259K [0x00000000c0000000, 0x00000000d0280000, 0x00000000eab00000)
  object space 264704K, 76% used [0x00000000c0000000,0x00000000cc584d08,0x00000000d0280000)
 Metaspace       used 61459K, committed 62720K, reserved 1114112K
  class space    used 6543K, committed 7104K, reserved 1048576K
}

Dll operation events (10 events):
Event: 0.018 Loaded shared library c:\Users\Ricky Garcia\.vscode\extensions\redhat.java-1.27.0-win32-x64\jre\17.0.10-win32-x86_64\bin\java.dll
Event: 0.418 Loaded shared library c:\Users\Ricky Garcia\.vscode\extensions\redhat.java-1.27.0-win32-x64\jre\17.0.10-win32-x86_64\bin\zip.dll
Event: 0.429 Loaded shared library C:\Users\Ricky Garcia\.vscode\extensions\redhat.java-1.27.0-win32-x64\jre\17.0.10-win32-x86_64\bin\instrument.dll
Event: 0.464 Loaded shared library C:\Users\Ricky Garcia\.vscode\extensions\redhat.java-1.27.0-win32-x64\jre\17.0.10-win32-x86_64\bin\net.dll
Event: 0.474 Loaded shared library C:\Users\Ricky Garcia\.vscode\extensions\redhat.java-1.27.0-win32-x64\jre\17.0.10-win32-x86_64\bin\nio.dll
Event: 0.488 Loaded shared library C:\Users\Ricky Garcia\.vscode\extensions\redhat.java-1.27.0-win32-x64\jre\17.0.10-win32-x86_64\bin\zip.dll
Event: 0.522 Loaded shared library C:\Users\Ricky Garcia\.vscode\extensions\redhat.java-1.27.0-win32-x64\jre\17.0.10-win32-x86_64\bin\jimage.dll
Event: 0.636 Loaded shared library c:\Users\Ricky Garcia\.vscode\extensions\redhat.java-1.27.0-win32-x64\jre\17.0.10-win32-x86_64\bin\verify.dll
Event: 2.646 Loaded shared library C:\Users\Ricky Garcia\AppData\Roaming\Code\User\globalStorage\redhat.java\1.27.0\config_win\org.eclipse.equinox.launcher\org.eclipse.equinox.launcher.win32.win32.x86_64_1.2.900.v20240129-1338\eclipse_11900.dll
Event: 6.774 Loaded shared library C:\Users\Ricky Garcia\AppData\Local\Temp\jna-612083421\jna9385057680869817652.dll

Deoptimization events (20 events):
Event: 19.397 Thread 0x000001aa605ede80 DEOPT PACKING pc=0x000001aa47c82093 sp=0x0000002432ffe720
Event: 19.397 Thread 0x000001aa605ede80 DEOPT UNPACKING pc=0x000001aa4f016e43 sp=0x0000002432ffdc58 mode 0
Event: 19.411 Thread 0x000001aa605ede80 DEOPT PACKING pc=0x000001aa47c82093 sp=0x0000002432ffe720
Event: 19.411 Thread 0x000001aa605ede80 DEOPT UNPACKING pc=0x000001aa4f016e43 sp=0x0000002432ffdc58 mode 0
Event: 19.432 Thread 0x000001aa605ede80 DEOPT PACKING pc=0x000001aa47c82093 sp=0x0000002432ffe720
Event: 19.432 Thread 0x000001aa605ede80 DEOPT UNPACKING pc=0x000001aa4f016e43 sp=0x0000002432ffdc58 mode 0
Event: 19.640 Thread 0x000001aa61727020 DEOPT PACKING pc=0x000001aa47d92b44 sp=0x00000024335fdee0
Event: 19.641 Thread 0x000001aa61727020 DEOPT UNPACKING pc=0x000001aa4f016e43 sp=0x00000024335fd460 mode 0
Event: 19.665 Thread 0x000001aa605ede80 DEOPT PACKING pc=0x000001aa4890a49f sp=0x0000002432ffed60
Event: 19.666 Thread 0x000001aa605ede80 DEOPT UNPACKING pc=0x000001aa4f016e43 sp=0x0000002432ffe200 mode 0
Event: 20.240 Thread 0x000001aa61727020 Uncommon trap: trap_request=0xffffff45 fr.pc=0x000001aa4f6424b8 relative=0x0000000000002798
Event: 20.240 Thread 0x000001aa61727020 Uncommon trap: reason=unstable_if action=reinterpret pc=0x000001aa4f6424b8 method=java.util.jar.Attributes$Name.hash(Ljava/lang/String;)I @ 89 c2
Event: 20.240 Thread 0x000001aa61727020 DEOPT PACKING pc=0x000001aa4f6424b8 sp=0x00000024335fe310
Event: 20.240 Thread 0x000001aa61727020 DEOPT UNPACKING pc=0x000001aa4f0166a3 sp=0x00000024335fe120 mode 2
Event: 20.289 Thread 0x000001aa61727020 DEOPT PACKING pc=0x000001aa47d92b44 sp=0x00000024335fdee0
Event: 20.289 Thread 0x000001aa61727020 DEOPT UNPACKING pc=0x000001aa4f016e43 sp=0x00000024335fd460 mode 0
Event: 20.443 Thread 0x000001aa61727020 Uncommon trap: trap_request=0xffffff45 fr.pc=0x000001aa4f6131b0 relative=0x0000000000000190
Event: 20.443 Thread 0x000001aa61727020 Uncommon trap: reason=unstable_if action=reinterpret pc=0x000001aa4f6131b0 method=java.util.zip.ZipFile$Source.isMetaName([BII)Z @ 57 c2
Event: 20.443 Thread 0x000001aa61727020 DEOPT PACKING pc=0x000001aa4f6131b0 sp=0x00000024335fe280
Event: 20.443 Thread 0x000001aa61727020 DEOPT UNPACKING pc=0x000001aa4f0166a3 sp=0x00000024335fe210 mode 2

Classes unloaded (11 events):
Event: 4.314 Thread 0x000001aa58b7f930 Unloading class 0x0000000100252400 'java/lang/invoke/LambdaForm$MH+0x0000000100252400'
Event: 4.314 Thread 0x000001aa58b7f930 Unloading class 0x0000000100252000 'java/lang/invoke/LambdaForm$MH+0x0000000100252000'
Event: 4.314 Thread 0x000001aa58b7f930 Unloading class 0x0000000100251c00 'java/lang/invoke/LambdaForm$MH+0x0000000100251c00'
Event: 4.314 Thread 0x000001aa58b7f930 Unloading class 0x0000000100251800 'java/lang/invoke/LambdaForm$MH+0x0000000100251800'
Event: 4.314 Thread 0x000001aa58b7f930 Unloading class 0x0000000100251400 'java/lang/invoke/LambdaForm$BMH+0x0000000100251400'
Event: 4.314 Thread 0x000001aa58b7f930 Unloading class 0x0000000100251000 'java/lang/invoke/LambdaForm$DMH+0x0000000100251000'
Event: 4.314 Thread 0x000001aa58b7f930 Unloading class 0x000000010024c400 'java/lang/invoke/LambdaForm$DMH+0x000000010024c400'
Event: 17.073 Thread 0x000001aa58b7f930 Unloading class 0x00000001006f5400 'java/lang/invoke/LambdaForm$DMH+0x00000001006f5400'
Event: 17.073 Thread 0x000001aa58b7f930 Unloading class 0x00000001006f4c00 'java/lang/invoke/LambdaForm$DMH+0x00000001006f4c00'
Event: 17.073 Thread 0x000001aa58b7f930 Unloading class 0x00000001006f5000 'java/lang/invoke/LambdaForm$DMH+0x00000001006f5000'
Event: 17.073 Thread 0x000001aa58b7f930 Unloading class 0x00000001006f4800 'java/lang/invoke/LambdaForm$DMH+0x00000001006f4800'

Classes redefined (0 events):
No events

Internal exceptions (20 events):
Event: 16.183 Thread 0x000001aa61722430 Exception <a 'java/io/FileNotFoundException'{0x00000000eb096bd8}> (0x00000000eb096bd8) 
thrown [s\src\hotspot\share\prims\jni.cpp, line 516]
Event: 16.379 Thread 0x000001aa61727020 Exception <a 'java/lang/NoSuchMethodError'{0x00000000eab8dee0}: 'int java.lang.invoke.DirectMethodHandle$Holder.invokeSpecialIFC(java.lang.Object, java.lang.Object, java.lang.Object)'> (0x00000000eab8dee0) 
thrown [s\src\hotspot\share\interpreter\linkResolver.cpp, line 759]
Event: 16.486 Thread 0x000001aa61727020 Exception <a 'java/lang/NoSuchMethodError'{0x00000000eb0b14e8}: 'java.lang.Object java.lang.invoke.Invokers$Holder.linkToTargetMethod(java.lang.Object, java.lang.Object, java.lang.Object, java.lang.Object, java.lang.Object, java.lang.Object, java.lang.Object)'> (0x00000000eb0b14e8) 
thrown [s\src\hotspot\share\interpreter\linkResolver.cpp, line 759]
Event: 16.509 Thread 0x000001aa61727020 Exception <a 'java/lang/NoSuchMethodError'{0x00000000eb405140}: 'void java.lang.invoke.DirectMethodHandle$Holder.invokeInterface(java.lang.Object, java.lang.Object)'> (0x00000000eb405140) 
thrown [s\src\hotspot\share\interpreter\linkResolver.cpp, line 759]
Event: 16.517 Thread 0x000001aa61727020 Exception <a 'java/lang/NoSuchMethodError'{0x00000000eb57ae68}: 'java.lang.Object java.lang.invoke.DirectMethodHandle$Holder.newInvokeSpecial(java.lang.Object, java.lang.Object, java.lang.Object, java.lang.Object, java.lang.Object, java.lang.Object)'> (0x00000000eb57ae68) 
thrown [s\src\hotspot\share\interpreter\linkResolver.cpp, line 759]
Event: 16.529 Thread 0x000001aa617247a0 Exception <a 'java/lang/NoSuchMethodError'{0x00000000eabdff30}: 'void java.lang.invoke.DirectMethodHandle$Holder.invokeSpecial(java.lang.Object, java.lang.Object, java.lang.Object, java.lang.Object, java.lang.Object, java.lang.Object, java.lang.Object, java.lang.Object)'> (0x00000000eabdff30) 
thrown [s\src\hotspot\share\interpreter\linkResolver.cpp, line 759]
Event: 16.529 Thread 0x000001aa61723870 Exception <a 'java/lang/NoSuchMethodError'{0x00000000eac0d7b8}: 'void java.lang.invoke.DirectMethodHandle$Holder.invokeSpecial(java.lang.Object, java.lang.Object, java.lang.Object, java.lang.Object, java.lang.Object, java.lang.Object, java.lang.Object, java.lang.Object)'> (0x00000000eac0d7b8) 
thrown [s\src\hotspot\share\interpreter\linkResolver.cpp, line 759]
Event: 16.529 Thread 0x000001aa61725be0 Exception <a 'java/lang/NoSuchMethodError'{0x00000000eabfc050}: 'void java.lang.invoke.DirectMethodHandle$Holder.invokeSpecial(java.lang.Object, java.lang.Object, java.lang.Object, java.lang.Object, java.lang.Object, java.lang.Object, java.lang.Object, java.lang.Object)'> (0x00000000eabfc050) 
thrown [s\src\hotspot\share\interpreter\linkResolver.cpp, line 759]
Event: 16.529 Thread 0x000001aa61724cb0 Exception <a 'java/lang/NoSuchMethodError'{0x00000000eabedef0}: 'void java.lang.invoke.DirectMethodHandle$Holder.invokeSpecial(java.lang.Object, java.lang.Object, java.lang.Object, java.lang.Object, java.lang.Object, java.lang.Object, java.lang.Object, java.lang.Object)'> (0x00000000eabedef0) 
thrown [s\src\hotspot\share\interpreter\linkResolver.cpp, line 759]
Event: 16.529 Thread 0x000001aa61722e50 Exception <a 'java/lang/NoSuchMethodError'{0x00000000eabfff90}: 'void java.lang.invoke.DirectMethodHandle$Holder.invokeSpecial(java.lang.Object, java.lang.Object, java.lang.Object, java.lang.Object, java.lang.Object, java.lang.Object, java.lang.Object, java.lang.Object)'> (0x00000000eabfff90) 
thrown [s\src\hotspot\share\interpreter\linkResolver.cpp, line 759]
Event: 18.784 Thread 0x000001aa61727020 Implicit null exception at 0x000001aa4f59da60 to 0x000001aa4f59dd24
Event: 18.784 Thread 0x000001aa61727020 Implicit null exception at 0x000001aa4f602760 to 0x000001aa4f602a20
Event: 18.785 Thread 0x000001aa61727020 Implicit null exception at 0x000001aa4f59e50f to 0x000001aa4f59e589
Event: 19.162 Thread 0x000001aa61727020 Exception <a 'java/lang/NoSuchMethodError'{0x00000000eba1cb68}: 'long java.lang.invoke.DirectMethodHandle$Holder.invokeStatic(java.lang.Object, java.lang.Object)'> (0x00000000eba1cb68) 
thrown [s\src\hotspot\share\interpreter\linkResolver.cpp, line 759]
Event: 19.209 Thread 0x000001aa61727020 Exception <a 'java/lang/NoSuchMethodError'{0x00000000eacad668}: 'java.lang.Object java.lang.invoke.DirectMethodHandle$Holder.newInvokeSpecial(java.lang.Object, java.lang.Object, java.lang.Object, int)'> (0x00000000eacad668) 
thrown [s\src\hotspot\share\interpreter\linkResolver.cpp, line 759]
Event: 19.210 Thread 0x000001aa61727020 Exception <a 'java/lang/NoSuchMethodError'{0x00000000eacb19b0}: 'java.lang.Object java.lang.invoke.DirectMethodHandle$Holder.invokeSpecial(java.lang.Object, java.lang.Object, java.lang.Object, java.lang.Object, int)'> (0x00000000eacb19b0) 
thrown [s\src\hotspot\share\interpreter\linkResolver.cpp, line 759]
Event: 19.211 Thread 0x000001aa61727020 Exception <a 'java/lang/NoSuchMethodError'{0x00000000eacb5300}: 'java.lang.Object java.lang.invoke.Invokers$Holder.linkToTargetMethod(java.lang.Object, java.lang.Object, int, java.lang.Object)'> (0x00000000eacb5300) 
thrown [s\src\hotspot\share\interpreter\linkResolver.cpp, line 759]
Event: 19.373 Thread 0x000001aa61727020 Exception <a 'java/lang/NoSuchMethodError'{0x00000000eaff6cf8}: static Lorg/apache/maven/model/InputLocation;.<clinit>()V> (0x00000000eaff6cf8) 
thrown [s\src\hotspot\share\prims\jni.cpp, line 1107]
Event: 19.375 Thread 0x000001aa61727020 Exception <a 'java/lang/NoSuchMethodError'{0x00000000eb04d108}: static Lorg/apache/maven/model/InputSource;.<clinit>()V> (0x00000000eb04d108) 
thrown [s\src\hotspot\share\prims\jni.cpp, line 1107]
Event: 19.550 Thread 0x000001aa61727020 Exception <a 'java/lang/NoSuchMethodError'{0x00000000eb80c930}: 'void java.lang.invoke.DirectMethodHandle$Holder.invokeSpecial(java.lang.Object, java.lang.Object, java.lang.Object, java.lang.Object, java.lang.Object)'> (0x00000000eb80c930) 
thrown [s\src\hotspot\share\interpreter\linkResolver.cpp, line 759]

VM Operations (20 events):
Event: 19.053 Executing VM operation: ParallelGCFailedAllocation
Event: 19.066 Executing VM operation: ParallelGCFailedAllocation done
Event: 19.167 Executing VM operation: ParallelGCFailedAllocation
Event: 19.197 Executing VM operation: ParallelGCFailedAllocation done
Event: 19.325 Executing VM operation: ParallelGCFailedAllocation
Event: 19.338 Executing VM operation: ParallelGCFailedAllocation done
Event: 19.449 Executing VM operation: ParallelGCFailedAllocation
Event: 19.461 Executing VM operation: ParallelGCFailedAllocation done
Event: 19.579 Executing VM operation: ParallelGCFailedAllocation
Event: 19.592 Executing VM operation: ParallelGCFailedAllocation done
Event: 19.702 Executing VM operation: ParallelGCFailedAllocation
Event: 19.714 Executing VM operation: ParallelGCFailedAllocation done
Event: 19.843 Executing VM operation: ParallelGCFailedAllocation
Event: 20.139 Executing VM operation: ParallelGCFailedAllocation done
Event: 20.310 Executing VM operation: ParallelGCFailedAllocation
Event: 20.338 Executing VM operation: ParallelGCFailedAllocation done
Event: 20.480 Executing VM operation: ParallelGCFailedAllocation
Event: 20.490 Executing VM operation: ParallelGCFailedAllocation done
Event: 20.623 Executing VM operation: ParallelGCFailedAllocation
Event: 20.634 Executing VM operation: ParallelGCFailedAllocation done

Events (20 events):
Event: 16.625 loading class sun/nio/cs/ISO_8859_1$Decoder done
Event: 16.654 Thread 0x000001aa61722e50 Thread exited: 0x000001aa61722e50
Event: 16.654 Thread 0x000001aa61723870 Thread exited: 0x000001aa61723870
Event: 16.655 Thread 0x000001aa617247a0 Thread exited: 0x000001aa617247a0
Event: 16.655 Thread 0x000001aa61724cb0 Thread exited: 0x000001aa61724cb0
Event: 16.655 Thread 0x000001aa61725be0 Thread exited: 0x000001aa61725be0
Event: 17.254 Thread 0x000001aa61725be0 Thread added: 0x000001aa61725be0
Event: 17.254 Thread 0x000001aa61726600 Thread added: 0x000001aa61726600
Event: 17.254 Thread 0x000001aa61722e50 Thread added: 0x000001aa61722e50
Event: 17.254 Thread 0x000001aa61723870 Thread added: 0x000001aa61723870
Event: 17.254 Thread 0x000001aa617247a0 Thread added: 0x000001aa617247a0
Event: 18.781 Thread 0x000001aa61723870 Thread exited: 0x000001aa61723870
Event: 18.781 Thread 0x000001aa61722e50 Thread exited: 0x000001aa61722e50
Event: 18.781 Thread 0x000001aa61726600 Thread exited: 0x000001aa61726600
Event: 18.782 Thread 0x000001aa617247a0 Thread exited: 0x000001aa617247a0
Event: 18.783 Thread 0x000001aa61725be0 Thread exited: 0x000001aa61725be0
Event: 19.161 loading class java/util/function/ToLongFunction
Event: 19.161 loading class java/util/function/ToLongFunction done
Event: 19.200 loading class java/lang/invoke/MethodHandleImpl$CountingWrapper$1
Event: 19.200 loading class java/lang/invoke/MethodHandleImpl$CountingWrapper$1 done


Dynamic libraries:
0x00007ff779d00000 - 0x00007ff779d0e000 	c:\Users\Ricky Garcia\.vscode\extensions\redhat.java-1.27.0-win32-x64\jre\17.0.10-win32-x86_64\bin\java.exe
0x00007ff801d30000 - 0x00007ff801f47000 	C:\WINDOWS\SYSTEM32\ntdll.dll
0x00007ff8003e0000 - 0x00007ff8004a4000 	C:\WINDOWS\System32\KERNEL32.DLL
0x00007fffff340000 - 0x00007fffff6e6000 	C:\WINDOWS\System32\KERNELBASE.dll
0x00007fffff770000 - 0x00007fffff881000 	C:\WINDOWS\System32\ucrtbase.dll
0x00007fffd1bd0000 - 0x00007fffd1be7000 	c:\Users\Ricky Garcia\.vscode\extensions\redhat.java-1.27.0-win32-x64\jre\17.0.10-win32-x86_64\bin\jli.dll
0x00007fffe4790000 - 0x00007fffe47ab000 	c:\Users\Ricky Garcia\.vscode\extensions\redhat.java-1.27.0-win32-x64\jre\17.0.10-win32-x86_64\bin\VCRUNTIME140.dll
0x00007fffffe40000 - 0x00007ffffffee000 	C:\WINDOWS\System32\USER32.dll
0x00007fffff200000 - 0x00007fffff226000 	C:\WINDOWS\System32\win32u.dll
0x00007fffd4690000 - 0x00007fffd4923000 	C:\WINDOWS\WinSxS\amd64_microsoft.windows.common-controls_6595b64144ccf1df_6.0.22621.2506_none_270c5ae97388e100\COMCTL32.dll
0x00007ff801270000 - 0x00007ff801299000 	C:\WINDOWS\System32\GDI32.dll
0x00007ff801b80000 - 0x00007ff801c27000 	C:\WINDOWS\System32\msvcrt.dll
0x00007fffff950000 - 0x00007fffffa68000 	C:\WINDOWS\System32\gdi32full.dll
0x00007fffff230000 - 0x00007fffff2ca000 	C:\WINDOWS\System32\msvcp_win.dll
0x00007fffffc40000 - 0x00007fffffc71000 	C:\WINDOWS\System32\IMM32.DLL
0x00007ffffba90000 - 0x00007ffffba9c000 	c:\Users\Ricky Garcia\.vscode\extensions\redhat.java-1.27.0-win32-x64\jre\17.0.10-win32-x86_64\bin\vcruntime140_1.dll
0x00007fffb25f0000 - 0x00007fffb267d000 	c:\Users\Ricky Garcia\.vscode\extensions\redhat.java-1.27.0-win32-x64\jre\17.0.10-win32-x86_64\bin\msvcp140.dll
0x00007fff53d70000 - 0x00007fff549d2000 	c:\Users\Ricky Garcia\.vscode\extensions\redhat.java-1.27.0-win32-x64\jre\17.0.10-win32-x86_64\bin\server\jvm.dll
0x00007ff801c30000 - 0x00007ff801ce3000 	C:\WINDOWS\System32\ADVAPI32.dll
0x00007ff8014c0000 - 0x00007ff801568000 	C:\WINDOWS\System32\sechost.dll
0x00007fffff060000 - 0x00007fffff088000 	C:\WINDOWS\System32\bcrypt.dll
0x00007ff800060000 - 0x00007ff800177000 	C:\WINDOWS\System32\RPCRT4.dll
0x00007ffffdea0000 - 0x00007ffffdeed000 	C:\WINDOWS\SYSTEM32\POWRPROF.dll
0x00007fffdb7d0000 - 0x00007fffdb7d9000 	C:\WINDOWS\SYSTEM32\WSOCK32.dll
0x00007fffffa70000 - 0x00007fffffae1000 	C:\WINDOWS\System32\WS2_32.dll
0x00007ffff69c0000 - 0x00007ffff69f4000 	C:\WINDOWS\SYSTEM32\WINMM.dll
0x00007ffff6700000 - 0x00007ffff670a000 	C:\WINDOWS\SYSTEM32\VERSION.dll
0x00007ffffde80000 - 0x00007ffffde93000 	C:\WINDOWS\SYSTEM32\UMPDC.dll
0x00007ffffe140000 - 0x00007ffffe158000 	C:\WINDOWS\SYSTEM32\kernel.appcore.dll
0x00007fffe51d0000 - 0x00007fffe51da000 	c:\Users\Ricky Garcia\.vscode\extensions\redhat.java-1.27.0-win32-x64\jre\17.0.10-win32-x86_64\bin\jimage.dll
0x00007ffffc440000 - 0x00007ffffc673000 	C:\WINDOWS\SYSTEM32\DBGHELP.DLL
0x00007ff800d10000 - 0x00007ff801099000 	C:\WINDOWS\System32\combase.dll
0x00007fffffb60000 - 0x00007fffffc37000 	C:\WINDOWS\System32\OLEAUT32.dll
0x00007fffeec90000 - 0x00007fffeecc2000 	C:\WINDOWS\SYSTEM32\dbgcore.DLL
0x00007fffff6f0000 - 0x00007fffff76a000 	C:\WINDOWS\System32\bcryptPrimitives.dll
0x00007fffcdac0000 - 0x00007fffcdace000 	c:\Users\Ricky Garcia\.vscode\extensions\redhat.java-1.27.0-win32-x64\jre\17.0.10-win32-x86_64\bin\instrument.dll
0x00007fffccf20000 - 0x00007fffccf45000 	c:\Users\Ricky Garcia\.vscode\extensions\redhat.java-1.27.0-win32-x64\jre\17.0.10-win32-x86_64\bin\java.dll
0x00007fffc68e0000 - 0x00007fffc68f8000 	c:\Users\Ricky Garcia\.vscode\extensions\redhat.java-1.27.0-win32-x64\jre\17.0.10-win32-x86_64\bin\zip.dll
0x00007ff8004b0000 - 0x00007ff800d0a000 	C:\WINDOWS\System32\SHELL32.dll
0x00007ffffcf70000 - 0x00007ffffd866000 	C:\WINDOWS\SYSTEM32\windows.storage.dll
0x00007ffffce30000 - 0x00007ffffcf6e000 	C:\WINDOWS\SYSTEM32\wintypes.dll
0x00007ff8012c0000 - 0x00007ff8013b3000 	C:\WINDOWS\System32\SHCORE.dll
0x00007ff800000000 - 0x00007ff80005e000 	C:\WINDOWS\System32\shlwapi.dll
0x00007ffffef90000 - 0x00007ffffefb6000 	C:\WINDOWS\SYSTEM32\profapi.dll
0x00007fffc68c0000 - 0x00007fffc68d9000 	C:\Users\Ricky Garcia\.vscode\extensions\redhat.java-1.27.0-win32-x64\jre\17.0.10-win32-x86_64\bin\net.dll
0x00007ffff7710000 - 0x00007ffff7847000 	C:\WINDOWS\SYSTEM32\WINHTTP.dll
0x00007ffffe5c0000 - 0x00007ffffe629000 	C:\WINDOWS\system32\mswsock.dll
0x00007fffc21e0000 - 0x00007fffc21f6000 	C:\Users\Ricky Garcia\.vscode\extensions\redhat.java-1.27.0-win32-x64\jre\17.0.10-win32-x86_64\bin\nio.dll
0x00007fffcf060000 - 0x00007fffcf070000 	c:\Users\Ricky Garcia\.vscode\extensions\redhat.java-1.27.0-win32-x64\jre\17.0.10-win32-x86_64\bin\verify.dll
0x00007fffbbf00000 - 0x00007fffbbf3e000 	C:\Users\Ricky Garcia\AppData\Roaming\Code\User\globalStorage\redhat.java\1.27.0\config_win\org.eclipse.equinox.launcher\org.eclipse.equinox.launcher.win32.win32.x86_64_1.2.900.v20240129-1338\eclipse_11900.dll
0x00007ff800180000 - 0x00007ff800320000 	C:\WINDOWS\System32\ole32.dll
0x00007ffffe800000 - 0x00007ffffe81b000 	C:\WINDOWS\SYSTEM32\CRYPTSP.dll
0x00007ffffe0a0000 - 0x00007ffffe0d5000 	C:\WINDOWS\system32\rsaenh.dll
0x00007ffffe680000 - 0x00007ffffe6ac000 	C:\WINDOWS\SYSTEM32\USERENV.dll
0x00007ffffe820000 - 0x00007ffffe82c000 	C:\WINDOWS\SYSTEM32\CRYPTBASE.dll
0x00007ffffdb40000 - 0x00007ffffdb6d000 	C:\WINDOWS\SYSTEM32\IPHLPAPI.DLL
0x00007ff8015c0000 - 0x00007ff8015c9000 	C:\WINDOWS\System32\NSI.dll
0x00007ffff7910000 - 0x00007ffff7929000 	C:\WINDOWS\SYSTEM32\dhcpcsvc6.DLL
0x00007ffff76d0000 - 0x00007ffff76ef000 	C:\WINDOWS\SYSTEM32\dhcpcsvc.DLL
0x00007ffffdb70000 - 0x00007ffffdc69000 	C:\WINDOWS\SYSTEM32\DNSAPI.dll
0x00007fffb1a30000 - 0x00007fffb1a75000 	C:\Users\Ricky Garcia\AppData\Local\Temp\jna-612083421\jna9385057680869817652.dll
0x00007ff800320000 - 0x00007ff800328000 	C:\WINDOWS\System32\PSAPI.DLL

dbghelp: loaded successfully - version: 4.0.5 - missing functions: none
symbol engine: initialized successfully - sym options: 0x614 - pdb path: .;c:\Users\Ricky Garcia\.vscode\extensions\redhat.java-1.27.0-win32-x64\jre\17.0.10-win32-x86_64\bin;C:\WINDOWS\SYSTEM32;C:\WINDOWS\WinSxS\amd64_microsoft.windows.common-controls_6595b64144ccf1df_6.0.22621.2506_none_270c5ae97388e100;c:\Users\Ricky Garcia\.vscode\extensions\redhat.java-1.27.0-win32-x64\jre\17.0.10-win32-x86_64\bin\server;C:\Users\Ricky Garcia\AppData\Roaming\Code\User\globalStorage\redhat.java\1.27.0\config_win\org.eclipse.equinox.launcher\org.eclipse.equinox.launcher.win32.win32.x86_64_1.2.900.v20240129-1338;C:\Users\Ricky Garcia\AppData\Local\Temp\jna-612083421

VM Arguments:
jvm_args: --add-modules=ALL-SYSTEM --add-opens=java.base/java.util=ALL-UNNAMED --add-opens=java.base/java.lang=ALL-UNNAMED --add-opens=java.base/sun.nio.fs=ALL-UNNAMED -Declipse.application=org.eclipse.jdt.ls.core.id1 -Dosgi.bundles.defaultStartLevel=4 -Declipse.product=org.eclipse.jdt.ls.core.product -Djava.import.generatesMetadataFilesAtProjectRoot=false -DDetectVMInstallationsJob.disabled=true -Dfile.encoding=utf8 -XX:+UseParallelGC -XX:GCTimeRatio=4 -XX:AdaptiveSizePolicyWeight=90 -Dsun.zip.disableMemoryMapping=true -Xmx1G -Xms100m -Xlog:disable -javaagent:c:\Users\Ricky Garcia\.vscode\extensions\redhat.java-1.27.0-win32-x64\lombok\lombok-1.18.31.jar -XX:+HeapDumpOnOutOfMemoryError -XX:HeapDumpPath=c:\Users\Ricky Garcia\AppData\Roaming\Code\User\workspaceStorage\fa0a1e08c69df178198f0c09288cdad3\redhat.java -Daether.dependencyCollector.impl=bf 
java_command: c:\Users\Ricky Garcia\.vscode\extensions\redhat.java-1.27.0-win32-x64\server\plugins\org.eclipse.equinox.launcher_1.6.700.v20231214-2017.jar -configuration c:\Users\Ricky Garcia\AppData\Roaming\Code\User\globalStorage\redhat.java\1.27.0\config_win -data c:\Users\Ricky Garcia\AppData\Roaming\Code\User\workspaceStorage\fa0a1e08c69df178198f0c09288cdad3\redhat.java\jdt_ws --stdio
java_class_path (initial): c:\Users\Ricky Garcia\.vscode\extensions\redhat.java-1.27.0-win32-x64\server\plugins\org.eclipse.equinox.launcher_1.6.700.v20231214-2017.jar
Launcher Type: SUN_STANDARD

[Global flags]
    uintx AdaptiveSizePolicyWeight                 = 90                                        {product} {command line}
     intx CICompilerCount                          = 4                                         {product} {ergonomic}
    uintx GCTimeRatio                              = 4                                         {product} {command line}
     bool HeapDumpOnOutOfMemoryError               = true                                   {manageable} {command line}
    ccstr HeapDumpPath                             = c:\Users\Ricky Garcia\AppData\Roaming\Code\User\workspaceStorage\fa0a1e08c69df178198f0c09288cdad3\redhat.java         {manageable} {command line}
   size_t InitialHeapSize                          = 104857600                                 {product} {command line}
   size_t MaxHeapSize                              = 1073741824                                {product} {command line}
   size_t MaxNewSize                               = 357564416                                 {product} {ergonomic}
   size_t MinHeapDeltaBytes                        = 524288                                    {product} {ergonomic}
   size_t MinHeapSize                              = 104857600                                 {product} {command line}
   size_t NewSize                                  = 34603008                                  {product} {ergonomic}
    uintx NonNMethodCodeHeapSize                   = 5839372                                {pd product} {ergonomic}
    uintx NonProfiledCodeHeapSize                  = 122909434                              {pd product} {ergonomic}
   size_t OldSize                                  = 70254592                                  {product} {ergonomic}
    uintx ProfiledCodeHeapSize                     = 122909434                              {pd product} {ergonomic}
    uintx ReservedCodeCacheSize                    = 251658240                              {pd product} {ergonomic}
     bool SegmentedCodeCache                       = true                                      {product} {ergonomic}
   size_t SoftMaxHeapSize                          = 1073741824                             {manageable} {ergonomic}
     bool UseCompressedClassPointers               = true                           {product lp64_product} {ergonomic}
     bool UseCompressedOops                        = true                           {product lp64_product} {ergonomic}
     bool UseLargePagesIndividualAllocation        = false                                  {pd product} {ergonomic}
     bool UseParallelGC                            = true                                      {product} {command line}

Logging:
Log output configuration:
 #0: stdout all=off uptime,level,tags
 #1: stderr all=off uptime,level,tags

Environment Variables:
JAVA_HOME=C:\jdk21\
PATH=C:\jdk21\bin;C:\Windows\system32;C:\Windows;C:\Windows\System32\Wbem;C:\Windows\System32\WindowsPowerShell\v1.0\;C:\Windows\System32\OpenSSH\;C:\Program Files (x86)\NVIDIA Corporation\PhysX\Common;C:\Program Files\NVIDIA Corporation\NVIDIA NvDLISR;C:\WINDOWS\system32;C:\WINDOWS;C:\WINDOWS\System32\Wbem;C:\WINDOWS\System32\WindowsPowerShell\v1.0\;C:\WINDOWS\System32\OpenSSH\;C:\Program Files\Microsoft SQL Server\150\Tools\Binn\;C:\Program Files\Microsoft SQL Server\Client SDK\ODBC\170\Tools\Binn\;C:\Program Files\dotnet\;C:\Program Files (x86)\Microsoft SQL Server\160\Tools\Binn\;C:\Program Files\Microsoft SQL Server\160\Tools\Binn\;C:\Program Files\Microsoft SQL Server\160\DTS\Binn\;C:\Program Files (x86)\Microsoft SQL Server\160\DTS\Binn\;C:\Program Files\Azure Data Studio\bin;C:\Program Files\Git\cmd;C:\Program Files\Git\bin;C:\Program Files\nodejs\;C:\Program Files\Docker\Docker\resources\bin;C:\Users\Ricky Garcia\AppData\Local\Microsoft\WindowsApps;C:\Users\Ricky Garcia\.dotnet\tools;C:\Program Files\Azure Data Studio\bin;C:\Users\Ricky Garcia\AppData\Local\Programs\Microsoft VS Code\bin;C:\Program Files\PostgreSQL\16\bin;C:\Users\Ricky Garcia\AppData\Roaming\npm
USERNAME=RickyGarcia
OS=Windows_NT
PROCESSOR_IDENTIFIER=Intel64 Family 6 Model 165 Stepping 2, GenuineIntel
TMP=C:\Users\RICKYG~1\AppData\Local\Temp
TEMP=C:\Users\RICKYG~1\AppData\Local\Temp



Periodic native trim disabled


---------------  S Y S T E M  ---------------

OS:
 Windows 11 , 64 bit Build 22621 (10.0.22621.2506)
OS uptime: 0 days 23:20 hours
Hyper-V role detected

CPU: total 12 (initial active 12) (6 cores per cpu, 2 threads per core) family 6 model 165 stepping 2 microcode 0xf8, cx8, cmov, fxsr, ht, mmx, 3dnowpref, sse, sse2, sse3, ssse3, sse4.1, sse4.2, popcnt, lzcnt, tsc, tscinvbit, avx, avx2, aes, erms, clmul, bmi1, bmi2, adx, fma, vzeroupper, clflush, clflushopt, hv
Processor Information for all 12 processors :
  Max Mhz: 2496, Current Mhz: 2496, Mhz Limit: 2496

Memory: 4k page, system-wide physical 7967M (15M free)
TotalPageFile size 32543M (AvailPageFile size 8M)
current process WorkingSet (physical memory assigned to process): 450M, peak: 453M
current process commit charge ("private bytes"): 532M, peak: 535M

vm_info: OpenJDK 64-Bit Server VM (17.0.10+7) for windows-amd64 JRE (17.0.10+7), built on Jan 16 2024 23:25:11 by "admin" with MS VC++ 16.10 / 16.11 (VS2019)

END.
