#
# There is insufficient memory for the Java Runtime Environment to continue.
# Native memory allocation (malloc) failed to allocate 709216 bytes for Chunk::new
# Possible reasons:
#   The system is out of physical RAM or swap space
#   The process is running with CompressedOops enabled, and the Java Heap may be blocking the growth of the native heap
# Possible solutions:
#   Reduce memory load on the system
#   Increase physical memory or swap space
#   Check if swap backing store is full
#   Decrease Java heap size (-Xmx/-Xms)
#   Decrease number of Java threads
#   Decrease Java thread stack sizes (-Xss)
#   Set larger code cache with -XX:ReservedCodeCacheSize=
#   JVM is running with Unscaled Compressed Oops mode in which the Java heap is
#     placed in the first 4GB address space. The Java Heap base address is the
#     maximum limit for the native heap growth. Please use -XX:HeapBaseMinAddress
#     to set the Java Heap base and to place the Java Heap above 4GB virtual address.
# This output file may be truncated or incomplete.
#
#  Out of Memory Error (arena.cpp:191), pid=27528, tid=13648
#
# JRE version: OpenJDK Runtime Environment Temurin-17.0.10+7 (17.0.10+7) (build 17.0.10+7)
# Java VM: OpenJDK 64-Bit Server VM Temurin-17.0.10+7 (17.0.10+7, mixed mode, tiered, compressed oops, compressed class ptrs, parallel gc, windows-amd64)
# No core dump will be written. Minidumps are not enabled by default on client versions of Windows
#

---------------  S U M M A R Y ------------

Command Line: --add-modules=ALL-SYSTEM --add-opens=java.base/java.util=ALL-UNNAMED --add-opens=java.base/java.lang=ALL-UNNAMED --add-opens=java.base/sun.nio.fs=ALL-UNNAMED -Declipse.application=org.eclipse.jdt.ls.core.id1 -Dosgi.bundles.defaultStartLevel=4 -Declipse.product=org.eclipse.jdt.ls.core.product -Djava.import.generatesMetadataFilesAtProjectRoot=false -DDetectVMInstallationsJob.disabled=true -Dfile.encoding=utf8 -XX:+UseParallelGC -XX:GCTimeRatio=4 -XX:AdaptiveSizePolicyWeight=90 -Dsun.zip.disableMemoryMapping=true -Xmx1G -Xms100m -Xlog:disable -javaagent:c:\Users\Ricky Garcia\.vscode\extensions\redhat.java-1.27.0-win32-x64\lombok\lombok-1.18.31.jar -XX:+HeapDumpOnOutOfMemoryError -XX:HeapDumpPath=c:\Users\Ricky Garcia\AppData\Roaming\Code\User\workspaceStorage\fa0a1e08c69df178198f0c09288cdad3\redhat.java -Daether.dependencyCollector.impl=bf c:\Users\Ricky Garcia\.vscode\extensions\redhat.java-1.27.0-win32-x64\server\plugins\org.eclipse.equinox.launcher_1.6.700.v20231214-2017.jar -configuration c:\Users\Ricky Garcia\AppData\Roaming\Code\User\globalStorage\redhat.java\1.27.0\config_win -data c:\Users\Ricky Garcia\AppData\Roaming\Code\User\workspaceStorage\fa0a1e08c69df178198f0c09288cdad3\redhat.java\jdt_ws --stdio

Host: Intel(R) Core(TM) i5-10500H CPU @ 2.50GHz, 12 cores, 7G,  Windows 11 , 64 bit Build 22621 (10.0.22621.2506)
Time: Sun Feb 11 20:30:49 2024 SA Pacific Standard Time elapsed time: 5.180394 seconds (0d 0h 0m 5s)

---------------  T H R E A D  ---------------

Current thread (0x0000023f774ebeb0):  JavaThread "C2 CompilerThread0" daemon [_thread_in_native, id=13648, stack(0x000000fa6da00000,0x000000fa6db00000)]


Current CompileTask:
C2:   5180 4070   !   4       org.eclipse.osgi.internal.loader.classpath.ClasspathManager::findClassImpl (308 bytes)

Stack: [0x000000fa6da00000,0x000000fa6db00000]
Native frames: (J=compiled Java code, j=interpreted, Vv=VM code, C=native code)
V  [jvm.dll+0x67d2c9]
V  [jvm.dll+0x834afa]
V  [jvm.dll+0x8365be]
V  [jvm.dll+0x836c23]
V  [jvm.dll+0x2477ff]
V  [jvm.dll+0xac514]
V  [jvm.dll+0xacb5c]
V  [jvm.dll+0x2aed1f]
V  [jvm.dll+0x584b67]
V  [jvm.dll+0x2228a2]
V  [jvm.dll+0x21ba9e]
V  [jvm.dll+0x219201]
V  [jvm.dll+0x1a502d]
V  [jvm.dll+0x2290de]
V  [jvm.dll+0x2272ac]
V  [jvm.dll+0x7e9bb7]
V  [jvm.dll+0x7e3fba]
V  [jvm.dll+0x67c1b5]
C  [ucrtbase.dll+0x29363]
C  [KERNEL32.DLL+0x1257d]
C  [ntdll.dll+0x5aa58]


---------------  P R O C E S S  ---------------

Threads class SMR info:
_java_thread_list=0x0000023f7b166530, length=25, elements={
0x0000023f5e4e0440, 0x0000023f5e58ead0, 0x0000023f774c3a60, 0x0000023f774e4f10,
0x0000023f774e5a40, 0x0000023f774e6f70, 0x0000023f774ea9c0, 0x0000023f774ebeb0,
0x0000023f7751e3b0, 0x0000023f77567060, 0x0000023f775e9740, 0x0000023f5e5431e0,
0x0000023f78d07690, 0x0000023f791689c0, 0x0000023f797254f0, 0x0000023f79c729b0,
0x0000023f796bf770, 0x0000023f79e0a500, 0x0000023f79f41570, 0x0000023f79df0570,
0x0000023f79df14a0, 0x0000023f79df0f90, 0x0000023f79df19b0, 0x0000023f79df3300,
0x0000023f79df1ec0
}

Java Threads: ( => current thread )
  0x0000023f5e4e0440 JavaThread "main" [_thread_blocked, id=3408, stack(0x000000fa6d100000,0x000000fa6d200000)]
  0x0000023f5e58ead0 JavaThread "Reference Handler" daemon [_thread_blocked, id=10436, stack(0x000000fa6d400000,0x000000fa6d500000)]
  0x0000023f774c3a60 JavaThread "Finalizer" daemon [_thread_blocked, id=3516, stack(0x000000fa6d500000,0x000000fa6d600000)]
  0x0000023f774e4f10 JavaThread "Signal Dispatcher" daemon [_thread_blocked, id=8116, stack(0x000000fa6d600000,0x000000fa6d700000)]
  0x0000023f774e5a40 JavaThread "Attach Listener" daemon [_thread_blocked, id=23368, stack(0x000000fa6d700000,0x000000fa6d800000)]
  0x0000023f774e6f70 JavaThread "Service Thread" daemon [_thread_blocked, id=15948, stack(0x000000fa6d800000,0x000000fa6d900000)]
  0x0000023f774ea9c0 JavaThread "Monitor Deflation Thread" daemon [_thread_blocked, id=1636, stack(0x000000fa6d900000,0x000000fa6da00000)]
=>0x0000023f774ebeb0 JavaThread "C2 CompilerThread0" daemon [_thread_in_native, id=13648, stack(0x000000fa6da00000,0x000000fa6db00000)]
  0x0000023f7751e3b0 JavaThread "C1 CompilerThread0" daemon [_thread_blocked, id=13384, stack(0x000000fa6db00000,0x000000fa6dc00000)]
  0x0000023f77567060 JavaThread "Sweeper thread" daemon [_thread_blocked, id=17096, stack(0x000000fa6dc00000,0x000000fa6dd00000)]
  0x0000023f775e9740 JavaThread "Common-Cleaner" daemon [_thread_blocked, id=27024, stack(0x000000fa6dd00000,0x000000fa6de00000)]
  0x0000023f5e5431e0 JavaThread "C2 CompilerThread1" daemon [_thread_in_native, id=27508, stack(0x000000fa6de00000,0x000000fa6df00000)]
  0x0000023f78d07690 JavaThread "Notification Thread" daemon [_thread_blocked, id=18224, stack(0x000000fa6df00000,0x000000fa6e000000)]
  0x0000023f791689c0 JavaThread "Active Thread: Equinox Container: e826cc62-8078-4c87-a954-a3368aa47fc7" [_thread_blocked, id=1592, stack(0x000000fa6e700000,0x000000fa6e800000)]
  0x0000023f797254f0 JavaThread "Framework Event Dispatcher: Equinox Container: e826cc62-8078-4c87-a954-a3368aa47fc7" daemon [_thread_blocked, id=13456, stack(0x000000fa6e900000,0x000000fa6ea00000)]
  0x0000023f79c729b0 JavaThread "Start Level: Equinox Container: e826cc62-8078-4c87-a954-a3368aa47fc7" daemon [_thread_in_vm, id=22484, stack(0x000000fa6ea00000,0x000000fa6eb00000)]
  0x0000023f796bf770 JavaThread "Bundle File Closer" daemon [_thread_blocked, id=10220, stack(0x000000fa6ec00000,0x000000fa6ed00000)]
  0x0000023f79e0a500 JavaThread "SCR Component Actor" daemon [_thread_blocked, id=12992, stack(0x000000fa6ed00000,0x000000fa6ee00000)]
  0x0000023f79f41570 JavaThread "SCR Component Registry" daemon [_thread_blocked, id=6124, stack(0x000000fa6ef00000,0x000000fa6f000000)]
  0x0000023f79df0570 JavaThread "Worker-JM" [_thread_blocked, id=14056, stack(0x000000fa6f000000,0x000000fa6f100000)]
  0x0000023f79df14a0 JavaThread "Worker-0: Repository registry initialization" [_thread_in_vm, id=13056, stack(0x000000fa6f100000,0x000000fa6f200000)]
  0x0000023f79df0f90 JavaThread "Worker-1" [_thread_blocked, id=11000, stack(0x000000fa6f200000,0x000000fa6f300000)]
  0x0000023f79df19b0 JavaThread "Worker-2" [_thread_blocked, id=27028, stack(0x000000fa6f400000,0x000000fa6f500000)]
  0x0000023f79df3300 JavaThread "Java indexing" daemon [_thread_blocked, id=18604, stack(0x000000fa6f300000,0x000000fa6f400000)]
  0x0000023f79df1ec0 JavaThread "JNA Cleaner" daemon [_thread_blocked, id=23212, stack(0x000000fa6f500000,0x000000fa6f600000)]

Other Threads:
  0x0000023f72257880 VMThread "VM Thread" [stack: 0x000000fa6d300000,0x000000fa6d400000] [id=11208]
  0x0000023f78e534f0 WatcherThread [stack: 0x000000fa6e000000,0x000000fa6e100000] [id=21896]
  0x0000023f5e4f6e00 GCTaskThread "GC Thread#0" [stack: 0x000000fa6d200000,0x000000fa6d300000] [id=12744]
  0x0000023f78e83ad0 GCTaskThread "GC Thread#1" [stack: 0x000000fa6e100000,0x000000fa6e200000] [id=5948]
  0x0000023f78f989c0 GCTaskThread "GC Thread#2" [stack: 0x000000fa6e200000,0x000000fa6e300000] [id=1668]
  0x0000023f78f98c80 GCTaskThread "GC Thread#3" [stack: 0x000000fa6e300000,0x000000fa6e400000] [id=3568]
  0x0000023f78f98f40 GCTaskThread "GC Thread#4" [stack: 0x000000fa6e400000,0x000000fa6e500000] [id=2976]
  0x0000023f78f99200 GCTaskThread "GC Thread#5" [stack: 0x000000fa6e500000,0x000000fa6e600000] [id=26756]
  0x0000023f793dcb80 GCTaskThread "GC Thread#6" [stack: 0x000000fa6e600000,0x000000fa6e700000] [id=1124]
  0x0000023f7976e740 GCTaskThread "GC Thread#7" [stack: 0x000000fa6eb00000,0x000000fa6ec00000] [id=18448]
  0x0000023f79a4c0e0 GCTaskThread "GC Thread#8" [stack: 0x000000fa6e800000,0x000000fa6e900000] [id=18540]
  0x0000023f799c9a70 GCTaskThread "GC Thread#9" [stack: 0x000000fa6ee00000,0x000000fa6ef00000] [id=4984]

Threads with active compile tasks:
C2 CompilerThread0     5217 4070   !   4       org.eclipse.osgi.internal.loader.classpath.ClasspathManager::findClassImpl (308 bytes)
C2 CompilerThread1     5217 4090   !   4       java.lang.String::<init> (843 bytes)

VM state: not at safepoint (normal execution)

VM Mutex/Monitor currently owned by a thread: None

Heap address: 0x00000000c0000000, size: 1024 MB, Compressed Oops mode: 32-bit

CDS archive(s) not mapped
Compressed class space mapped at: 0x0000000100000000-0x0000000140000000, reserved size: 1073741824
Narrow klass base: 0x0000000000000000, Narrow klass shift: 3, Narrow klass range: 0x140000000

GC Precious Log:
 CPUs: 12 total, 12 available
 Memory: 7967M
 Large Page Support: Disabled
 NUMA Support: Disabled
 Compressed Oops: Enabled (32-bit)
 Alignments: Space 512K, Generation 512K, Heap 2M
 Heap Min Capacity: 100M
 Heap Initial Capacity: 100M
 Heap Max Capacity: 1G
 Pre-touch: Disabled
 Parallel Workers: 10

Heap:
 PSYoungGen      total 24576K, used 17409K [0x00000000eab00000, 0x00000000ec800000, 0x0000000100000000)
  eden space 23552K, 73% used [0x00000000eab00000,0x00000000ebc00418,0x00000000ec200000)
  from space 1024K, 0% used [0x00000000ec700000,0x00000000ec700000,0x00000000ec800000)
  to   space 3072K, 0% used [0x00000000ec400000,0x00000000ec400000,0x00000000ec700000)
 ParOldGen       total 68608K, used 13843K [0x00000000c0000000, 0x00000000c4300000, 0x00000000eab00000)
  object space 68608K, 20% used [0x00000000c0000000,0x00000000c0d84fd0,0x00000000c4300000)
 Metaspace       used 37541K, committed 38400K, reserved 1114112K
  class space    used 3804K, committed 4160K, reserved 1048576K

Card table byte_map: [0x0000023f5dea0000,0x0000023f5e0b0000] _byte_map_base: 0x0000023f5d8a0000

Marking Bits: (ParMarkBitMap*) 0x00007fff5490d7d0
 Begin Bits: [0x0000023f70170000, 0x0000023f71170000)
 End Bits:   [0x0000023f71170000, 0x0000023f72170000)

Polling page: 0x0000023f5dc90000

Metaspace:

Usage:
  Non-class:     32.95 MB used.
      Class:      3.71 MB used.
       Both:     36.66 MB used.

Virtual space:
  Non-class space:       64.00 MB reserved,      33.44 MB ( 52%) committed,  1 nodes.
      Class space:        1.00 GB reserved,       4.06 MB ( <1%) committed,  1 nodes.
             Both:        1.06 GB reserved,      37.50 MB (  3%) committed. 

Chunk freelists:
   Non-Class:  14.30 MB
       Class:  11.81 MB
        Both:  26.11 MB

MaxMetaspaceSize: unlimited
CompressedClassSpaceSize: 1.00 GB
Initial GC threshold: 21.00 MB
Current GC threshold: 58.38 MB
CDS: off
MetaspaceReclaimPolicy: balanced
 - commit_granule_bytes: 65536.
 - commit_granule_words: 8192.
 - virtual_space_node_default_size: 8388608.
 - enlarge_chunks_in_place: 1.
 - new_chunks_are_fully_committed: 0.
 - uncommit_free_chunks: 1.
 - use_allocation_guard: 0.
 - handle_deallocations: 1.


Internal statistics:

num_allocs_failed_limit: 6.
num_arena_births: 588.
num_arena_deaths: 14.
num_vsnodes_births: 2.
num_vsnodes_deaths: 0.
num_space_committed: 600.
num_space_uncommitted: 0.
num_chunks_returned_to_freelist: 20.
num_chunks_taken_from_freelist: 1821.
num_chunk_merges: 11.
num_chunk_splits: 1150.
num_chunks_enlarged: 703.
num_inconsistent_stats: 0.

CodeHeap 'non-profiled nmethods': size=120000Kb used=1942Kb max_used=1942Kb free=118057Kb
 bounds [0x0000023f68c40000, 0x0000023f68eb0000, 0x0000023f70170000]
CodeHeap 'profiled nmethods': size=120000Kb used=8600Kb max_used=8600Kb free=111399Kb
 bounds [0x0000023f61170000, 0x0000023f619e0000, 0x0000023f686a0000]
CodeHeap 'non-nmethods': size=5760Kb used=1264Kb max_used=1304Kb free=4495Kb
 bounds [0x0000023f686a0000, 0x0000023f68910000, 0x0000023f68c40000]
 total_blobs=4683 nmethods=4095 adapters=501
 compilation: enabled
              stopped_count=0, restarted_count=0
 full_count=0

Compilation events (20 events):
Event: 5.058 Thread 0x0000023f5e5431e0 nmethod 4059 0x0000023f68e21490 code [0x0000023f68e21600, 0x0000023f68e21658]
Event: 5.058 Thread 0x0000023f5e5431e0 4079       4       org.eclipse.osgi.internal.loader.classpath.ClasspathEntry::findEntry (56 bytes)
Event: 5.071 Thread 0x0000023f7751e3b0 4081       3       java.io.File::getName (42 bytes)
Event: 5.072 Thread 0x0000023f7751e3b0 nmethod 4081 0x0000023f619c9490 code [0x0000023f619c96e0, 0x0000023f619c9f18]
Event: 5.079 Thread 0x0000023f7751e3b0 4082       3       java.io.FileOutputStream::write (20 bytes)
Event: 5.079 Thread 0x0000023f7751e3b0 nmethod 4082 0x0000023f619ca290 code [0x0000023f619ca440, 0x0000023f619ca608]
Event: 5.079 Thread 0x0000023f7751e3b0 4083       3       java.io.FileDescriptor$1::getAppend (5 bytes)
Event: 5.079 Thread 0x0000023f7751e3b0 nmethod 4083 0x0000023f619ca710 code [0x0000023f619ca8a0, 0x0000023f619ca9b8]
Event: 5.080 Thread 0x0000023f5e5431e0 nmethod 4079 0x0000023f68e21b90 code [0x0000023f68e21dc0, 0x0000023f68e22728]
Event: 5.080 Thread 0x0000023f5e5431e0 4080       4       java.util.AbstractList$Itr::hasNext (20 bytes)
Event: 5.082 Thread 0x0000023f5e5431e0 nmethod 4080 0x0000023f68e22f10 code [0x0000023f68e23080, 0x0000023f68e23138]
Event: 5.097 Thread 0x0000023f5e5431e0 4085       4       java.util.WeakHashMap::remove (131 bytes)
Event: 5.115 Thread 0x0000023f5e5431e0 nmethod 4085 0x0000023f68e23210 code [0x0000023f68e233e0, 0x0000023f68e24078]
Event: 5.115 Thread 0x0000023f5e5431e0 4086       4       org.eclipse.osgi.internal.loader.classpath.ClasspathManager::processClass (91 bytes)
Event: 5.116 Thread 0x0000023f5e5431e0 nmethod 4086 0x0000023f68e24710 code [0x0000023f68e248a0, 0x0000023f68e24998]
Event: 5.165 Thread 0x0000023f7751e3b0 4087       1       java.util.logging.LogManager$LoggerContext::getOwner (5 bytes)
Event: 5.165 Thread 0x0000023f7751e3b0 nmethod 4087 0x0000023f68e24a90 code [0x0000023f68e24c20, 0x0000023f68e24cf8]
Event: 5.169 Thread 0x0000023f7751e3b0 4088       3       java.lang.Module::isStaticallyExportedOrOpen (70 bytes)
Event: 5.170 Thread 0x0000023f7751e3b0 nmethod 4088 0x0000023f619caa90 code [0x0000023f619caca0, 0x0000023f619cb358]
Event: 5.176 Thread 0x0000023f5e5431e0 4089       4       java.lang.Integer::toUnsignedString0 (76 bytes)

GC Heap History (20 events):
Event: 2.158 GC heap before
{Heap before GC invocations=3 (full 0):
 PSYoungGen      total 29696K, used 29684K [0x00000000eab00000, 0x00000000ecc00000, 0x0000000100000000)
  eden space 25600K, 100% used [0x00000000eab00000,0x00000000ec400000,0x00000000ec400000)
  from space 4096K, 99% used [0x00000000ec800000,0x00000000ecbfd130,0x00000000ecc00000)
  to   space 4096K, 0% used [0x00000000ec400000,0x00000000ec400000,0x00000000ec800000)
 ParOldGen       total 68608K, used 1458K [0x00000000c0000000, 0x00000000c4300000, 0x00000000eab00000)
  object space 68608K, 2% used [0x00000000c0000000,0x00000000c016c8a8,0x00000000c4300000)
 Metaspace       used 16229K, committed 16448K, reserved 1114112K
  class space    used 1628K, committed 1728K, reserved 1048576K
}
Event: 2.170 GC heap after
{Heap after GC invocations=3 (full 0):
 PSYoungGen      total 29696K, used 4069K [0x00000000eab00000, 0x00000000ecc00000, 0x0000000100000000)
  eden space 25600K, 0% used [0x00000000eab00000,0x00000000eab00000,0x00000000ec400000)
  from space 4096K, 99% used [0x00000000ec400000,0x00000000ec7f9798,0x00000000ec800000)
  to   space 4096K, 0% used [0x00000000ec800000,0x00000000ec800000,0x00000000ecc00000)
 ParOldGen       total 68608K, used 5256K [0x00000000c0000000, 0x00000000c4300000, 0x00000000eab00000)
  object space 68608K, 7% used [0x00000000c0000000,0x00000000c05221e8,0x00000000c4300000)
 Metaspace       used 16229K, committed 16448K, reserved 1114112K
  class space    used 1628K, committed 1728K, reserved 1048576K
}
Event: 2.689 GC heap before
{Heap before GC invocations=4 (full 0):
 PSYoungGen      total 29696K, used 29669K [0x00000000eab00000, 0x00000000ecc00000, 0x0000000100000000)
  eden space 25600K, 100% used [0x00000000eab00000,0x00000000ec400000,0x00000000ec400000)
  from space 4096K, 99% used [0x00000000ec400000,0x00000000ec7f9798,0x00000000ec800000)
  to   space 4096K, 0% used [0x00000000ec800000,0x00000000ec800000,0x00000000ecc00000)
 ParOldGen       total 68608K, used 5256K [0x00000000c0000000, 0x00000000c4300000, 0x00000000eab00000)
  object space 68608K, 7% used [0x00000000c0000000,0x00000000c05221e8,0x00000000c4300000)
 Metaspace       used 19927K, committed 20352K, reserved 1114112K
  class space    used 1999K, committed 2176K, reserved 1048576K
}
Event: 2.696 GC heap after
{Heap after GC invocations=4 (full 0):
 PSYoungGen      total 29696K, used 4076K [0x00000000eab00000, 0x00000000ecc00000, 0x0000000100000000)
  eden space 25600K, 0% used [0x00000000eab00000,0x00000000eab00000,0x00000000ec400000)
  from space 4096K, 99% used [0x00000000ec800000,0x00000000ecbfb060,0x00000000ecc00000)
  to   space 4096K, 0% used [0x00000000ec400000,0x00000000ec400000,0x00000000ec800000)
 ParOldGen       total 68608K, used 6491K [0x00000000c0000000, 0x00000000c4300000, 0x00000000eab00000)
  object space 68608K, 9% used [0x00000000c0000000,0x00000000c0656e90,0x00000000c4300000)
 Metaspace       used 19927K, committed 20352K, reserved 1114112K
  class space    used 1999K, committed 2176K, reserved 1048576K
}
Event: 2.840 GC heap before
{Heap before GC invocations=5 (full 0):
 PSYoungGen      total 29696K, used 10680K [0x00000000eab00000, 0x00000000ecc00000, 0x0000000100000000)
  eden space 25600K, 25% used [0x00000000eab00000,0x00000000eb172ff8,0x00000000ec400000)
  from space 4096K, 99% used [0x00000000ec800000,0x00000000ecbfb060,0x00000000ecc00000)
  to   space 4096K, 0% used [0x00000000ec400000,0x00000000ec400000,0x00000000ec800000)
 ParOldGen       total 68608K, used 6491K [0x00000000c0000000, 0x00000000c4300000, 0x00000000eab00000)
  object space 68608K, 9% used [0x00000000c0000000,0x00000000c0656e90,0x00000000c4300000)
 Metaspace       used 21020K, committed 21504K, reserved 1114112K
  class space    used 2114K, committed 2368K, reserved 1048576K
}
Event: 2.845 GC heap after
{Heap after GC invocations=5 (full 0):
 PSYoungGen      total 29696K, used 4070K [0x00000000eab00000, 0x00000000ece00000, 0x0000000100000000)
  eden space 25600K, 0% used [0x00000000eab00000,0x00000000eab00000,0x00000000ec400000)
  from space 4096K, 99% used [0x00000000ec400000,0x00000000ec7f9a90,0x00000000ec800000)
  to   space 5120K, 0% used [0x00000000ec900000,0x00000000ec900000,0x00000000ece00000)
 ParOldGen       total 68608K, used 6864K [0x00000000c0000000, 0x00000000c4300000, 0x00000000eab00000)
  object space 68608K, 10% used [0x00000000c0000000,0x00000000c06b4200,0x00000000c4300000)
 Metaspace       used 21020K, committed 21504K, reserved 1114112K
  class space    used 2114K, committed 2368K, reserved 1048576K
}
Event: 2.845 GC heap before
{Heap before GC invocations=6 (full 1):
 PSYoungGen      total 29696K, used 4070K [0x00000000eab00000, 0x00000000ece00000, 0x0000000100000000)
  eden space 25600K, 0% used [0x00000000eab00000,0x00000000eab00000,0x00000000ec400000)
  from space 4096K, 99% used [0x00000000ec400000,0x00000000ec7f9a90,0x00000000ec800000)
  to   space 5120K, 0% used [0x00000000ec900000,0x00000000ec900000,0x00000000ece00000)
 ParOldGen       total 68608K, used 6864K [0x00000000c0000000, 0x00000000c4300000, 0x00000000eab00000)
  object space 68608K, 10% used [0x00000000c0000000,0x00000000c06b4200,0x00000000c4300000)
 Metaspace       used 21020K, committed 21504K, reserved 1114112K
  class space    used 2114K, committed 2368K, reserved 1048576K
}
Event: 2.878 GC heap after
{Heap after GC invocations=6 (full 1):
 PSYoungGen      total 29696K, used 0K [0x00000000eab00000, 0x00000000ece00000, 0x0000000100000000)
  eden space 25600K, 0% used [0x00000000eab00000,0x00000000eab00000,0x00000000ec400000)
  from space 4096K, 0% used [0x00000000ec400000,0x00000000ec400000,0x00000000ec800000)
  to   space 5120K, 0% used [0x00000000ec900000,0x00000000ec900000,0x00000000ece00000)
 ParOldGen       total 68608K, used 10709K [0x00000000c0000000, 0x00000000c4300000, 0x00000000eab00000)
  object space 68608K, 15% used [0x00000000c0000000,0x00000000c0a75678,0x00000000c4300000)
 Metaspace       used 21020K, committed 21504K, reserved 1114112K
  class space    used 2114K, committed 2368K, reserved 1048576K
}
Event: 3.400 GC heap before
{Heap before GC invocations=7 (full 1):
 PSYoungGen      total 29696K, used 25600K [0x00000000eab00000, 0x00000000ece00000, 0x0000000100000000)
  eden space 25600K, 100% used [0x00000000eab00000,0x00000000ec400000,0x00000000ec400000)
  from space 4096K, 0% used [0x00000000ec400000,0x00000000ec400000,0x00000000ec800000)
  to   space 5120K, 0% used [0x00000000ec900000,0x00000000ec900000,0x00000000ece00000)
 ParOldGen       total 68608K, used 10709K [0x00000000c0000000, 0x00000000c4300000, 0x00000000eab00000)
  object space 68608K, 15% used [0x00000000c0000000,0x00000000c0a75678,0x00000000c4300000)
 Metaspace       used 24261K, committed 24832K, reserved 1114112K
  class space    used 2455K, committed 2688K, reserved 1048576K
}
Event: 3.403 GC heap after
{Heap after GC invocations=7 (full 1):
 PSYoungGen      total 26112K, used 880K [0x00000000eab00000, 0x00000000eca00000, 0x0000000100000000)
  eden space 25088K, 0% used [0x00000000eab00000,0x00000000eab00000,0x00000000ec380000)
  from space 1024K, 85% used [0x00000000ec900000,0x00000000ec9dc0a8,0x00000000eca00000)
  to   space 2560K, 0% used [0x00000000ec500000,0x00000000ec500000,0x00000000ec780000)
 ParOldGen       total 68608K, used 10717K [0x00000000c0000000, 0x00000000c4300000, 0x00000000eab00000)
  object space 68608K, 15% used [0x00000000c0000000,0x00000000c0a77678,0x00000000c4300000)
 Metaspace       used 24261K, committed 24832K, reserved 1114112K
  class space    used 2455K, committed 2688K, reserved 1048576K
}
Event: 3.894 GC heap before
{Heap before GC invocations=8 (full 1):
 PSYoungGen      total 26112K, used 25968K [0x00000000eab00000, 0x00000000eca00000, 0x0000000100000000)
  eden space 25088K, 100% used [0x00000000eab00000,0x00000000ec380000,0x00000000ec380000)
  from space 1024K, 85% used [0x00000000ec900000,0x00000000ec9dc0a8,0x00000000eca00000)
  to   space 2560K, 0% used [0x00000000ec500000,0x00000000ec500000,0x00000000ec780000)
 ParOldGen       total 68608K, used 10717K [0x00000000c0000000, 0x00000000c4300000, 0x00000000eab00000)
  object space 68608K, 15% used [0x00000000c0000000,0x00000000c0a77678,0x00000000c4300000)
 Metaspace       used 27284K, committed 27968K, reserved 1114112K
  class space    used 2815K, committed 3136K, reserved 1048576K
}
Event: 3.898 GC heap after
{Heap after GC invocations=8 (full 1):
 PSYoungGen      total 27136K, used 2558K [0x00000000eab00000, 0x00000000ecc00000, 0x0000000100000000)
  eden space 24576K, 0% used [0x00000000eab00000,0x00000000eab00000,0x00000000ec300000)
  from space 2560K, 99% used [0x00000000ec500000,0x00000000ec77fab0,0x00000000ec780000)
  to   space 4608K, 0% used [0x00000000ec780000,0x00000000ec780000,0x00000000ecc00000)
 ParOldGen       total 68608K, used 11780K [0x00000000c0000000, 0x00000000c4300000, 0x00000000eab00000)
  object space 68608K, 17% used [0x00000000c0000000,0x00000000c0b81288,0x00000000c4300000)
 Metaspace       used 27284K, committed 27968K, reserved 1114112K
  class space    used 2815K, committed 3136K, reserved 1048576K
}
Event: 4.177 GC heap before
{Heap before GC invocations=9 (full 1):
 PSYoungGen      total 27136K, used 27134K [0x00000000eab00000, 0x00000000ecc00000, 0x0000000100000000)
  eden space 24576K, 100% used [0x00000000eab00000,0x00000000ec300000,0x00000000ec300000)
  from space 2560K, 99% used [0x00000000ec500000,0x00000000ec77fab0,0x00000000ec780000)
  to   space 4608K, 0% used [0x00000000ec780000,0x00000000ec780000,0x00000000ecc00000)
 ParOldGen       total 68608K, used 11780K [0x00000000c0000000, 0x00000000c4300000, 0x00000000eab00000)
  object space 68608K, 17% used [0x00000000c0000000,0x00000000c0b81288,0x00000000c4300000)
 Metaspace       used 29927K, committed 30720K, reserved 1114112K
  class space    used 2989K, committed 3328K, reserved 1048576K
}
Event: 4.180 GC heap after
{Heap after GC invocations=9 (full 1):
 PSYoungGen      total 27648K, used 3145K [0x00000000eab00000, 0x00000000ecb00000, 0x0000000100000000)
  eden space 24064K, 0% used [0x00000000eab00000,0x00000000eab00000,0x00000000ec280000)
  from space 3584K, 87% used [0x00000000ec780000,0x00000000eca924d0,0x00000000ecb00000)
  to   space 3584K, 0% used [0x00000000ec400000,0x00000000ec400000,0x00000000ec780000)
 ParOldGen       total 68608K, used 11788K [0x00000000c0000000, 0x00000000c4300000, 0x00000000eab00000)
  object space 68608K, 17% used [0x00000000c0000000,0x00000000c0b83288,0x00000000c4300000)
 Metaspace       used 29927K, committed 30720K, reserved 1114112K
  class space    used 2989K, committed 3328K, reserved 1048576K
}
Event: 4.483 GC heap before
{Heap before GC invocations=10 (full 1):
 PSYoungGen      total 27648K, used 27209K [0x00000000eab00000, 0x00000000ecb00000, 0x0000000100000000)
  eden space 24064K, 100% used [0x00000000eab00000,0x00000000ec280000,0x00000000ec280000)
  from space 3584K, 87% used [0x00000000ec780000,0x00000000eca924d0,0x00000000ecb00000)
  to   space 3584K, 0% used [0x00000000ec400000,0x00000000ec400000,0x00000000ec780000)
 ParOldGen       total 68608K, used 11788K [0x00000000c0000000, 0x00000000c4300000, 0x00000000eab00000)
  object space 68608K, 17% used [0x00000000c0000000,0x00000000c0b83288,0x00000000c4300000)
 Metaspace       used 32680K, committed 33536K, reserved 1114112K
  class space    used 3204K, committed 3584K, reserved 1048576K
}
Event: 4.486 GC heap after
{Heap after GC invocations=10 (full 1):
 PSYoungGen      total 26624K, used 2775K [0x00000000eab00000, 0x00000000ec800000, 0x0000000100000000)
  eden space 23552K, 0% used [0x00000000eab00000,0x00000000eab00000,0x00000000ec200000)
  from space 3072K, 90% used [0x00000000ec400000,0x00000000ec6b5c98,0x00000000ec700000)
  to   space 1024K, 0% used [0x00000000ec700000,0x00000000ec700000,0x00000000ec800000)
 ParOldGen       total 68608K, used 12343K [0x00000000c0000000, 0x00000000c4300000, 0x00000000eab00000)
  object space 68608K, 17% used [0x00000000c0000000,0x00000000c0c0df50,0x00000000c4300000)
 Metaspace       used 32680K, committed 33536K, reserved 1114112K
  class space    used 3204K, committed 3584K, reserved 1048576K
}
Event: 4.930 GC heap before
{Heap before GC invocations=11 (full 1):
 PSYoungGen      total 26624K, used 20476K [0x00000000eab00000, 0x00000000ec800000, 0x0000000100000000)
  eden space 23552K, 75% used [0x00000000eab00000,0x00000000ebc49650,0x00000000ec200000)
  from space 3072K, 90% used [0x00000000ec400000,0x00000000ec6b5c98,0x00000000ec700000)
  to   space 1024K, 0% used [0x00000000ec700000,0x00000000ec700000,0x00000000ec800000)
 ParOldGen       total 68608K, used 12343K [0x00000000c0000000, 0x00000000c4300000, 0x00000000eab00000)
  object space 68608K, 17% used [0x00000000c0000000,0x00000000c0c0df50,0x00000000c4300000)
 Metaspace       used 35057K, committed 35840K, reserved 1114112K
  class space    used 3472K, committed 3840K, reserved 1048576K
}
Event: 4.933 GC heap after
{Heap after GC invocations=11 (full 1):
 PSYoungGen      total 24576K, used 1005K [0x00000000eab00000, 0x00000000ec800000, 0x0000000100000000)
  eden space 23552K, 0% used [0x00000000eab00000,0x00000000eab00000,0x00000000ec200000)
  from space 1024K, 98% used [0x00000000ec700000,0x00000000ec7fb540,0x00000000ec800000)
  to   space 3072K, 0% used [0x00000000ec400000,0x00000000ec400000,0x00000000ec700000)
 ParOldGen       total 68608K, used 14892K [0x00000000c0000000, 0x00000000c4300000, 0x00000000eab00000)
  object space 68608K, 21% used [0x00000000c0000000,0x00000000c0e8b028,0x00000000c4300000)
 Metaspace       used 35057K, committed 35840K, reserved 1114112K
  class space    used 3472K, committed 3840K, reserved 1048576K
}
Event: 4.933 GC heap before
{Heap before GC invocations=12 (full 2):
 PSYoungGen      total 24576K, used 1005K [0x00000000eab00000, 0x00000000ec800000, 0x0000000100000000)
  eden space 23552K, 0% used [0x00000000eab00000,0x00000000eab00000,0x00000000ec200000)
  from space 1024K, 98% used [0x00000000ec700000,0x00000000ec7fb540,0x00000000ec800000)
  to   space 3072K, 0% used [0x00000000ec400000,0x00000000ec400000,0x00000000ec700000)
 ParOldGen       total 68608K, used 14892K [0x00000000c0000000, 0x00000000c4300000, 0x00000000eab00000)
  object space 68608K, 21% used [0x00000000c0000000,0x00000000c0e8b028,0x00000000c4300000)
 Metaspace       used 35057K, committed 35840K, reserved 1114112K
  class space    used 3472K, committed 3840K, reserved 1048576K
}
Event: 4.969 GC heap after
{Heap after GC invocations=12 (full 2):
 PSYoungGen      total 24576K, used 0K [0x00000000eab00000, 0x00000000ec800000, 0x0000000100000000)
  eden space 23552K, 0% used [0x00000000eab00000,0x00000000eab00000,0x00000000ec200000)
  from space 1024K, 0% used [0x00000000ec700000,0x00000000ec700000,0x00000000ec800000)
  to   space 3072K, 0% used [0x00000000ec400000,0x00000000ec400000,0x00000000ec700000)
 ParOldGen       total 68608K, used 13843K [0x00000000c0000000, 0x00000000c4300000, 0x00000000eab00000)
  object space 68608K, 20% used [0x00000000c0000000,0x00000000c0d84fd0,0x00000000c4300000)
 Metaspace       used 35044K, committed 35840K, reserved 1114112K
  class space    used 3468K, committed 3840K, reserved 1048576K
}

Dll operation events (9 events):
Event: 0.016 Loaded shared library c:\Users\Ricky Garcia\.vscode\extensions\redhat.java-1.27.0-win32-x64\jre\17.0.10-win32-x86_64\bin\java.dll
Event: 0.255 Loaded shared library c:\Users\Ricky Garcia\.vscode\extensions\redhat.java-1.27.0-win32-x64\jre\17.0.10-win32-x86_64\bin\zip.dll
Event: 0.258 Loaded shared library C:\Users\Ricky Garcia\.vscode\extensions\redhat.java-1.27.0-win32-x64\jre\17.0.10-win32-x86_64\bin\instrument.dll
Event: 0.286 Loaded shared library C:\Users\Ricky Garcia\.vscode\extensions\redhat.java-1.27.0-win32-x64\jre\17.0.10-win32-x86_64\bin\net.dll
Event: 0.290 Loaded shared library C:\Users\Ricky Garcia\.vscode\extensions\redhat.java-1.27.0-win32-x64\jre\17.0.10-win32-x86_64\bin\nio.dll
Event: 0.302 Loaded shared library C:\Users\Ricky Garcia\.vscode\extensions\redhat.java-1.27.0-win32-x64\jre\17.0.10-win32-x86_64\bin\zip.dll
Event: 0.328 Loaded shared library C:\Users\Ricky Garcia\.vscode\extensions\redhat.java-1.27.0-win32-x64\jre\17.0.10-win32-x86_64\bin\jimage.dll
Event: 0.401 Loaded shared library c:\Users\Ricky Garcia\.vscode\extensions\redhat.java-1.27.0-win32-x64\jre\17.0.10-win32-x86_64\bin\verify.dll
Event: 1.513 Loaded shared library C:\Users\Ricky Garcia\AppData\Roaming\Code\User\globalStorage\redhat.java\1.27.0\config_win\org.eclipse.equinox.launcher\org.eclipse.equinox.launcher.win32.win32.x86_64_1.2.900.v20240129-1338\eclipse_11900.dll

Deoptimization events (20 events):
Event: 4.976 Thread 0x0000023f79df14a0 Uncommon trap: trap_request=0xffffffde fr.pc=0x0000023f68de5350 relative=0x00000000000000b0
Event: 4.976 Thread 0x0000023f79df14a0 Uncommon trap: reason=class_check action=maybe_recompile pc=0x0000023f68de5350 method=java.lang.Character.codePointAt(Ljava/lang/CharSequence;I)I @ 2 c2
Event: 4.976 Thread 0x0000023f79df14a0 DEOPT PACKING pc=0x0000023f68de5350 sp=0x000000fa6f1fe9e0
Event: 4.976 Thread 0x0000023f79df14a0 DEOPT UNPACKING pc=0x0000023f686f66a3 sp=0x000000fa6f1fe968 mode 2
Event: 4.976 Thread 0x0000023f79df14a0 Uncommon trap: trap_request=0xffffffde fr.pc=0x0000023f68de5350 relative=0x00000000000000b0
Event: 4.976 Thread 0x0000023f79df14a0 Uncommon trap: reason=class_check action=maybe_recompile pc=0x0000023f68de5350 method=java.lang.Character.codePointAt(Ljava/lang/CharSequence;I)I @ 2 c2
Event: 4.976 Thread 0x0000023f79df14a0 DEOPT PACKING pc=0x0000023f68de5350 sp=0x000000fa6f1fe9e0
Event: 4.976 Thread 0x0000023f79df14a0 DEOPT UNPACKING pc=0x0000023f686f66a3 sp=0x000000fa6f1fe968 mode 2
Event: 4.976 Thread 0x0000023f79df14a0 Uncommon trap: trap_request=0xffffffde fr.pc=0x0000023f68de5350 relative=0x00000000000000b0
Event: 4.976 Thread 0x0000023f79df14a0 Uncommon trap: reason=class_check action=maybe_recompile pc=0x0000023f68de5350 method=java.lang.Character.codePointAt(Ljava/lang/CharSequence;I)I @ 2 c2
Event: 4.976 Thread 0x0000023f79df14a0 DEOPT PACKING pc=0x0000023f68de5350 sp=0x000000fa6f1fe9e0
Event: 4.976 Thread 0x0000023f79df14a0 DEOPT UNPACKING pc=0x0000023f686f66a3 sp=0x000000fa6f1fe968 mode 2
Event: 4.976 Thread 0x0000023f79df14a0 Uncommon trap: trap_request=0xffffffde fr.pc=0x0000023f68de5350 relative=0x00000000000000b0
Event: 4.976 Thread 0x0000023f79df14a0 Uncommon trap: reason=class_check action=maybe_recompile pc=0x0000023f68de5350 method=java.lang.Character.codePointAt(Ljava/lang/CharSequence;I)I @ 2 c2
Event: 4.976 Thread 0x0000023f79df14a0 DEOPT PACKING pc=0x0000023f68de5350 sp=0x000000fa6f1fe9e0
Event: 4.976 Thread 0x0000023f79df14a0 DEOPT UNPACKING pc=0x0000023f686f66a3 sp=0x000000fa6f1fe968 mode 2
Event: 5.069 Thread 0x0000023f79c729b0 Uncommon trap: trap_request=0xffffff45 fr.pc=0x0000023f68c73600 relative=0x0000000000000700
Event: 5.069 Thread 0x0000023f79c729b0 Uncommon trap: reason=unstable_if action=reinterpret pc=0x0000023f68c73600 method=java.lang.String.replace(Ljava/lang/CharSequence;Ljava/lang/CharSequence;)Ljava/lang/String; @ 42 c2
Event: 5.069 Thread 0x0000023f79c729b0 DEOPT PACKING pc=0x0000023f68c73600 sp=0x000000fa6eafba00
Event: 5.069 Thread 0x0000023f79c729b0 DEOPT UNPACKING pc=0x0000023f686f66a3 sp=0x000000fa6eafb990 mode 2

Classes unloaded (7 events):
Event: 4.938 Thread 0x0000023f72257880 Unloading class 0x0000000100250400 'java/lang/invoke/LambdaForm$MH+0x0000000100250400'
Event: 4.938 Thread 0x0000023f72257880 Unloading class 0x0000000100250000 'java/lang/invoke/LambdaForm$MH+0x0000000100250000'
Event: 4.938 Thread 0x0000023f72257880 Unloading class 0x000000010024fc00 'java/lang/invoke/LambdaForm$MH+0x000000010024fc00'
Event: 4.938 Thread 0x0000023f72257880 Unloading class 0x000000010024f800 'java/lang/invoke/LambdaForm$MH+0x000000010024f800'
Event: 4.938 Thread 0x0000023f72257880 Unloading class 0x000000010024f400 'java/lang/invoke/LambdaForm$BMH+0x000000010024f400'
Event: 4.938 Thread 0x0000023f72257880 Unloading class 0x000000010024f000 'java/lang/invoke/LambdaForm$DMH+0x000000010024f000'
Event: 4.938 Thread 0x0000023f72257880 Unloading class 0x000000010024c400 'java/lang/invoke/LambdaForm$DMH+0x000000010024c400'

Classes redefined (0 events):
No events

Internal exceptions (20 events):
Event: 3.757 Thread 0x0000023f79c729b0 Exception <a 'java/lang/NoSuchMethodError'{0x00000000ebe21aa8}: 'java.lang.Object java.lang.invoke.DirectMethodHandle$Holder.newInvokeSpecial(java.lang.Object, java.lang.Object, java.lang.Object, java.lang.Object, java.lang.Object, java.lang.Object, java.lang.Object)'> (0x00000000ebe21aa8) 
thrown [s\src\hotspot\share\interpreter\linkResolver.cpp, line 759]
Event: 3.769 Thread 0x0000023f79c729b0 Exception <a 'java/lang/NoSuchMethodError'{0x00000000ebe8f328}: 'java.lang.Object java.lang.invoke.DirectMethodHandle$Holder.invokeSpecial(java.lang.Object, java.lang.Object, java.lang.Object, java.lang.Object, java.lang.Object, java.lang.Object, java.lang.Object, java.lang.Object, java.lang.Object, java.lang.Object, java.lang.Object, java.lang.Object, java.lang.Object)'> (0x00000000ebe8f328) 
thrown [s\src\hotspot\share\interpreter\linkResolver.cpp, line 759]
Event: 3.769 Thread 0x0000023f79c729b0 Exception <a 'java/lang/NoSuchMethodError'{0x00000000ebe94e58}: 'java.lang.Object java.lang.invoke.Invokers$Holder.invoker(java.lang.Object, java.lang.Object, java.lang.Object, java.lang.Object, java.lang.Object, java.lang.Object, java.lang.Object, java.lang.Object, java.lang.Object, java.lang.Object, java.lang.Object, java.lang.Object, java.lang.Object)'> (0x00000000ebe94e58) 
thrown [s\src\hotspot\share\interpreter\linkResolver.cpp, line 759]
Event: 3.770 Thread 0x0000023f79c729b0 Exception <a 'java/lang/NoSuchMethodError'{0x00000000ebe9be70}: 'java.lang.Object java.lang.invoke.DirectMethodHandle$Holder.invokeSpecial(java.lang.Object, java.lang.Object, java.lang.Object, java.lang.Object, java.lang.Object, java.lang.Object, java.lang.Object, java.lang.Object, java.lang.Object, java.lang.Object, java.lang.Object, java.lang.Object, java.lang.Object, java.lang.Object)'> (0x00000000ebe9be70) 
thrown [s\src\hotspot\share\interpreter\linkResolver.cpp, line 759]
Event: 3.778 Thread 0x0000023f79c729b0 Exception <a 'java/lang/NoSuchMethodError'{0x00000000ebf04290}: static Lorg/eclipse/m2e/core/internal/lifecyclemapping/model/PluginExecutionMetadata;.<clinit>()V> (0x00000000ebf04290) 
thrown [s\src\hotspot\share\prims\jni.cpp, line 1107]
Event: 3.790 Thread 0x0000023f79c729b0 Exception <a 'java/lang/NoSuchMethodError'{0x00000000ebf61a78}: static Lorg/eclipse/m2e/core/internal/lifecyclemapping/model/PluginExecutionFilter;.<clinit>()V> (0x00000000ebf61a78) 
thrown [s\src\hotspot\share\prims\jni.cpp, line 1107]
Event: 3.799 Thread 0x0000023f79c729b0 Exception <a 'java/lang/NoSuchMethodError'{0x00000000ebf96198}: static Lorg/eclipse/m2e/core/internal/project/registry/MavenProjectFacade$MavenProjectConfiguration;.<clinit>()V> (0x00000000ebf96198) 
thrown [s\src\hotspot\share\prims\jni.cpp, line 1107]
Event: 4.093 Thread 0x0000023f79c729b0 Exception <a 'java/io/FileNotFoundException'{0x00000000ebc78968}> (0x00000000ebc78968) 
thrown [s\src\hotspot\share\prims\jni.cpp, line 516]
Event: 4.094 Thread 0x0000023f79c729b0 Exception <a 'java/io/FileNotFoundException'{0x00000000ebc797b8}> (0x00000000ebc797b8) 
thrown [s\src\hotspot\share\prims\jni.cpp, line 516]
Event: 4.094 Thread 0x0000023f79c729b0 Exception <a 'java/io/FileNotFoundException'{0x00000000ebc7a610}> (0x00000000ebc7a610) 
thrown [s\src\hotspot\share\prims\jni.cpp, line 516]
Event: 4.495 Thread 0x0000023f79c729b0 Exception <a 'java/lang/NoSuchMethodError'{0x00000000eaee1ed0}: 'java.lang.Object java.lang.invoke.DirectMethodHandle$Holder.newInvokeSpecial(java.lang.Object, int, java.lang.Object, java.lang.Object)'> (0x00000000eaee1ed0) 
thrown [s\src\hotspot\share\interpreter\linkResolver.cpp, line 759]
Event: 4.501 Thread 0x0000023f79c729b0 Exception <a 'java/io/FileNotFoundException'{0x00000000eaf043d8}> (0x00000000eaf043d8) 
thrown [s\src\hotspot\share\prims\jni.cpp, line 516]
Event: 4.561 Thread 0x0000023f79c729b0 Exception <a 'java/lang/ClassNotFoundException'{0x00000000eb137ca0}: com/sun/org/apache/xerces/internal/impl/msg/spi/DOMMessagesProvider> (0x00000000eb137ca0) 
thrown [s\src\hotspot\share\classfile\systemDictionary.cpp, line 256]
Event: 4.563 Thread 0x0000023f79c729b0 Exception <a 'java/lang/ClassNotFoundException'{0x00000000eb149428}: com/sun/org/apache/xerces/internal/impl/msg/spi/XMLSerializerMessagesProvider> (0x00000000eb149428) 
thrown [s\src\hotspot\share\classfile\systemDictionary.cpp, line 256]
Event: 4.565 Thread 0x0000023f79c729b0 Exception <a 'java/lang/ClassNotFoundException'{0x00000000eb156660}: com/sun/org/apache/xerces/internal/impl/msg/spi/XMLMessagesProvider> (0x00000000eb156660) 
thrown [s\src\hotspot\share\classfile\systemDictionary.cpp, line 256]
Event: 4.629 Thread 0x0000023f79c729b0 Exception <a 'java/lang/NoSuchMethodError'{0x00000000eb405940}: 'java.lang.Object java.lang.invoke.DirectMethodHandle$Holder.invokeStaticInit(java.lang.Object, int, int, int, int)'> (0x00000000eb405940) 
thrown [s\src\hotspot\share\interpreter\linkResolver.cpp, line 759]
Event: 4.732 Thread 0x0000023f79c729b0 Exception <a 'java/lang/NoSuchMethodError'{0x00000000eb53f9f0}: 'java.lang.Object java.lang.invoke.DirectMethodHandle$Holder.invokeStaticInit(java.lang.Object, java.lang.Object, int, int, int, int)'> (0x00000000eb53f9f0) 
thrown [s\src\hotspot\share\interpreter\linkResolver.cpp, line 759]
Event: 4.850 Thread 0x0000023f79c729b0 Exception <a 'java/lang/ClassNotFoundException'{0x00000000eb8e8bc0}: com/sun/org/apache/xml/internal/serializer/spi/XMLEntitiesProvider> (0x00000000eb8e8bc0) 
thrown [s\src\hotspot\share\classfile\systemDictionary.cpp, line 256]
Event: 4.999 Thread 0x0000023f79df14a0 Exception <a 'java/lang/NoSuchMethodError'{0x00000000eacea0e8}: 'java.lang.Object java.lang.invoke.DirectMethodHandle$Holder.invokeSpecialIFC(java.lang.Object, java.lang.Object, java.lang.Object, java.lang.Object)'> (0x00000000eacea0e8) 
thrown [s\src\hotspot\share\interpreter\linkResolver.cpp, line 759]
Event: 5.013 Thread 0x0000023f79c729b0 Exception <a 'java/io/FileNotFoundException'{0x00000000ead4d460}> (0x00000000ead4d460) 
thrown [s\src\hotspot\share\prims\jni.cpp, line 516]

VM Operations (20 events):
Event: 4.503 Executing VM operation: HandshakeAllThreads
Event: 4.504 Executing VM operation: HandshakeAllThreads done
Event: 4.607 Executing VM operation: HandshakeAllThreads
Event: 4.607 Executing VM operation: HandshakeAllThreads done
Event: 4.722 Executing VM operation: HandshakeAllThreads
Event: 4.722 Executing VM operation: HandshakeAllThreads done
Event: 4.786 Executing VM operation: HandshakeAllThreads
Event: 4.786 Executing VM operation: HandshakeAllThreads done
Event: 4.848 Executing VM operation: HandshakeAllThreads
Event: 4.848 Executing VM operation: HandshakeAllThreads done
Event: 4.853 Executing VM operation: HandshakeAllThreads
Event: 4.853 Executing VM operation: HandshakeAllThreads done
Event: 4.889 Executing VM operation: HandshakeAllThreads
Event: 4.889 Executing VM operation: HandshakeAllThreads done
Event: 4.926 Executing VM operation: HandshakeAllThreads
Event: 4.926 Executing VM operation: HandshakeAllThreads done
Event: 4.930 Executing VM operation: CollectForMetadataAllocation
Event: 4.969 Executing VM operation: CollectForMetadataAllocation done
Event: 5.019 Executing VM operation: HandshakeAllThreads
Event: 5.019 Executing VM operation: HandshakeAllThreads done

Events (20 events):
Event: 5.167 loading class sun/reflect/generics/tree/ClassSignature
Event: 5.167 loading class sun/reflect/generics/tree/Signature
Event: 5.167 loading class sun/reflect/generics/tree/Signature done
Event: 5.167 loading class sun/reflect/generics/tree/ClassSignature done
Event: 5.167 loading class sun/reflect/annotation/TypeAnnotation$TypeAnnotationTarget
Event: 5.167 loading class sun/reflect/annotation/TypeAnnotation$TypeAnnotationTarget done
Event: 5.167 loading class sun/reflect/annotation/TypeAnnotation$LocationInfo
Event: 5.167 loading class sun/reflect/annotation/TypeAnnotation$LocationInfo done
Event: 5.167 loading class sun/reflect/annotation/TypeAnnotation$LocationInfo$Location
Event: 5.167 loading class sun/reflect/annotation/TypeAnnotation$LocationInfo$Location done
Event: 5.167 loading class sun/reflect/annotation/AnnotatedTypeFactory
Event: 5.167 loading class sun/reflect/annotation/AnnotatedTypeFactory done
Event: 5.167 loading class sun/reflect/annotation/AnnotatedTypeFactory$AnnotatedTypeBaseImpl
Event: 5.168 loading class sun/reflect/annotation/AnnotatedTypeFactory$AnnotatedTypeBaseImpl done
Event: 5.168 loading class java/util/stream/Streams$ConcatSpliterator$OfRef
Event: 5.168 loading class java/util/stream/Streams$ConcatSpliterator
Event: 5.168 loading class java/util/stream/Streams$ConcatSpliterator done
Event: 5.168 loading class java/util/stream/Streams$ConcatSpliterator$OfRef done
Event: 5.168 loading class java/util/stream/Streams$2
Event: 5.168 loading class java/util/stream/Streams$2 done


Dynamic libraries:
0x00007ff779d00000 - 0x00007ff779d0e000 	c:\Users\Ricky Garcia\.vscode\extensions\redhat.java-1.27.0-win32-x64\jre\17.0.10-win32-x86_64\bin\java.exe
0x00007ff801d30000 - 0x00007ff801f47000 	C:\WINDOWS\SYSTEM32\ntdll.dll
0x00007ff8003e0000 - 0x00007ff8004a4000 	C:\WINDOWS\System32\KERNEL32.DLL
0x00007fffff340000 - 0x00007fffff6e6000 	C:\WINDOWS\System32\KERNELBASE.dll
0x00007fffff770000 - 0x00007fffff881000 	C:\WINDOWS\System32\ucrtbase.dll
0x00007fffd1bd0000 - 0x00007fffd1be7000 	c:\Users\Ricky Garcia\.vscode\extensions\redhat.java-1.27.0-win32-x64\jre\17.0.10-win32-x86_64\bin\jli.dll
0x00007fffe4790000 - 0x00007fffe47ab000 	c:\Users\Ricky Garcia\.vscode\extensions\redhat.java-1.27.0-win32-x64\jre\17.0.10-win32-x86_64\bin\VCRUNTIME140.dll
0x00007fffffe40000 - 0x00007ffffffee000 	C:\WINDOWS\System32\USER32.dll
0x00007fffff200000 - 0x00007fffff226000 	C:\WINDOWS\System32\win32u.dll
0x00007fffd4690000 - 0x00007fffd4923000 	C:\WINDOWS\WinSxS\amd64_microsoft.windows.common-controls_6595b64144ccf1df_6.0.22621.2506_none_270c5ae97388e100\COMCTL32.dll
0x00007ff801270000 - 0x00007ff801299000 	C:\WINDOWS\System32\GDI32.dll
0x00007ff801b80000 - 0x00007ff801c27000 	C:\WINDOWS\System32\msvcrt.dll
0x00007fffff950000 - 0x00007fffffa68000 	C:\WINDOWS\System32\gdi32full.dll
0x00007fffff230000 - 0x00007fffff2ca000 	C:\WINDOWS\System32\msvcp_win.dll
0x00007fffffc40000 - 0x00007fffffc71000 	C:\WINDOWS\System32\IMM32.DLL
0x00007ffffba90000 - 0x00007ffffba9c000 	c:\Users\Ricky Garcia\.vscode\extensions\redhat.java-1.27.0-win32-x64\jre\17.0.10-win32-x86_64\bin\vcruntime140_1.dll
0x00007fffb25f0000 - 0x00007fffb267d000 	c:\Users\Ricky Garcia\.vscode\extensions\redhat.java-1.27.0-win32-x64\jre\17.0.10-win32-x86_64\bin\msvcp140.dll
0x00007fff53d70000 - 0x00007fff549d2000 	c:\Users\Ricky Garcia\.vscode\extensions\redhat.java-1.27.0-win32-x64\jre\17.0.10-win32-x86_64\bin\server\jvm.dll
0x00007ff801c30000 - 0x00007ff801ce3000 	C:\WINDOWS\System32\ADVAPI32.dll
0x00007ff8014c0000 - 0x00007ff801568000 	C:\WINDOWS\System32\sechost.dll
0x00007fffff060000 - 0x00007fffff088000 	C:\WINDOWS\System32\bcrypt.dll
0x00007ff800060000 - 0x00007ff800177000 	C:\WINDOWS\System32\RPCRT4.dll
0x00007fffdb7d0000 - 0x00007fffdb7d9000 	C:\WINDOWS\SYSTEM32\WSOCK32.dll
0x00007ffff69c0000 - 0x00007ffff69f4000 	C:\WINDOWS\SYSTEM32\WINMM.dll
0x00007fffffa70000 - 0x00007fffffae1000 	C:\WINDOWS\System32\WS2_32.dll
0x00007ffff6700000 - 0x00007ffff670a000 	C:\WINDOWS\SYSTEM32\VERSION.dll
0x00007ffffdea0000 - 0x00007ffffdeed000 	C:\WINDOWS\SYSTEM32\POWRPROF.dll
0x00007ffffde80000 - 0x00007ffffde93000 	C:\WINDOWS\SYSTEM32\UMPDC.dll
0x00007ffffe140000 - 0x00007ffffe158000 	C:\WINDOWS\SYSTEM32\kernel.appcore.dll
0x00007fffe51d0000 - 0x00007fffe51da000 	c:\Users\Ricky Garcia\.vscode\extensions\redhat.java-1.27.0-win32-x64\jre\17.0.10-win32-x86_64\bin\jimage.dll
0x00007ffffc440000 - 0x00007ffffc673000 	C:\WINDOWS\SYSTEM32\DBGHELP.DLL
0x00007ff800d10000 - 0x00007ff801099000 	C:\WINDOWS\System32\combase.dll
0x00007fffffb60000 - 0x00007fffffc37000 	C:\WINDOWS\System32\OLEAUT32.dll
0x00007fffeec90000 - 0x00007fffeecc2000 	C:\WINDOWS\SYSTEM32\dbgcore.DLL
0x00007fffff6f0000 - 0x00007fffff76a000 	C:\WINDOWS\System32\bcryptPrimitives.dll
0x00007fffcdac0000 - 0x00007fffcdace000 	c:\Users\Ricky Garcia\.vscode\extensions\redhat.java-1.27.0-win32-x64\jre\17.0.10-win32-x86_64\bin\instrument.dll
0x00007fffccf20000 - 0x00007fffccf45000 	c:\Users\Ricky Garcia\.vscode\extensions\redhat.java-1.27.0-win32-x64\jre\17.0.10-win32-x86_64\bin\java.dll
0x00007fffc68e0000 - 0x00007fffc68f8000 	c:\Users\Ricky Garcia\.vscode\extensions\redhat.java-1.27.0-win32-x64\jre\17.0.10-win32-x86_64\bin\zip.dll
0x00007ff8004b0000 - 0x00007ff800d0a000 	C:\WINDOWS\System32\SHELL32.dll
0x00007ffffcf70000 - 0x00007ffffd866000 	C:\WINDOWS\SYSTEM32\windows.storage.dll
0x00007ffffce30000 - 0x00007ffffcf6e000 	C:\WINDOWS\SYSTEM32\wintypes.dll
0x00007ff8012c0000 - 0x00007ff8013b3000 	C:\WINDOWS\System32\SHCORE.dll
0x00007ff800000000 - 0x00007ff80005e000 	C:\WINDOWS\System32\shlwapi.dll
0x00007ffffef90000 - 0x00007ffffefb6000 	C:\WINDOWS\SYSTEM32\profapi.dll
0x00007fffc68c0000 - 0x00007fffc68d9000 	C:\Users\Ricky Garcia\.vscode\extensions\redhat.java-1.27.0-win32-x64\jre\17.0.10-win32-x86_64\bin\net.dll
0x00007ffff7710000 - 0x00007ffff7847000 	C:\WINDOWS\SYSTEM32\WINHTTP.dll
0x00007ffffe5c0000 - 0x00007ffffe629000 	C:\WINDOWS\system32\mswsock.dll
0x00007fffc21e0000 - 0x00007fffc21f6000 	C:\Users\Ricky Garcia\.vscode\extensions\redhat.java-1.27.0-win32-x64\jre\17.0.10-win32-x86_64\bin\nio.dll
0x00007fffcf060000 - 0x00007fffcf070000 	c:\Users\Ricky Garcia\.vscode\extensions\redhat.java-1.27.0-win32-x64\jre\17.0.10-win32-x86_64\bin\verify.dll
0x00007fffbbf00000 - 0x00007fffbbf3e000 	C:\Users\Ricky Garcia\AppData\Roaming\Code\User\globalStorage\redhat.java\1.27.0\config_win\org.eclipse.equinox.launcher\org.eclipse.equinox.launcher.win32.win32.x86_64_1.2.900.v20240129-1338\eclipse_11900.dll
0x00007ff800180000 - 0x00007ff800320000 	C:\WINDOWS\System32\ole32.dll
0x00007ffffe800000 - 0x00007ffffe81b000 	C:\WINDOWS\SYSTEM32\CRYPTSP.dll
0x00007ffffe0a0000 - 0x00007ffffe0d5000 	C:\WINDOWS\system32\rsaenh.dll
0x00007ffffe680000 - 0x00007ffffe6ac000 	C:\WINDOWS\SYSTEM32\USERENV.dll
0x00007ffffe820000 - 0x00007ffffe82c000 	C:\WINDOWS\SYSTEM32\CRYPTBASE.dll
0x00007ffffdb40000 - 0x00007ffffdb6d000 	C:\WINDOWS\SYSTEM32\IPHLPAPI.DLL
0x00007ff8015c0000 - 0x00007ff8015c9000 	C:\WINDOWS\System32\NSI.dll
0x00007ffff7910000 - 0x00007ffff7929000 	C:\WINDOWS\SYSTEM32\dhcpcsvc6.DLL
0x00007ffff76d0000 - 0x00007ffff76ef000 	C:\WINDOWS\SYSTEM32\dhcpcsvc.DLL
0x00007ffffdb70000 - 0x00007ffffdc69000 	C:\WINDOWS\SYSTEM32\DNSAPI.dll
0x00007fffb1a30000 - 0x00007fffb1a75000 	C:\Users\Ricky Garcia\AppData\Local\Temp\jna-612083421\jna17525338193936442625.dll
0x00007ff800320000 - 0x00007ff800328000 	C:\WINDOWS\System32\PSAPI.DLL

dbghelp: loaded successfully - version: 4.0.5 - missing functions: none
symbol engine: initialized successfully - sym options: 0x614 - pdb path: .;c:\Users\Ricky Garcia\.vscode\extensions\redhat.java-1.27.0-win32-x64\jre\17.0.10-win32-x86_64\bin;C:\WINDOWS\SYSTEM32;C:\WINDOWS\WinSxS\amd64_microsoft.windows.common-controls_6595b64144ccf1df_6.0.22621.2506_none_270c5ae97388e100;c:\Users\Ricky Garcia\.vscode\extensions\redhat.java-1.27.0-win32-x64\jre\17.0.10-win32-x86_64\bin\server;C:\Users\Ricky Garcia\AppData\Roaming\Code\User\globalStorage\redhat.java\1.27.0\config_win\org.eclipse.equinox.launcher\org.eclipse.equinox.launcher.win32.win32.x86_64_1.2.900.v20240129-1338;C:\Users\Ricky Garcia\AppData\Local\Temp\jna-612083421

VM Arguments:
jvm_args: --add-modules=ALL-SYSTEM --add-opens=java.base/java.util=ALL-UNNAMED --add-opens=java.base/java.lang=ALL-UNNAMED --add-opens=java.base/sun.nio.fs=ALL-UNNAMED -Declipse.application=org.eclipse.jdt.ls.core.id1 -Dosgi.bundles.defaultStartLevel=4 -Declipse.product=org.eclipse.jdt.ls.core.product -Djava.import.generatesMetadataFilesAtProjectRoot=false -DDetectVMInstallationsJob.disabled=true -Dfile.encoding=utf8 -XX:+UseParallelGC -XX:GCTimeRatio=4 -XX:AdaptiveSizePolicyWeight=90 -Dsun.zip.disableMemoryMapping=true -Xmx1G -Xms100m -Xlog:disable -javaagent:c:\Users\Ricky Garcia\.vscode\extensions\redhat.java-1.27.0-win32-x64\lombok\lombok-1.18.31.jar -XX:+HeapDumpOnOutOfMemoryError -XX:HeapDumpPath=c:\Users\Ricky Garcia\AppData\Roaming\Code\User\workspaceStorage\fa0a1e08c69df178198f0c09288cdad3\redhat.java -Daether.dependencyCollector.impl=bf 
java_command: c:\Users\Ricky Garcia\.vscode\extensions\redhat.java-1.27.0-win32-x64\server\plugins\org.eclipse.equinox.launcher_1.6.700.v20231214-2017.jar -configuration c:\Users\Ricky Garcia\AppData\Roaming\Code\User\globalStorage\redhat.java\1.27.0\config_win -data c:\Users\Ricky Garcia\AppData\Roaming\Code\User\workspaceStorage\fa0a1e08c69df178198f0c09288cdad3\redhat.java\jdt_ws --stdio
java_class_path (initial): c:\Users\Ricky Garcia\.vscode\extensions\redhat.java-1.27.0-win32-x64\server\plugins\org.eclipse.equinox.launcher_1.6.700.v20231214-2017.jar
Launcher Type: SUN_STANDARD

[Global flags]
    uintx AdaptiveSizePolicyWeight                 = 90                                        {product} {command line}
     intx CICompilerCount                          = 4                                         {product} {ergonomic}
    uintx GCTimeRatio                              = 4                                         {product} {command line}
     bool HeapDumpOnOutOfMemoryError               = true                                   {manageable} {command line}
    ccstr HeapDumpPath                             = c:\Users\Ricky Garcia\AppData\Roaming\Code\User\workspaceStorage\fa0a1e08c69df178198f0c09288cdad3\redhat.java         {manageable} {command line}
   size_t InitialHeapSize                          = 104857600                                 {product} {command line}
   size_t MaxHeapSize                              = 1073741824                                {product} {command line}
   size_t MaxNewSize                               = 357564416                                 {product} {ergonomic}
   size_t MinHeapDeltaBytes                        = 524288                                    {product} {ergonomic}
   size_t MinHeapSize                              = 104857600                                 {product} {command line}
   size_t NewSize                                  = 34603008                                  {product} {ergonomic}
    uintx NonNMethodCodeHeapSize                   = 5839372                                {pd product} {ergonomic}
    uintx NonProfiledCodeHeapSize                  = 122909434                              {pd product} {ergonomic}
   size_t OldSize                                  = 70254592                                  {product} {ergonomic}
    uintx ProfiledCodeHeapSize                     = 122909434                              {pd product} {ergonomic}
    uintx ReservedCodeCacheSize                    = 251658240                              {pd product} {ergonomic}
     bool SegmentedCodeCache                       = true                                      {product} {ergonomic}
   size_t SoftMaxHeapSize                          = 1073741824                             {manageable} {ergonomic}
     bool UseCompressedClassPointers               = true                           {product lp64_product} {ergonomic}
     bool UseCompressedOops                        = true                           {product lp64_product} {ergonomic}
     bool UseLargePagesIndividualAllocation        = false                                  {pd product} {ergonomic}
     bool UseParallelGC                            = true                                      {product} {command line}

Logging:
Log output configuration:
 #0: stdout all=off uptime,level,tags
 #1: stderr all=off uptime,level,tags

Environment Variables:
JAVA_HOME=C:\jdk21\
PATH=C:\jdk21\bin;C:\Windows\system32;C:\Windows;C:\Windows\System32\Wbem;C:\Windows\System32\WindowsPowerShell\v1.0\;C:\Windows\System32\OpenSSH\;C:\Program Files (x86)\NVIDIA Corporation\PhysX\Common;C:\Program Files\NVIDIA Corporation\NVIDIA NvDLISR;C:\WINDOWS\system32;C:\WINDOWS;C:\WINDOWS\System32\Wbem;C:\WINDOWS\System32\WindowsPowerShell\v1.0\;C:\WINDOWS\System32\OpenSSH\;C:\Program Files\Microsoft SQL Server\150\Tools\Binn\;C:\Program Files\Microsoft SQL Server\Client SDK\ODBC\170\Tools\Binn\;C:\Program Files\dotnet\;C:\Program Files (x86)\Microsoft SQL Server\160\Tools\Binn\;C:\Program Files\Microsoft SQL Server\160\Tools\Binn\;C:\Program Files\Microsoft SQL Server\160\DTS\Binn\;C:\Program Files (x86)\Microsoft SQL Server\160\DTS\Binn\;C:\Program Files\Azure Data Studio\bin;C:\Program Files\Git\cmd;C:\Program Files\Git\bin;C:\Program Files\nodejs\;C:\Program Files\Docker\Docker\resources\bin;C:\Users\Ricky Garcia\AppData\Local\Microsoft\WindowsApps;C:\Users\Ricky Garcia\.dotnet\tools;C:\Program Files\Azure Data Studio\bin;C:\Users\Ricky Garcia\AppData\Local\Programs\Microsoft VS Code\bin;C:\Program Files\PostgreSQL\16\bin;C:\Users\Ricky Garcia\AppData\Roaming\npm
USERNAME=RickyGarcia
OS=Windows_NT
PROCESSOR_IDENTIFIER=Intel64 Family 6 Model 165 Stepping 2, GenuineIntel
TMP=C:\Users\RICKYG~1\AppData\Local\Temp
TEMP=C:\Users\RICKYG~1\AppData\Local\Temp



Periodic native trim disabled


---------------  S Y S T E M  ---------------

OS:
 Windows 11 , 64 bit Build 22621 (10.0.22621.2506)
OS uptime: 0 days 23:21 hours
Hyper-V role detected

CPU: total 12 (initial active 12) (6 cores per cpu, 2 threads per core) family 6 model 165 stepping 2 microcode 0xf8, cx8, cmov, fxsr, ht, mmx, 3dnowpref, sse, sse2, sse3, ssse3, sse4.1, sse4.2, popcnt, lzcnt, tsc, tscinvbit, avx, avx2, aes, erms, clmul, bmi1, bmi2, adx, fma, vzeroupper, clflush, clflushopt, hv
Processor Information for all 12 processors :
  Max Mhz: 2496, Current Mhz: 2496, Mhz Limit: 2496

Memory: 4k page, system-wide physical 7967M (1164M free)
TotalPageFile size 32543M (AvailPageFile size 270M)
current process WorkingSet (physical memory assigned to process): 159M, peak: 159M
current process commit charge ("private bytes"): 262M, peak: 262M

vm_info: OpenJDK 64-Bit Server VM (17.0.10+7) for windows-amd64 JRE (17.0.10+7), built on Jan 16 2024 23:25:11 by "admin" with MS VC++ 16.10 / 16.11 (VS2019)

END.
