#
# There is insufficient memory for the Java Runtime Environment to continue.
# Native memory allocation (malloc) failed to allocate 1660816 bytes for Chunk::new
# Possible reasons:
#   The system is out of physical RAM or swap space
#   The process is running with CompressedOops enabled, and the Java Heap may be blocking the growth of the native heap
# Possible solutions:
#   Reduce memory load on the system
#   Increase physical memory or swap space
#   Check if swap backing store is full
#   Decrease Java heap size (-Xmx/-Xms)
#   Decrease number of Java threads
#   Decrease Java thread stack sizes (-Xss)
#   Set larger code cache with -XX:ReservedCodeCacheSize=
#   JVM is running with Unscaled Compressed Oops mode in which the Java heap is
#     placed in the first 4GB address space. The Java Heap base address is the
#     maximum limit for the native heap growth. Please use -XX:HeapBaseMinAddress
#     to set the Java Heap base and to place the Java Heap above 4GB virtual address.
# This output file may be truncated or incomplete.
#
#  Out of Memory Error (arena.cpp:191), pid=17392, tid=16668
#
# JRE version: OpenJDK Runtime Environment Temurin-17.0.10+7 (17.0.10+7) (build 17.0.10+7)
# Java VM: OpenJDK 64-Bit Server VM Temurin-17.0.10+7 (17.0.10+7, mixed mode, tiered, compressed oops, compressed class ptrs, parallel gc, windows-amd64)
# No core dump will be written. Minidumps are not enabled by default on client versions of Windows
#

---------------  S U M M A R Y ------------

Command Line: --add-modules=ALL-SYSTEM --add-opens=java.base/java.util=ALL-UNNAMED --add-opens=java.base/java.lang=ALL-UNNAMED --add-opens=java.base/sun.nio.fs=ALL-UNNAMED -Declipse.application=org.eclipse.jdt.ls.core.id1 -Dosgi.bundles.defaultStartLevel=4 -Declipse.product=org.eclipse.jdt.ls.core.product -Djava.import.generatesMetadataFilesAtProjectRoot=false -DDetectVMInstallationsJob.disabled=true -Dfile.encoding=utf8 -XX:+UseParallelGC -XX:GCTimeRatio=4 -XX:AdaptiveSizePolicyWeight=90 -Dsun.zip.disableMemoryMapping=true -Xmx1G -Xms100m -Xlog:disable -javaagent:c:\Users\Ricky Garcia\.vscode\extensions\redhat.java-1.27.0-win32-x64\lombok\lombok-1.18.31.jar -XX:+HeapDumpOnOutOfMemoryError -XX:HeapDumpPath=c:\Users\Ricky Garcia\AppData\Roaming\Code\User\workspaceStorage\fa0a1e08c69df178198f0c09288cdad3\redhat.java -Daether.dependencyCollector.impl=bf c:\Users\Ricky Garcia\.vscode\extensions\redhat.java-1.27.0-win32-x64\server\plugins\org.eclipse.equinox.launcher_1.6.700.v20231214-2017.jar -configuration c:\Users\Ricky Garcia\AppData\Roaming\Code\User\globalStorage\redhat.java\1.27.0\config_win -data c:\Users\Ricky Garcia\AppData\Roaming\Code\User\workspaceStorage\fa0a1e08c69df178198f0c09288cdad3\redhat.java\jdt_ws --stdio

Host: Intel(R) Core(TM) i5-10500H CPU @ 2.50GHz, 12 cores, 7G,  Windows 11 , 64 bit Build 22621 (10.0.22621.2506)
Time: Sun Feb 11 20:35:35 2024 SA Pacific Standard Time elapsed time: 32.325993 seconds (0d 0h 0m 32s)

---------------  T H R E A D  ---------------

Current thread (0x0000028ed20bb660):  JavaThread "C2 CompilerThread0" daemon [_thread_in_native, id=16668, stack(0x000000ca13200000,0x000000ca13300000)]


Current CompileTask:
C2:  32326 9068   !   4       org.eclipse.jdt.internal.core.search.indexing.BinaryIndexer::indexDocument (1142 bytes)

Stack: [0x000000ca13200000,0x000000ca13300000]
Native frames: (J=compiled Java code, j=interpreted, Vv=VM code, C=native code)
V  [jvm.dll+0x67d2c9]
V  [jvm.dll+0x834afa]
V  [jvm.dll+0x8365be]
V  [jvm.dll+0x836c23]
V  [jvm.dll+0x2477ff]
V  [jvm.dll+0xac514]
V  [jvm.dll+0xacb5c]
V  [jvm.dll+0x366782]
V  [jvm.dll+0x330bfa]
V  [jvm.dll+0x33009a]
V  [jvm.dll+0x219ef1]
V  [jvm.dll+0x219311]
V  [jvm.dll+0x1a502d]
V  [jvm.dll+0x2290de]
V  [jvm.dll+0x2272ac]
V  [jvm.dll+0x7e9bb7]
V  [jvm.dll+0x7e3fba]
V  [jvm.dll+0x67c1b5]
C  [ucrtbase.dll+0x29363]
C  [KERNEL32.DLL+0x1257d]
C  [ntdll.dll+0x5aa58]


---------------  P R O C E S S  ---------------

Threads class SMR info:
_java_thread_list=0x0000028ed4803490, length=38, elements={
0x0000028eb90c0700, 0x0000028eccf47020, 0x0000028eccf4a570, 0x0000028eb9169fa0,
0x0000028eb916ad30, 0x0000028eb916b9c0, 0x0000028eb916e400, 0x0000028ed20bb660,
0x0000028ed21186a0, 0x0000028ed2123360, 0x0000028ed21b0010, 0x0000028ed238cc30,
0x0000028ed3d7ebc0, 0x0000028ed44849e0, 0x0000028ed41bdbb0, 0x0000028ed46d1f10,
0x0000028ed44fcb70, 0x0000028ed46a1d60, 0x0000028ed46a2270, 0x0000028ed46a2780,
0x0000028ed46a36b0, 0x0000028ed46a40d0, 0x0000028ed46a1340, 0x0000028ed67d5ff0,
0x0000028ed67d6500, 0x0000028ed67d7940, 0x0000028ed67d1400, 0x0000028ed67d46a0,
0x0000028ed67d6a10, 0x0000028ed67d2330, 0x0000028ed67d2840, 0x0000028ed67d0ef0,
0x0000028ed67d4bb0, 0x0000028ed67d6f20, 0x0000028ed67d50c0, 0x0000028ed67d7e50,
0x0000028ed67d3c80, 0x0000028ed67d3260
}

Java Threads: ( => current thread )
  0x0000028eb90c0700 JavaThread "main" [_thread_blocked, id=10908, stack(0x000000ca12900000,0x000000ca12a00000)]
  0x0000028eccf47020 JavaThread "Reference Handler" daemon [_thread_blocked, id=26344, stack(0x000000ca12c00000,0x000000ca12d00000)]
  0x0000028eccf4a570 JavaThread "Finalizer" daemon [_thread_blocked, id=14496, stack(0x000000ca12d00000,0x000000ca12e00000)]
  0x0000028eb9169fa0 JavaThread "Signal Dispatcher" daemon [_thread_blocked, id=15280, stack(0x000000ca12e00000,0x000000ca12f00000)]
  0x0000028eb916ad30 JavaThread "Attach Listener" daemon [_thread_blocked, id=17584, stack(0x000000ca12f00000,0x000000ca13000000)]
  0x0000028eb916b9c0 JavaThread "Service Thread" daemon [_thread_blocked, id=2724, stack(0x000000ca13000000,0x000000ca13100000)]
  0x0000028eb916e400 JavaThread "Monitor Deflation Thread" daemon [_thread_blocked, id=10088, stack(0x000000ca13100000,0x000000ca13200000)]
=>0x0000028ed20bb660 JavaThread "C2 CompilerThread0" daemon [_thread_in_native, id=16668, stack(0x000000ca13200000,0x000000ca13300000)]
  0x0000028ed21186a0 JavaThread "C1 CompilerThread0" daemon [_thread_blocked, id=15944, stack(0x000000ca13300000,0x000000ca13400000)]
  0x0000028ed2123360 JavaThread "Sweeper thread" daemon [_thread_blocked, id=8956, stack(0x000000ca13400000,0x000000ca13500000)]
  0x0000028ed21b0010 JavaThread "Common-Cleaner" daemon [_thread_blocked, id=11124, stack(0x000000ca13500000,0x000000ca13600000)]
  0x0000028ed238cc30 JavaThread "Notification Thread" daemon [_thread_blocked, id=1352, stack(0x000000ca13600000,0x000000ca13700000)]
  0x0000028ed3d7ebc0 JavaThread "Active Thread: Equinox Container: 5e11a55f-b8bb-407e-b843-6e3fbe69528f" [_thread_blocked, id=17820, stack(0x000000ca13e00000,0x000000ca13f00000)]
  0x0000028ed44849e0 JavaThread "Framework Event Dispatcher: Equinox Container: 5e11a55f-b8bb-407e-b843-6e3fbe69528f" daemon [_thread_blocked, id=8864, stack(0x000000ca13f00000,0x000000ca14000000)]
  0x0000028ed41bdbb0 JavaThread "Start Level: Equinox Container: 5e11a55f-b8bb-407e-b843-6e3fbe69528f" daemon [_thread_blocked, id=24156, stack(0x000000ca14000000,0x000000ca14100000)]
  0x0000028ed46d1f10 JavaThread "Bundle File Closer" daemon [_thread_blocked, id=15504, stack(0x000000ca14200000,0x000000ca14300000)]
  0x0000028ed44fcb70 JavaThread "SCR Component Actor" daemon [_thread_blocked, id=26236, stack(0x000000ca14300000,0x000000ca14400000)]
  0x0000028ed46a1d60 JavaThread "Worker-JM" [_thread_blocked, id=12152, stack(0x000000ca14700000,0x000000ca14800000)]
  0x0000028ed46a2270 JavaThread "Worker-0: Update project clientes" [_thread_blocked, id=20364, stack(0x000000ca14800000,0x000000ca14900000)]
  0x0000028ed46a2780 JavaThread "Worker-1: Refreshing workspace" [_thread_blocked, id=23180, stack(0x000000ca14900000,0x000000ca14a00000)]
  0x0000028ed46a36b0 JavaThread "Worker-2: Java indexing... " [_thread_blocked, id=16624, stack(0x000000ca14a00000,0x000000ca14b00000)]
  0x0000028ed46a40d0 JavaThread "Java indexing" daemon [_thread_in_Java, id=18340, stack(0x000000ca14b00000,0x000000ca14c00000)]
  0x0000028ed46a1340 JavaThread "JNA Cleaner" daemon [_thread_blocked, id=12056, stack(0x000000ca14c00000,0x000000ca14d00000)]
  0x0000028ed67d5ff0 JavaThread "pool-2-thread-1" [_thread_blocked, id=22892, stack(0x000000ca14600000,0x000000ca14700000)]
  0x0000028ed67d6500 JavaThread "WorkspaceEventsHandler" [_thread_blocked, id=7180, stack(0x000000ca14d00000,0x000000ca14e00000)]
  0x0000028ed67d7940 JavaThread "pool-1-thread-1" [_thread_in_native, id=25120, stack(0x000000ca14e00000,0x000000ca14f00000)]
  0x0000028ed67d1400 JavaThread "Worker-3: Initialize Workspace" [_thread_blocked, id=7976, stack(0x000000ca14f00000,0x000000ca15000000)]
  0x0000028ed67d46a0 JavaThread "Worker-4: Synchronizing projects" [_thread_blocked, id=10288, stack(0x000000ca15000000,0x000000ca15100000)]
  0x0000028ed67d6a10 JavaThread "Worker-5: Initialize workspace" [_thread_blocked, id=17072, stack(0x000000ca15100000,0x000000ca15200000)]
  0x0000028ed67d2330 JavaThread "Worker-6" [_thread_blocked, id=26832, stack(0x000000ca15200000,0x000000ca15300000)]
  0x0000028ed67d2840 JavaThread "Worker-7" [_thread_blocked, id=14996, stack(0x000000ca15300000,0x000000ca15400000)]
  0x0000028ed67d0ef0 JavaThread "ForkJoinPool.commonPool-worker-1" daemon [_thread_blocked, id=10712, stack(0x000000ca15400000,0x000000ca15500000)]
  0x0000028ed67d4bb0 JavaThread "Worker-8" [_thread_blocked, id=6844, stack(0x000000ca15500000,0x000000ca15600000)]
  0x0000028ed67d6f20 JavaThread "ParallelDescriptorResolver-1-0" daemon [_thread_in_native, id=23288, stack(0x000000ca15600000,0x000000ca15700000)]
  0x0000028ed67d50c0 JavaThread "ParallelDescriptorResolver-1-1" daemon [_thread_in_native, id=6692, stack(0x000000ca15700000,0x000000ca15800000)]
  0x0000028ed67d7e50 JavaThread "ParallelDescriptorResolver-1-2" daemon [_thread_in_native, id=11548, stack(0x000000ca15800000,0x000000ca15900000)]
  0x0000028ed67d3c80 JavaThread "ParallelDescriptorResolver-1-3" daemon [_thread_in_native, id=25176, stack(0x000000ca15900000,0x000000ca15a00000)]
  0x0000028ed67d3260 JavaThread "ParallelDescriptorResolver-1-4" daemon [_thread_in_Java, id=3632, stack(0x000000ca15a00000,0x000000ca15b00000)]

Other Threads:
  0x0000028eb91484a0 VMThread "VM Thread" [stack: 0x000000ca12b00000,0x000000ca12c00000] [id=6124]
  0x0000028ed238d110 WatcherThread [stack: 0x000000ca13700000,0x000000ca13800000] [id=26084]
  0x0000028eb90d7360 GCTaskThread "GC Thread#0" [stack: 0x000000ca12a00000,0x000000ca12b00000] [id=4152]
  0x0000028ed3cc4900 GCTaskThread "GC Thread#1" [stack: 0x000000ca13800000,0x000000ca13900000] [id=23276]
  0x0000028ed3cdb6b0 GCTaskThread "GC Thread#2" [stack: 0x000000ca13900000,0x000000ca13a00000] [id=19132]
  0x0000028ed3cdb970 GCTaskThread "GC Thread#3" [stack: 0x000000ca13a00000,0x000000ca13b00000] [id=26584]
  0x0000028ed3cdbc30 GCTaskThread "GC Thread#4" [stack: 0x000000ca13b00000,0x000000ca13c00000] [id=13172]
  0x0000028ed3cdbef0 GCTaskThread "GC Thread#5" [stack: 0x000000ca13c00000,0x000000ca13d00000] [id=6896]
  0x0000028ed3cdc1b0 GCTaskThread "GC Thread#6" [stack: 0x000000ca13d00000,0x000000ca13e00000] [id=8272]
  0x0000028ed3f9bfd0 GCTaskThread "GC Thread#7" [stack: 0x000000ca14100000,0x000000ca14200000] [id=3164]
  0x0000028ed4519aa0 GCTaskThread "GC Thread#8" [stack: 0x000000ca14400000,0x000000ca14500000] [id=14124]
  0x0000028ed45b2e10 GCTaskThread "GC Thread#9" [stack: 0x000000ca14500000,0x000000ca14600000] [id=20968]

Threads with active compile tasks:
C2 CompilerThread0    32412 9068   !   4       org.eclipse.jdt.internal.core.search.indexing.BinaryIndexer::indexDocument (1142 bytes)

VM state: not at safepoint (normal execution)

VM Mutex/Monitor currently owned by a thread: None

Heap address: 0x00000000c0000000, size: 1024 MB, Compressed Oops mode: 32-bit

CDS archive(s) not mapped
Compressed class space mapped at: 0x0000000100000000-0x0000000140000000, reserved size: 1073741824
Narrow klass base: 0x0000000000000000, Narrow klass shift: 3, Narrow klass range: 0x140000000

GC Precious Log:
 CPUs: 12 total, 12 available
 Memory: 7967M
 Large Page Support: Disabled
 NUMA Support: Disabled
 Compressed Oops: Enabled (32-bit)
 Alignments: Space 512K, Generation 512K, Heap 2M
 Heap Min Capacity: 100M
 Heap Initial Capacity: 100M
 Heap Max Capacity: 1G
 Pre-touch: Disabled
 Parallel Workers: 10

Heap:
 PSYoungGen      total 6144K, used 2253K [0x00000000eab00000, 0x00000000eb280000, 0x0000000100000000)
  eden space 4608K, 15% used [0x00000000eab00000,0x00000000eabb5248,0x00000000eaf80000)
  from space 1536K, 99% used [0x00000000eb100000,0x00000000eb27e2c8,0x00000000eb280000)
  to   space 1024K, 0% used [0x00000000eaf80000,0x00000000eaf80000,0x00000000eb080000)
 ParOldGen       total 140288K, used 116114K [0x00000000c0000000, 0x00000000c8900000, 0x00000000eab00000)
  object space 140288K, 82% used [0x00000000c0000000,0x00000000c7164bb8,0x00000000c8900000)
 Metaspace       used 58349K, committed 59584K, reserved 1114112K
  class space    used 6239K, committed 6720K, reserved 1048576K

Card table byte_map: [0x0000028eb8a50000,0x0000028eb8c60000] _byte_map_base: 0x0000028eb8450000

Marking Bits: (ParMarkBitMap*) 0x00007fff5490d7d0
 Begin Bits: [0x0000028ecad50000, 0x0000028ecbd50000)
 End Bits:   [0x0000028ecbd50000, 0x0000028eccd50000)

Polling page: 0x0000028eb7080000

Metaspace:

Usage:
  Non-class:     50.89 MB used.
      Class:      6.09 MB used.
       Both:     56.98 MB used.

Virtual space:
  Non-class space:       64.00 MB reserved,      51.62 MB ( 81%) committed,  1 nodes.
      Class space:        1.00 GB reserved,       6.56 MB ( <1%) committed,  1 nodes.
             Both:        1.06 GB reserved,      58.19 MB (  5%) committed. 

Chunk freelists:
   Non-Class:  12.17 MB
       Class:  9.38 MB
        Both:  21.55 MB

MaxMetaspaceSize: unlimited
CompressedClassSpaceSize: 1.00 GB
Initial GC threshold: 21.00 MB
Current GC threshold: 96.38 MB
CDS: off
MetaspaceReclaimPolicy: balanced
 - commit_granule_bytes: 65536.
 - commit_granule_words: 8192.
 - virtual_space_node_default_size: 8388608.
 - enlarge_chunks_in_place: 1.
 - new_chunks_are_fully_committed: 0.
 - uncommit_free_chunks: 1.
 - use_allocation_guard: 0.
 - handle_deallocations: 1.


Internal statistics:

num_allocs_failed_limit: 6.
num_arena_births: 812.
num_arena_deaths: 20.
num_vsnodes_births: 2.
num_vsnodes_deaths: 0.
num_space_committed: 931.
num_space_uncommitted: 0.
num_chunks_returned_to_freelist: 28.
num_chunks_taken_from_freelist: 3202.
num_chunk_merges: 9.
num_chunk_splits: 1945.
num_chunks_enlarged: 1081.
num_inconsistent_stats: 0.

CodeHeap 'non-profiled nmethods': size=120000Kb used=3901Kb max_used=3901Kb free=116098Kb
 bounds [0x0000028ec3820000, 0x0000028ec3bf0000, 0x0000028ecad50000]
CodeHeap 'profiled nmethods': size=120000Kb used=16320Kb max_used=16320Kb free=103679Kb
 bounds [0x0000028ebbd50000, 0x0000028ebcd50000, 0x0000028ec3280000]
CodeHeap 'non-nmethods': size=5760Kb used=1304Kb max_used=1379Kb free=4455Kb
 bounds [0x0000028ec3280000, 0x0000028ec34f0000, 0x0000028ec3820000]
 total_blobs=9019 nmethods=8384 adapters=549
 compilation: enabled
              stopped_count=0, restarted_count=0
 full_count=0

Compilation events (20 events):
Event: 32.307 Thread 0x0000028ed21186a0 nmethod 9203 0x0000028ebcd36e90 code [0x0000028ebcd37020, 0x0000028ebcd37118]
Event: 32.308 Thread 0x0000028ed21186a0 9204       2       org.eclipse.aether.artifact.DefaultArtifact::<init> (130 bytes)
Event: 32.309 Thread 0x0000028ed21186a0 nmethod 9204 0x0000028ebcd37190 code [0x0000028ebcd37340, 0x0000028ebcd376c8]
Event: 32.309 Thread 0x0000028ed21186a0 9205       2       org.eclipse.aether.artifact.DefaultArtifact::merge (70 bytes)
Event: 32.309 Thread 0x0000028ed21186a0 nmethod 9205 0x0000028ebcd37890 code [0x0000028ebcd37a60, 0x0000028ebcd37db8]
Event: 32.309 Thread 0x0000028ed21186a0 9206       2       org.eclipse.aether.graph.Dependency::<init> (43 bytes)
Event: 32.310 Thread 0x0000028ed21186a0 nmethod 9206 0x0000028ebcd37f90 code [0x0000028ebcd38140, 0x0000028ebcd383c8]
Event: 32.310 Thread 0x0000028ed21186a0 9207       1       org.apache.maven.artifact.handler.DefaultArtifactHandler::isAddedToClasspath (5 bytes)
Event: 32.310 Thread 0x0000028ed21186a0 nmethod 9207 0x0000028ec3bedd10 code [0x0000028ec3bedea0, 0x0000028ec3bedf78]
Event: 32.310 Thread 0x0000028ed21186a0 9208       1       org.apache.maven.artifact.handler.DefaultArtifactHandler::isIncludesDependencies (5 bytes)
Event: 32.310 Thread 0x0000028ed21186a0 nmethod 9208 0x0000028ec3bee010 code [0x0000028ec3bee1a0, 0x0000028ec3bee278]
Event: 32.310 Thread 0x0000028ed21186a0 9209       2       org.eclipse.aether.graph.Dependency::<init> (13 bytes)
Event: 32.310 Thread 0x0000028ed21186a0 nmethod 9209 0x0000028ebcd38510 code [0x0000028ebcd386c0, 0x0000028ebcd388e8]
Event: 32.310 Thread 0x0000028ed21186a0 9210       2       org.eclipse.aether.graph.Dependency$Exclusions::copy (26 bytes)
Event: 32.310 Thread 0x0000028ed21186a0 nmethod 9210 0x0000028ebcd38a10 code [0x0000028ebcd38bc0, 0x0000028ebcd38d98]
Event: 32.310 Thread 0x0000028ed21186a0 9214       2       org.eclipse.aether.artifact.DefaultArtifactType::<init> (140 bytes)
Event: 32.311 Thread 0x0000028ed21186a0 nmethod 9214 0x0000028ebcd38e90 code [0x0000028ebcd390a0, 0x0000028ebcd39658]
Event: 32.311 Thread 0x0000028ed21186a0 9211       2       org.apache.maven.RepositoryUtils$MavenArtifactTypeRegistry::get (17 bytes)
Event: 32.311 Thread 0x0000028ed21186a0 nmethod 9211 0x0000028ebcd39a10 code [0x0000028ebcd39bc0, 0x0000028ebcd39d58]
Event: 32.311 Thread 0x0000028ed21186a0 9213       2       org.apache.maven.RepositoryUtils::toDependency (167 bytes)

GC Heap History (20 events):
Event: 30.546 GC heap before
{Heap before GC invocations=63 (full 4):
 PSYoungGen      total 9728K, used 9633K [0x00000000eab00000, 0x00000000eb800000, 0x0000000100000000)
  eden space 8192K, 100% used [0x00000000eab00000,0x00000000eb300000,0x00000000eb300000)
  from space 1536K, 93% used [0x00000000eb680000,0x00000000eb7e86d8,0x00000000eb800000)
  to   space 2560K, 0% used [0x00000000eb300000,0x00000000eb300000,0x00000000eb580000)
 ParOldGen       total 115200K, used 105002K [0x00000000c0000000, 0x00000000c7080000, 0x00000000eab00000)
  object space 115200K, 91% used [0x00000000c0000000,0x00000000c668a9f0,0x00000000c7080000)
 Metaspace       used 57352K, committed 58496K, reserved 1114112K
  class space    used 6140K, committed 6656K, reserved 1048576K
}
Event: 30.549 GC heap after
{Heap after GC invocations=63 (full 4):
 PSYoungGen      total 10752K, used 2528K [0x00000000eab00000, 0x00000000eba00000, 0x0000000100000000)
  eden space 8192K, 0% used [0x00000000eab00000,0x00000000eab00000,0x00000000eb300000)
  from space 2560K, 98% used [0x00000000eb300000,0x00000000eb578350,0x00000000eb580000)
  to   space 3584K, 0% used [0x00000000eb680000,0x00000000eb680000,0x00000000eba00000)
 ParOldGen       total 115200K, used 105452K [0x00000000c0000000, 0x00000000c7080000, 0x00000000eab00000)
  object space 115200K, 91% used [0x00000000c0000000,0x00000000c66fb298,0x00000000c7080000)
 Metaspace       used 57352K, committed 58496K, reserved 1114112K
  class space    used 6140K, committed 6656K, reserved 1048576K
}
Event: 30.651 GC heap before
{Heap before GC invocations=64 (full 4):
 PSYoungGen      total 10752K, used 10713K [0x00000000eab00000, 0x00000000eba00000, 0x0000000100000000)
  eden space 8192K, 99% used [0x00000000eab00000,0x00000000eb2fe218,0x00000000eb300000)
  from space 2560K, 98% used [0x00000000eb300000,0x00000000eb578350,0x00000000eb580000)
  to   space 3584K, 0% used [0x00000000eb680000,0x00000000eb680000,0x00000000eba00000)
 ParOldGen       total 115200K, used 105452K [0x00000000c0000000, 0x00000000c7080000, 0x00000000eab00000)
  object space 115200K, 91% used [0x00000000c0000000,0x00000000c66fb298,0x00000000c7080000)
 Metaspace       used 57394K, committed 58560K, reserved 1114112K
  class space    used 6145K, committed 6656K, reserved 1048576K
}
Event: 30.656 GC heap after
{Heap after GC invocations=64 (full 4):
 PSYoungGen      total 10240K, used 1740K [0x00000000eab00000, 0x00000000eb880000, 0x0000000100000000)
  eden space 8192K, 0% used [0x00000000eab00000,0x00000000eab00000,0x00000000eb300000)
  from space 2048K, 84% used [0x00000000eb680000,0x00000000eb8330b0,0x00000000eb880000)
  to   space 2560K, 0% used [0x00000000eb380000,0x00000000eb380000,0x00000000eb600000)
 ParOldGen       total 115200K, used 107832K [0x00000000c0000000, 0x00000000c7080000, 0x00000000eab00000)
  object space 115200K, 93% used [0x00000000c0000000,0x00000000c694e030,0x00000000c7080000)
 Metaspace       used 57394K, committed 58560K, reserved 1114112K
  class space    used 6145K, committed 6656K, reserved 1048576K
}
Event: 30.815 GC heap before
{Heap before GC invocations=65 (full 4):
 PSYoungGen      total 10240K, used 9932K [0x00000000eab00000, 0x00000000eb880000, 0x0000000100000000)
  eden space 8192K, 100% used [0x00000000eab00000,0x00000000eb300000,0x00000000eb300000)
  from space 2048K, 84% used [0x00000000eb680000,0x00000000eb8330b0,0x00000000eb880000)
  to   space 2560K, 0% used [0x00000000eb380000,0x00000000eb380000,0x00000000eb600000)
 ParOldGen       total 115200K, used 107832K [0x00000000c0000000, 0x00000000c7080000, 0x00000000eab00000)
  object space 115200K, 93% used [0x00000000c0000000,0x00000000c694e030,0x00000000c7080000)
 Metaspace       used 57684K, committed 58816K, reserved 1114112K
  class space    used 6170K, committed 6656K, reserved 1048576K
}
Event: 30.820 GC heap after
{Heap after GC invocations=65 (full 4):
 PSYoungGen      total 9728K, used 1234K [0x00000000eab00000, 0x00000000eb700000, 0x0000000100000000)
  eden space 8192K, 0% used [0x00000000eab00000,0x00000000eab00000,0x00000000eb300000)
  from space 1536K, 80% used [0x00000000eb380000,0x00000000eb4b4b58,0x00000000eb500000)
  to   space 1536K, 0% used [0x00000000eb580000,0x00000000eb580000,0x00000000eb700000)
 ParOldGen       total 115200K, used 109241K [0x00000000c0000000, 0x00000000c7080000, 0x00000000eab00000)
  object space 115200K, 94% used [0x00000000c0000000,0x00000000c6aae650,0x00000000c7080000)
 Metaspace       used 57684K, committed 58816K, reserved 1114112K
  class space    used 6170K, committed 6656K, reserved 1048576K
}
Event: 30.980 GC heap before
{Heap before GC invocations=66 (full 4):
 PSYoungGen      total 9728K, used 9426K [0x00000000eab00000, 0x00000000eb700000, 0x0000000100000000)
  eden space 8192K, 100% used [0x00000000eab00000,0x00000000eb300000,0x00000000eb300000)
  from space 1536K, 80% used [0x00000000eb380000,0x00000000eb4b4b58,0x00000000eb500000)
  to   space 1536K, 0% used [0x00000000eb580000,0x00000000eb580000,0x00000000eb700000)
 ParOldGen       total 115200K, used 109241K [0x00000000c0000000, 0x00000000c7080000, 0x00000000eab00000)
  object space 115200K, 94% used [0x00000000c0000000,0x00000000c6aae650,0x00000000c7080000)
 Metaspace       used 57750K, committed 58880K, reserved 1114112K
  class space    used 6179K, committed 6656K, reserved 1048576K
}
Event: 30.983 GC heap after
{Heap after GC invocations=66 (full 4):
 PSYoungGen      total 8704K, used 1517K [0x00000000eab00000, 0x00000000eba00000, 0x0000000100000000)
  eden space 7168K, 0% used [0x00000000eab00000,0x00000000eab00000,0x00000000eb200000)
  from space 1536K, 98% used [0x00000000eb580000,0x00000000eb6fb4e8,0x00000000eb700000)
  to   space 3584K, 0% used [0x00000000eb200000,0x00000000eb200000,0x00000000eb580000)
 ParOldGen       total 115200K, used 110575K [0x00000000c0000000, 0x00000000c7080000, 0x00000000eab00000)
  object space 115200K, 95% used [0x00000000c0000000,0x00000000c6bfbfd0,0x00000000c7080000)
 Metaspace       used 57750K, committed 58880K, reserved 1114112K
  class space    used 6179K, committed 6656K, reserved 1048576K
}
Event: 31.309 GC heap before
{Heap before GC invocations=67 (full 4):
 PSYoungGen      total 8704K, used 8685K [0x00000000eab00000, 0x00000000eba00000, 0x0000000100000000)
  eden space 7168K, 100% used [0x00000000eab00000,0x00000000eb200000,0x00000000eb200000)
  from space 1536K, 98% used [0x00000000eb580000,0x00000000eb6fb4e8,0x00000000eb700000)
  to   space 3584K, 0% used [0x00000000eb200000,0x00000000eb200000,0x00000000eb580000)
 ParOldGen       total 115200K, used 110575K [0x00000000c0000000, 0x00000000c7080000, 0x00000000eab00000)
  object space 115200K, 95% used [0x00000000c0000000,0x00000000c6bfbfd0,0x00000000c7080000)
 Metaspace       used 57867K, committed 59072K, reserved 1114112K
  class space    used 6188K, committed 6720K, reserved 1048576K
}
Event: 31.312 GC heap after
{Heap after GC invocations=67 (full 4):
 PSYoungGen      total 8704K, used 1523K [0x00000000eab00000, 0x00000000eb600000, 0x0000000100000000)
  eden space 7168K, 0% used [0x00000000eab00000,0x00000000eab00000,0x00000000eb200000)
  from space 1536K, 99% used [0x00000000eb200000,0x00000000eb37cd68,0x00000000eb380000)
  to   space 2048K, 0% used [0x00000000eb400000,0x00000000eb400000,0x00000000eb600000)
 ParOldGen       total 115200K, used 112047K [0x00000000c0000000, 0x00000000c7080000, 0x00000000eab00000)
  object space 115200K, 97% used [0x00000000c0000000,0x00000000c6d6bec8,0x00000000c7080000)
 Metaspace       used 57867K, committed 59072K, reserved 1114112K
  class space    used 6188K, committed 6720K, reserved 1048576K
}
Event: 31.427 GC heap before
{Heap before GC invocations=68 (full 4):
 PSYoungGen      total 8704K, used 8691K [0x00000000eab00000, 0x00000000eb600000, 0x0000000100000000)
  eden space 7168K, 100% used [0x00000000eab00000,0x00000000eb200000,0x00000000eb200000)
  from space 1536K, 99% used [0x00000000eb200000,0x00000000eb37cd68,0x00000000eb380000)
  to   space 2048K, 0% used [0x00000000eb400000,0x00000000eb400000,0x00000000eb600000)
 ParOldGen       total 115200K, used 112047K [0x00000000c0000000, 0x00000000c7080000, 0x00000000eab00000)
  object space 115200K, 97% used [0x00000000c0000000,0x00000000c6d6bec8,0x00000000c7080000)
 Metaspace       used 57874K, committed 59072K, reserved 1114112K
  class space    used 6190K, committed 6720K, reserved 1048576K
}
Event: 31.431 GC heap after
{Heap after GC invocations=68 (full 4):
 PSYoungGen      total 7680K, used 2026K [0x00000000eab00000, 0x00000000eb900000, 0x0000000100000000)
  eden space 5632K, 0% used [0x00000000eab00000,0x00000000eab00000,0x00000000eb080000)
  from space 2048K, 98% used [0x00000000eb400000,0x00000000eb5fa940,0x00000000eb600000)
  to   space 3584K, 0% used [0x00000000eb080000,0x00000000eb080000,0x00000000eb400000)
 ParOldGen       total 115200K, used 113050K [0x00000000c0000000, 0x00000000c7080000, 0x00000000eab00000)
  object space 115200K, 98% used [0x00000000c0000000,0x00000000c6e66a70,0x00000000c7080000)
 Metaspace       used 57874K, committed 59072K, reserved 1114112K
  class space    used 6190K, committed 6720K, reserved 1048576K
}
Event: 31.574 GC heap before
{Heap before GC invocations=69 (full 4):
 PSYoungGen      total 7680K, used 7655K [0x00000000eab00000, 0x00000000eb900000, 0x0000000100000000)
  eden space 5632K, 99% used [0x00000000eab00000,0x00000000eb07f3c0,0x00000000eb080000)
  from space 2048K, 98% used [0x00000000eb400000,0x00000000eb5fa940,0x00000000eb600000)
  to   space 3584K, 0% used [0x00000000eb080000,0x00000000eb080000,0x00000000eb400000)
 ParOldGen       total 115200K, used 113050K [0x00000000c0000000, 0x00000000c7080000, 0x00000000eab00000)
  object space 115200K, 98% used [0x00000000c0000000,0x00000000c6e66a70,0x00000000c7080000)
 Metaspace       used 58028K, committed 59200K, reserved 1114112K
  class space    used 6205K, committed 6720K, reserved 1048576K
}
Event: 31.579 GC heap after
{Heap after GC invocations=69 (full 4):
 PSYoungGen      total 7168K, used 1160K [0x00000000eab00000, 0x00000000eb480000, 0x0000000100000000)
  eden space 5632K, 0% used [0x00000000eab00000,0x00000000eab00000,0x00000000eb080000)
  from space 1536K, 75% used [0x00000000eb080000,0x00000000eb1a23d0,0x00000000eb200000)
  to   space 2048K, 0% used [0x00000000eb280000,0x00000000eb280000,0x00000000eb480000)
 ParOldGen       total 115200K, used 115062K [0x00000000c0000000, 0x00000000c7080000, 0x00000000eab00000)
  object space 115200K, 99% used [0x00000000c0000000,0x00000000c705dbc0,0x00000000c7080000)
 Metaspace       used 58028K, committed 59200K, reserved 1114112K
  class space    used 6205K, committed 6720K, reserved 1048576K
}
Event: 31.579 GC heap before
{Heap before GC invocations=70 (full 5):
 PSYoungGen      total 7168K, used 1160K [0x00000000eab00000, 0x00000000eb480000, 0x0000000100000000)
  eden space 5632K, 0% used [0x00000000eab00000,0x00000000eab00000,0x00000000eb080000)
  from space 1536K, 75% used [0x00000000eb080000,0x00000000eb1a23d0,0x00000000eb200000)
  to   space 2048K, 0% used [0x00000000eb280000,0x00000000eb280000,0x00000000eb480000)
 ParOldGen       total 115200K, used 115062K [0x00000000c0000000, 0x00000000c7080000, 0x00000000eab00000)
  object space 115200K, 99% used [0x00000000c0000000,0x00000000c705dbc0,0x00000000c7080000)
 Metaspace       used 58028K, committed 59200K, reserved 1114112K
  class space    used 6205K, committed 6720K, reserved 1048576K
}
Event: 31.897 GC heap after
{Heap after GC invocations=70 (full 5):
 PSYoungGen      total 7680K, used 0K [0x00000000eab00000, 0x00000000eb480000, 0x0000000100000000)
  eden space 5632K, 0% used [0x00000000eab00000,0x00000000eab00000,0x00000000eb080000)
  from space 2048K, 0% used [0x00000000eb280000,0x00000000eb280000,0x00000000eb480000)
  to   space 2048K, 0% used [0x00000000eb080000,0x00000000eb080000,0x00000000eb280000)
 ParOldGen       total 140288K, used 113570K [0x00000000c0000000, 0x00000000c8900000, 0x00000000eab00000)
  object space 140288K, 80% used [0x00000000c0000000,0x00000000c6ee8b50,0x00000000c8900000)
 Metaspace       used 58023K, committed 59200K, reserved 1114112K
  class space    used 6204K, committed 6720K, reserved 1048576K
}
Event: 32.025 GC heap before
{Heap before GC invocations=71 (full 5):
 PSYoungGen      total 7680K, used 5632K [0x00000000eab00000, 0x00000000eb480000, 0x0000000100000000)
  eden space 5632K, 100% used [0x00000000eab00000,0x00000000eb080000,0x00000000eb080000)
  from space 2048K, 0% used [0x00000000eb280000,0x00000000eb280000,0x00000000eb480000)
  to   space 2048K, 0% used [0x00000000eb080000,0x00000000eb080000,0x00000000eb280000)
 ParOldGen       total 140288K, used 113570K [0x00000000c0000000, 0x00000000c8900000, 0x00000000eab00000)
  object space 140288K, 80% used [0x00000000c0000000,0x00000000c6ee8b50,0x00000000c8900000)
 Metaspace       used 58047K, committed 59200K, reserved 1114112K
  class space    used 6208K, committed 6720K, reserved 1048576K
}
Event: 32.027 GC heap after
{Heap after GC invocations=71 (full 5):
 PSYoungGen      total 7168K, used 1344K [0x00000000eab00000, 0x00000000eb380000, 0x0000000100000000)
  eden space 5632K, 0% used [0x00000000eab00000,0x00000000eab00000,0x00000000eb080000)
  from space 1536K, 87% used [0x00000000eb080000,0x00000000eb1d0000,0x00000000eb200000)
  to   space 1536K, 0% used [0x00000000eb200000,0x00000000eb200000,0x00000000eb380000)
 ParOldGen       total 140288K, used 113570K [0x00000000c0000000, 0x00000000c8900000, 0x00000000eab00000)
  object space 140288K, 80% used [0x00000000c0000000,0x00000000c6ee8b50,0x00000000c8900000)
 Metaspace       used 58047K, committed 59200K, reserved 1114112K
  class space    used 6208K, committed 6720K, reserved 1048576K
}
Event: 32.093 GC heap before
{Heap before GC invocations=72 (full 5):
 PSYoungGen      total 7168K, used 6976K [0x00000000eab00000, 0x00000000eb380000, 0x0000000100000000)
  eden space 5632K, 100% used [0x00000000eab00000,0x00000000eb080000,0x00000000eb080000)
  from space 1536K, 87% used [0x00000000eb080000,0x00000000eb1d0000,0x00000000eb200000)
  to   space 1536K, 0% used [0x00000000eb200000,0x00000000eb200000,0x00000000eb380000)
 ParOldGen       total 140288K, used 113570K [0x00000000c0000000, 0x00000000c8900000, 0x00000000eab00000)
  object space 140288K, 80% used [0x00000000c0000000,0x00000000c6ee8b50,0x00000000c8900000)
 Metaspace       used 58150K, committed 59392K, reserved 1114112K
  class space    used 6221K, committed 6720K, reserved 1048576K
}
Event: 32.099 GC heap after
{Heap after GC invocations=72 (full 5):
 PSYoungGen      total 6144K, used 1536K [0x00000000eab00000, 0x00000000eb580000, 0x0000000100000000)
  eden space 4608K, 0% used [0x00000000eab00000,0x00000000eab00000,0x00000000eaf80000)
  from space 1536K, 100% used [0x00000000eb200000,0x00000000eb380000,0x00000000eb380000)
  to   space 2560K, 0% used [0x00000000eaf80000,0x00000000eaf80000,0x00000000eb200000)
 ParOldGen       total 140288K, used 114263K [0x00000000c0000000, 0x00000000c8900000, 0x00000000eab00000)
  object space 140288K, 81% used [0x00000000c0000000,0x00000000c6f95f28,0x00000000c8900000)
 Metaspace       used 58150K, committed 59392K, reserved 1114112K
  class space    used 6221K, committed 6720K, reserved 1048576K
}

Dll operation events (10 events):
Event: 0.020 Loaded shared library c:\Users\Ricky Garcia\.vscode\extensions\redhat.java-1.27.0-win32-x64\jre\17.0.10-win32-x86_64\bin\java.dll
Event: 0.363 Loaded shared library c:\Users\Ricky Garcia\.vscode\extensions\redhat.java-1.27.0-win32-x64\jre\17.0.10-win32-x86_64\bin\zip.dll
Event: 0.370 Loaded shared library C:\Users\Ricky Garcia\.vscode\extensions\redhat.java-1.27.0-win32-x64\jre\17.0.10-win32-x86_64\bin\instrument.dll
Event: 0.423 Loaded shared library C:\Users\Ricky Garcia\.vscode\extensions\redhat.java-1.27.0-win32-x64\jre\17.0.10-win32-x86_64\bin\net.dll
Event: 0.427 Loaded shared library C:\Users\Ricky Garcia\.vscode\extensions\redhat.java-1.27.0-win32-x64\jre\17.0.10-win32-x86_64\bin\nio.dll
Event: 0.447 Loaded shared library C:\Users\Ricky Garcia\.vscode\extensions\redhat.java-1.27.0-win32-x64\jre\17.0.10-win32-x86_64\bin\zip.dll
Event: 0.484 Loaded shared library C:\Users\Ricky Garcia\.vscode\extensions\redhat.java-1.27.0-win32-x64\jre\17.0.10-win32-x86_64\bin\jimage.dll
Event: 0.761 Loaded shared library c:\Users\Ricky Garcia\.vscode\extensions\redhat.java-1.27.0-win32-x64\jre\17.0.10-win32-x86_64\bin\verify.dll
Event: 3.393 Loaded shared library C:\Users\Ricky Garcia\AppData\Roaming\Code\User\globalStorage\redhat.java\1.27.0\config_win\org.eclipse.equinox.launcher\org.eclipse.equinox.launcher.win32.win32.x86_64_1.2.900.v20240129-1338\eclipse_11900.dll
Event: 14.898 Loaded shared library C:\Users\Ricky Garcia\AppData\Local\Temp\jna-612083421\jna4908469660410750984.dll

Deoptimization events (20 events):
Event: 31.999 Thread 0x0000028ed46a2270 Uncommon trap: trap_request=0xffffffc6 fr.pc=0x0000028ec3be303c relative=0x0000000000001a1c
Event: 31.999 Thread 0x0000028ed46a2270 Uncommon trap: reason=bimorphic_or_optimized_type_check action=maybe_recompile pc=0x0000028ec3be303c method=java.util.TimSort.countRunAndMakeAscending([Ljava/lang/Object;IILjava/util/Comparator;)I @ 43 c2
Event: 31.999 Thread 0x0000028ed46a2270 DEOPT PACKING pc=0x0000028ec3be303c sp=0x000000ca148f8260
Event: 31.999 Thread 0x0000028ed46a2270 DEOPT UNPACKING pc=0x0000028ec32d66a3 sp=0x000000ca148f8218 mode 2
Event: 32.001 Thread 0x0000028ed46a2270 Uncommon trap: trap_request=0xffffffc6 fr.pc=0x0000028ec3be303c relative=0x0000000000001a1c
Event: 32.001 Thread 0x0000028ed46a2270 Uncommon trap: reason=bimorphic_or_optimized_type_check action=maybe_recompile pc=0x0000028ec3be303c method=java.util.TimSort.countRunAndMakeAscending([Ljava/lang/Object;IILjava/util/Comparator;)I @ 43 c2
Event: 32.001 Thread 0x0000028ed46a2270 DEOPT PACKING pc=0x0000028ec3be303c sp=0x000000ca148f8260
Event: 32.001 Thread 0x0000028ed46a2270 DEOPT UNPACKING pc=0x0000028ec32d66a3 sp=0x000000ca148f8218 mode 2
Event: 32.001 Thread 0x0000028ed46a2270 Uncommon trap: trap_request=0xffffffc6 fr.pc=0x0000028ec3be303c relative=0x0000000000001a1c
Event: 32.001 Thread 0x0000028ed46a2270 Uncommon trap: reason=bimorphic_or_optimized_type_check action=maybe_recompile pc=0x0000028ec3be303c method=java.util.TimSort.countRunAndMakeAscending([Ljava/lang/Object;IILjava/util/Comparator;)I @ 43 c2
Event: 32.001 Thread 0x0000028ed46a2270 DEOPT PACKING pc=0x0000028ec3be303c sp=0x000000ca148f67d0
Event: 32.001 Thread 0x0000028ed46a2270 DEOPT UNPACKING pc=0x0000028ec32d66a3 sp=0x000000ca148f6788 mode 2
Event: 32.007 Thread 0x0000028ed46a2270 Uncommon trap: trap_request=0xffffffc6 fr.pc=0x0000028ec3be303c relative=0x0000000000001a1c
Event: 32.007 Thread 0x0000028ed46a2270 Uncommon trap: reason=bimorphic_or_optimized_type_check action=maybe_recompile pc=0x0000028ec3be303c method=java.util.TimSort.countRunAndMakeAscending([Ljava/lang/Object;IILjava/util/Comparator;)I @ 43 c2
Event: 32.007 Thread 0x0000028ed46a2270 DEOPT PACKING pc=0x0000028ec3be303c sp=0x000000ca148fb6b0
Event: 32.007 Thread 0x0000028ed46a2270 DEOPT UNPACKING pc=0x0000028ec32d66a3 sp=0x000000ca148fb668 mode 2
Event: 32.046 Thread 0x0000028ed46a2270 DEOPT PACKING pc=0x0000028ebcd11ebf sp=0x000000ca148f6f40
Event: 32.046 Thread 0x0000028ed46a2270 DEOPT UNPACKING pc=0x0000028ec32d6e43 sp=0x000000ca148f6448 mode 0
Event: 32.145 Thread 0x0000028ed46a2270 DEOPT PACKING pc=0x0000028ebcd298dd sp=0x000000ca148fdbc0
Event: 32.145 Thread 0x0000028ed46a2270 DEOPT UNPACKING pc=0x0000028ec32d6e43 sp=0x000000ca148fd078 mode 0

Classes unloaded (10 events):
Event: 11.945 Thread 0x0000028eb91484a0 Unloading class 0x0000000100252400 'java/lang/invoke/LambdaForm$MH+0x0000000100252400'
Event: 11.945 Thread 0x0000028eb91484a0 Unloading class 0x0000000100252000 'java/lang/invoke/LambdaForm$MH+0x0000000100252000'
Event: 11.945 Thread 0x0000028eb91484a0 Unloading class 0x0000000100251c00 'java/lang/invoke/LambdaForm$MH+0x0000000100251c00'
Event: 11.945 Thread 0x0000028eb91484a0 Unloading class 0x0000000100251800 'java/lang/invoke/LambdaForm$MH+0x0000000100251800'
Event: 11.945 Thread 0x0000028eb91484a0 Unloading class 0x0000000100251400 'java/lang/invoke/LambdaForm$BMH+0x0000000100251400'
Event: 11.945 Thread 0x0000028eb91484a0 Unloading class 0x0000000100251000 'java/lang/invoke/LambdaForm$DMH+0x0000000100251000'
Event: 11.945 Thread 0x0000028eb91484a0 Unloading class 0x000000010024c400 'java/lang/invoke/LambdaForm$DMH+0x000000010024c400'
Event: 31.602 Thread 0x0000028eb91484a0 Unloading class 0x0000000100682000 'java/lang/invoke/LambdaForm$DMH+0x0000000100682000'
Event: 31.602 Thread 0x0000028eb91484a0 Unloading class 0x0000000100681c00 'java/lang/invoke/LambdaForm$DMH+0x0000000100681c00'
Event: 31.602 Thread 0x0000028eb91484a0 Unloading class 0x0000000100681400 'java/lang/invoke/LambdaForm$DMH+0x0000000100681400'

Classes redefined (0 events):
No events

Internal exceptions (20 events):
Event: 23.033 Thread 0x0000028ed67d2330 Exception <a 'java/io/FileNotFoundException'{0x00000000eb0913d0}> (0x00000000eb0913d0) 
thrown [s\src\hotspot\share\prims\jni.cpp, line 516]
Event: 23.033 Thread 0x0000028ed67d2330 Exception <a 'java/io/FileNotFoundException'{0x00000000eb092170}> (0x00000000eb092170) 
thrown [s\src\hotspot\share\prims\jni.cpp, line 516]
Event: 27.146 Thread 0x0000028ed46a2270 Exception <a 'java/lang/NoSuchMethodError'{0x00000000eaff3560}: 'java.lang.Object java.lang.invoke.DirectMethodHandle$Holder.invokeStatic(java.lang.Object, int, java.lang.Object, java.lang.Object)'> (0x00000000eaff3560) 
thrown [s\src\hotspot\share\interpreter\linkResolver.cpp, line 759]
Event: 27.147 Thread 0x0000028ed46a2270 Exception <a 'java/lang/NoSuchMethodError'{0x00000000eaff7098}: 'java.lang.Object java.lang.invoke.DelegatingMethodHandle$Holder.delegate(java.lang.Object, int, java.lang.Object, java.lang.Object)'> (0x00000000eaff7098) 
thrown [s\src\hotspot\share\interpreter\linkResolver.cpp, line 759]
Event: 27.150 Thread 0x0000028ed46a2270 Exception <a 'java/lang/NoSuchMethodError'{0x00000000eb067f88}: 'int java.lang.invoke.Invokers$Holder.linkToTargetMethod(java.lang.Object, java.lang.Object, java.lang.Object)'> (0x00000000eb067f88) 
thrown [s\src\hotspot\share\interpreter\linkResolver.cpp, line 759]
Event: 27.246 Thread 0x0000028ed46a2270 Exception <a 'java/lang/NoSuchMethodError'{0x00000000eb109f50}: 'java.lang.Object java.lang.invoke.DirectMethodHandle$Holder.newInvokeSpecial(java.lang.Object, java.lang.Object, java.lang.Object, java.lang.Object, java.lang.Object, java.lang.Object, java.lang.Object, java.lang.Object)'> (0x00000000eb109f50) 
thrown [s\src\hotspot\share\interpreter\linkResolver.cpp, line 759]
Event: 27.247 Thread 0x0000028ed46a2270 Exception <a 'java/lang/NoSuchMethodError'{0x00000000eb10e9b0}: 'java.lang.Object java.lang.invoke.Invokers$Holder.linkToTargetMethod(java.lang.Object, java.lang.Object, java.lang.Object, java.lang.Object, java.lang.Object, java.lang.Object, java.lang.Object, java.lang.Object)'> (0x00000000eb10e9b0) 
thrown [s\src\hotspot\share\interpreter\linkResolver.cpp, line 759]
Event: 27.257 Thread 0x0000028ed46a2270 Exception <a 'java/lang/NoSuchMethodError'{0x00000000eb122080}: 'java.lang.Object java.lang.invoke.DirectMethodHandle$Holder.invokeStatic(java.lang.Object, java.lang.Object, int, java.lang.Object, java.lang.Object)'> (0x00000000eb122080) 
thrown [s\src\hotspot\share\interpreter\linkResolver.cpp, line 759]
Event: 27.294 Thread 0x0000028ed46a2270 Exception <a 'java/lang/NoSuchMethodError'{0x00000000eb1a2760}: 'void java.lang.invoke.DirectMethodHandle$Holder.invokeStatic(java.lang.Object, int)'> (0x00000000eb1a2760) 
thrown [s\src\hotspot\share\interpreter\linkResolver.cpp, line 759]
Event: 27.617 Thread 0x0000028ed46a2270 Exception <a 'java/io/FileNotFoundException'{0x00000000eae110d0}> (0x00000000eae110d0) 
thrown [s\src\hotspot\share\prims\jni.cpp, line 516]
Event: 29.911 Thread 0x0000028ed46a2270 Exception <a 'java/lang/NoSuchMethodError'{0x00000000eacc1a90}: 'java.lang.Object java.lang.invoke.DirectMethodHandle$Holder.invokeInterface(java.lang.Object, java.lang.Object, java.lang.Object)'> (0x00000000eacc1a90) 
thrown [s\src\hotspot\share\interpreter\linkResolver.cpp, line 759]
Event: 29.924 Thread 0x0000028ed46a2270 Exception <a 'java/lang/NoSuchMethodError'{0x00000000eacfa550}: 'int java.lang.invoke.DirectMethodHandle$Holder.invokeSpecialIFC(java.lang.Object, java.lang.Object, java.lang.Object)'> (0x00000000eacfa550) 
thrown [s\src\hotspot\share\interpreter\linkResolver.cpp, line 759]
Event: 30.285 Thread 0x0000028ed46a2270 Exception <a 'java/lang/NoSuchMethodError'{0x00000000eaf0e638}: 'java.lang.Object java.lang.invoke.Invokers$Holder.linkToTargetMethod(java.lang.Object, java.lang.Object, java.lang.Object, java.lang.Object, java.lang.Object, java.lang.Object, java.lang.Object)'> (0x00000000eaf0e638) 
thrown [s\src\hotspot\share\interpreter\linkResolver.cpp, line 759]
Event: 30.317 Thread 0x0000028ed46a2270 Exception <a 'java/lang/NoSuchMethodError'{0x00000000eb011098}: 'void java.lang.invoke.DirectMethodHandle$Holder.invokeInterface(java.lang.Object, java.lang.Object)'> (0x00000000eb011098) 
thrown [s\src\hotspot\share\interpreter\linkResolver.cpp, line 759]
Event: 30.331 Thread 0x0000028ed46a2270 Exception <a 'java/lang/NoSuchMethodError'{0x00000000eb061a18}: 'java.lang.Object java.lang.invoke.DirectMethodHandle$Holder.newInvokeSpecial(java.lang.Object, java.lang.Object, java.lang.Object, java.lang.Object, java.lang.Object, java.lang.Object)'> (0x00000000eb061a18) 
thrown [s\src\hotspot\share\interpreter\linkResolver.cpp, line 759]
Event: 30.343 Thread 0x0000028ed67d55d0 Exception <a 'java/lang/NoSuchMethodError'{0x00000000eb0b2970}: 'void java.lang.invoke.DirectMethodHandle$Holder.invokeSpecial(java.lang.Object, java.lang.Object, java.lang.Object, java.lang.Object, java.lang.Object, java.lang.Object, java.lang.Object, java.lang.Object)'> (0x00000000eb0b2970) 
thrown [s\src\hotspot\share\interpreter\linkResolver.cpp, line 759]
Event: 30.343 Thread 0x0000028ed67d3260 Exception <a 'java/lang/NoSuchMethodError'{0x00000000eb0bd218}: 'void java.lang.invoke.DirectMethodHandle$Holder.invokeSpecial(java.lang.Object, java.lang.Object, java.lang.Object, java.lang.Object, java.lang.Object, java.lang.Object, java.lang.Object, java.lang.Object)'> (0x00000000eb0bd218) 
thrown [s\src\hotspot\share\interpreter\linkResolver.cpp, line 759]
Event: 30.344 Thread 0x0000028ed67d50c0 Exception <a 'java/lang/NoSuchMethodError'{0x00000000eb0a82c0}: 'void java.lang.invoke.DirectMethodHandle$Holder.invokeSpecial(java.lang.Object, java.lang.Object, java.lang.Object, java.lang.Object, java.lang.Object, java.lang.Object, java.lang.Object, java.lang.Object)'> (0x00000000eb0a82c0) 
thrown [s\src\hotspot\share\interpreter\linkResolver.cpp, line 759]
Event: 30.344 Thread 0x0000028ed67d3770 Exception <a 'java/lang/NoSuchMethodError'{0x00000000eb0c2398}: 'void java.lang.invoke.DirectMethodHandle$Holder.invokeSpecial(java.lang.Object, java.lang.Object, java.lang.Object, java.lang.Object, java.lang.Object, java.lang.Object, java.lang.Object, java.lang.Object)'> (0x00000000eb0c2398) 
thrown [s\src\hotspot\share\interpreter\linkResolver.cpp, line 759]
Event: 31.044 Thread 0x0000028ed46a40d0 Implicit null exception at 0x0000028ec3b99cc0 to 0x0000028ec3b9d860

VM Operations (20 events):
Event: 30.441 Executing VM operation: ParallelGCFailedAllocation done
Event: 30.546 Executing VM operation: ParallelGCFailedAllocation
Event: 30.549 Executing VM operation: ParallelGCFailedAllocation done
Event: 30.637 Executing VM operation: ParallelGCFailedAllocation
Event: 30.659 Executing VM operation: ParallelGCFailedAllocation done
Event: 30.815 Executing VM operation: ParallelGCFailedAllocation
Event: 30.825 Executing VM operation: ParallelGCFailedAllocation done
Event: 30.980 Executing VM operation: ParallelGCFailedAllocation
Event: 30.983 Executing VM operation: ParallelGCFailedAllocation done
Event: 31.227 Executing VM operation: ParallelGCFailedAllocation
Event: 31.324 Executing VM operation: ParallelGCFailedAllocation done
Event: 31.427 Executing VM operation: ParallelGCFailedAllocation
Event: 31.431 Executing VM operation: ParallelGCFailedAllocation done
Event: 31.570 Executing VM operation: ParallelGCFailedAllocation
Event: 31.900 Executing VM operation: ParallelGCFailedAllocation done
Event: 32.014 Executing VM operation: ParallelGCFailedAllocation
Event: 32.032 Executing VM operation: ParallelGCFailedAllocation done
Event: 32.093 Executing VM operation: ParallelGCFailedAllocation
Event: 32.099 Executing VM operation: ParallelGCFailedAllocation done
Event: 32.311 Executing VM operation: ParallelGCFailedAllocation

Events (20 events):
Event: 27.144 loading class java/util/AbstractList$SubList$1
Event: 27.145 loading class java/util/AbstractList$SubList$1 done
Event: 27.147 loading class java/lang/invoke/MethodHandleImpl$CountingWrapper
Event: 27.148 loading class java/lang/invoke/MethodHandleImpl$CountingWrapper done
Event: 30.267 loading class java/util/LinkedList$LLSpliterator
Event: 30.267 loading class java/util/LinkedList$LLSpliterator done
Event: 30.334 Thread 0x0000028ed67d50c0 Thread added: 0x0000028ed67d50c0
Event: 30.334 Thread 0x0000028ed67d3260 Thread added: 0x0000028ed67d3260
Event: 30.334 Thread 0x0000028ed67d55d0 Thread added: 0x0000028ed67d55d0
Event: 30.334 Thread 0x0000028ed67d3770 Thread added: 0x0000028ed67d3770
Event: 30.335 Thread 0x0000028ed67d6f20 Thread added: 0x0000028ed67d6f20
Event: 30.661 loading class sun/nio/cs/ISO_8859_1$Decoder
Event: 30.661 loading class sun/nio/cs/ISO_8859_1$Decoder done
Event: 30.689 loading class java/util/Hashtable$KeySet
Event: 30.689 loading class java/util/Hashtable$KeySet done
Event: 30.794 Thread 0x0000028ed67d50c0 Thread exited: 0x0000028ed67d50c0
Event: 30.795 Thread 0x0000028ed67d55d0 Thread exited: 0x0000028ed67d55d0
Event: 30.795 Thread 0x0000028ed67d3770 Thread exited: 0x0000028ed67d3770
Event: 30.795 Thread 0x0000028ed67d3260 Thread exited: 0x0000028ed67d3260
Event: 30.836 Thread 0x0000028ed67d6f20 Thread exited: 0x0000028ed67d6f20


Dynamic libraries:
0x00007ff779d00000 - 0x00007ff779d0e000 	c:\Users\Ricky Garcia\.vscode\extensions\redhat.java-1.27.0-win32-x64\jre\17.0.10-win32-x86_64\bin\java.exe
0x00007ff801d30000 - 0x00007ff801f47000 	C:\WINDOWS\SYSTEM32\ntdll.dll
0x00007ff8003e0000 - 0x00007ff8004a4000 	C:\WINDOWS\System32\KERNEL32.DLL
0x00007fffff340000 - 0x00007fffff6e6000 	C:\WINDOWS\System32\KERNELBASE.dll
0x00007fffff770000 - 0x00007fffff881000 	C:\WINDOWS\System32\ucrtbase.dll
0x00007fffd1bd0000 - 0x00007fffd1be7000 	c:\Users\Ricky Garcia\.vscode\extensions\redhat.java-1.27.0-win32-x64\jre\17.0.10-win32-x86_64\bin\jli.dll
0x00007fffffe40000 - 0x00007ffffffee000 	C:\WINDOWS\System32\USER32.dll
0x00007fffff200000 - 0x00007fffff226000 	C:\WINDOWS\System32\win32u.dll
0x00007ff801270000 - 0x00007ff801299000 	C:\WINDOWS\System32\GDI32.dll
0x00007fffff950000 - 0x00007fffffa68000 	C:\WINDOWS\System32\gdi32full.dll
0x00007fffff230000 - 0x00007fffff2ca000 	C:\WINDOWS\System32\msvcp_win.dll
0x00007fffe4790000 - 0x00007fffe47ab000 	c:\Users\Ricky Garcia\.vscode\extensions\redhat.java-1.27.0-win32-x64\jre\17.0.10-win32-x86_64\bin\VCRUNTIME140.dll
0x00007fffd4690000 - 0x00007fffd4923000 	C:\WINDOWS\WinSxS\amd64_microsoft.windows.common-controls_6595b64144ccf1df_6.0.22621.2506_none_270c5ae97388e100\COMCTL32.dll
0x00007ff801b80000 - 0x00007ff801c27000 	C:\WINDOWS\System32\msvcrt.dll
0x00007fffffc40000 - 0x00007fffffc71000 	C:\WINDOWS\System32\IMM32.DLL
0x00007ffffba90000 - 0x00007ffffba9c000 	c:\Users\Ricky Garcia\.vscode\extensions\redhat.java-1.27.0-win32-x64\jre\17.0.10-win32-x86_64\bin\vcruntime140_1.dll
0x00007fffb25f0000 - 0x00007fffb267d000 	c:\Users\Ricky Garcia\.vscode\extensions\redhat.java-1.27.0-win32-x64\jre\17.0.10-win32-x86_64\bin\msvcp140.dll
0x00007fff53d70000 - 0x00007fff549d2000 	c:\Users\Ricky Garcia\.vscode\extensions\redhat.java-1.27.0-win32-x64\jre\17.0.10-win32-x86_64\bin\server\jvm.dll
0x00007ff801c30000 - 0x00007ff801ce3000 	C:\WINDOWS\System32\ADVAPI32.dll
0x00007ff8014c0000 - 0x00007ff801568000 	C:\WINDOWS\System32\sechost.dll
0x00007fffff060000 - 0x00007fffff088000 	C:\WINDOWS\System32\bcrypt.dll
0x00007ff800060000 - 0x00007ff800177000 	C:\WINDOWS\System32\RPCRT4.dll
0x00007ffffdea0000 - 0x00007ffffdeed000 	C:\WINDOWS\SYSTEM32\POWRPROF.dll
0x00007fffdb7d0000 - 0x00007fffdb7d9000 	C:\WINDOWS\SYSTEM32\WSOCK32.dll
0x00007fffffa70000 - 0x00007fffffae1000 	C:\WINDOWS\System32\WS2_32.dll
0x00007ffff69c0000 - 0x00007ffff69f4000 	C:\WINDOWS\SYSTEM32\WINMM.dll
0x00007ffff6700000 - 0x00007ffff670a000 	C:\WINDOWS\SYSTEM32\VERSION.dll
0x00007ffffde80000 - 0x00007ffffde93000 	C:\WINDOWS\SYSTEM32\UMPDC.dll
0x00007ffffe140000 - 0x00007ffffe158000 	C:\WINDOWS\SYSTEM32\kernel.appcore.dll
0x00007fffe51d0000 - 0x00007fffe51da000 	c:\Users\Ricky Garcia\.vscode\extensions\redhat.java-1.27.0-win32-x64\jre\17.0.10-win32-x86_64\bin\jimage.dll
0x00007ffffc440000 - 0x00007ffffc673000 	C:\WINDOWS\SYSTEM32\DBGHELP.DLL
0x00007ff800d10000 - 0x00007ff801099000 	C:\WINDOWS\System32\combase.dll
0x00007fffffb60000 - 0x00007fffffc37000 	C:\WINDOWS\System32\OLEAUT32.dll
0x00007fffeec90000 - 0x00007fffeecc2000 	C:\WINDOWS\SYSTEM32\dbgcore.DLL
0x00007fffff6f0000 - 0x00007fffff76a000 	C:\WINDOWS\System32\bcryptPrimitives.dll
0x00007fffcdac0000 - 0x00007fffcdace000 	c:\Users\Ricky Garcia\.vscode\extensions\redhat.java-1.27.0-win32-x64\jre\17.0.10-win32-x86_64\bin\instrument.dll
0x00007fffccf20000 - 0x00007fffccf45000 	c:\Users\Ricky Garcia\.vscode\extensions\redhat.java-1.27.0-win32-x64\jre\17.0.10-win32-x86_64\bin\java.dll
0x00007fffc68e0000 - 0x00007fffc68f8000 	c:\Users\Ricky Garcia\.vscode\extensions\redhat.java-1.27.0-win32-x64\jre\17.0.10-win32-x86_64\bin\zip.dll
0x00007ff8004b0000 - 0x00007ff800d0a000 	C:\WINDOWS\System32\SHELL32.dll
0x00007ffffcf70000 - 0x00007ffffd866000 	C:\WINDOWS\SYSTEM32\windows.storage.dll
0x00007ffffce30000 - 0x00007ffffcf6e000 	C:\WINDOWS\SYSTEM32\wintypes.dll
0x00007ff8012c0000 - 0x00007ff8013b3000 	C:\WINDOWS\System32\SHCORE.dll
0x00007ff800000000 - 0x00007ff80005e000 	C:\WINDOWS\System32\shlwapi.dll
0x00007ffffef90000 - 0x00007ffffefb6000 	C:\WINDOWS\SYSTEM32\profapi.dll
0x00007fffc68c0000 - 0x00007fffc68d9000 	C:\Users\Ricky Garcia\.vscode\extensions\redhat.java-1.27.0-win32-x64\jre\17.0.10-win32-x86_64\bin\net.dll
0x00007ffff7710000 - 0x00007ffff7847000 	C:\WINDOWS\SYSTEM32\WINHTTP.dll
0x00007ffffe5c0000 - 0x00007ffffe629000 	C:\WINDOWS\system32\mswsock.dll
0x00007fffc21e0000 - 0x00007fffc21f6000 	C:\Users\Ricky Garcia\.vscode\extensions\redhat.java-1.27.0-win32-x64\jre\17.0.10-win32-x86_64\bin\nio.dll
0x00007fffcf060000 - 0x00007fffcf070000 	c:\Users\Ricky Garcia\.vscode\extensions\redhat.java-1.27.0-win32-x64\jre\17.0.10-win32-x86_64\bin\verify.dll
0x00007fffbbf00000 - 0x00007fffbbf3e000 	C:\Users\Ricky Garcia\AppData\Roaming\Code\User\globalStorage\redhat.java\1.27.0\config_win\org.eclipse.equinox.launcher\org.eclipse.equinox.launcher.win32.win32.x86_64_1.2.900.v20240129-1338\eclipse_11900.dll
0x00007ff800180000 - 0x00007ff800320000 	C:\WINDOWS\System32\ole32.dll
0x00007ffffe800000 - 0x00007ffffe81b000 	C:\WINDOWS\SYSTEM32\CRYPTSP.dll
0x00007ffffe0a0000 - 0x00007ffffe0d5000 	C:\WINDOWS\system32\rsaenh.dll
0x00007ffffe680000 - 0x00007ffffe6ac000 	C:\WINDOWS\SYSTEM32\USERENV.dll
0x00007ffffe820000 - 0x00007ffffe82c000 	C:\WINDOWS\SYSTEM32\CRYPTBASE.dll
0x00007ffffdb40000 - 0x00007ffffdb6d000 	C:\WINDOWS\SYSTEM32\IPHLPAPI.DLL
0x00007ff8015c0000 - 0x00007ff8015c9000 	C:\WINDOWS\System32\NSI.dll
0x00007ffff7910000 - 0x00007ffff7929000 	C:\WINDOWS\SYSTEM32\dhcpcsvc6.DLL
0x00007ffff76d0000 - 0x00007ffff76ef000 	C:\WINDOWS\SYSTEM32\dhcpcsvc.DLL
0x00007ffffdb70000 - 0x00007ffffdc69000 	C:\WINDOWS\SYSTEM32\DNSAPI.dll
0x00007fffb0200000 - 0x00007fffb0245000 	C:\Users\Ricky Garcia\AppData\Local\Temp\jna-612083421\jna4908469660410750984.dll
0x00007ff800320000 - 0x00007ff800328000 	C:\WINDOWS\System32\PSAPI.DLL

dbghelp: loaded successfully - version: 4.0.5 - missing functions: none
symbol engine: initialized successfully - sym options: 0x614 - pdb path: .;c:\Users\Ricky Garcia\.vscode\extensions\redhat.java-1.27.0-win32-x64\jre\17.0.10-win32-x86_64\bin;C:\WINDOWS\SYSTEM32;C:\WINDOWS\WinSxS\amd64_microsoft.windows.common-controls_6595b64144ccf1df_6.0.22621.2506_none_270c5ae97388e100;c:\Users\Ricky Garcia\.vscode\extensions\redhat.java-1.27.0-win32-x64\jre\17.0.10-win32-x86_64\bin\server;C:\Users\Ricky Garcia\AppData\Roaming\Code\User\globalStorage\redhat.java\1.27.0\config_win\org.eclipse.equinox.launcher\org.eclipse.equinox.launcher.win32.win32.x86_64_1.2.900.v20240129-1338;C:\Users\Ricky Garcia\AppData\Local\Temp\jna-612083421

VM Arguments:
jvm_args: --add-modules=ALL-SYSTEM --add-opens=java.base/java.util=ALL-UNNAMED --add-opens=java.base/java.lang=ALL-UNNAMED --add-opens=java.base/sun.nio.fs=ALL-UNNAMED -Declipse.application=org.eclipse.jdt.ls.core.id1 -Dosgi.bundles.defaultStartLevel=4 -Declipse.product=org.eclipse.jdt.ls.core.product -Djava.import.generatesMetadataFilesAtProjectRoot=false -DDetectVMInstallationsJob.disabled=true -Dfile.encoding=utf8 -XX:+UseParallelGC -XX:GCTimeRatio=4 -XX:AdaptiveSizePolicyWeight=90 -Dsun.zip.disableMemoryMapping=true -Xmx1G -Xms100m -Xlog:disable -javaagent:c:\Users\Ricky Garcia\.vscode\extensions\redhat.java-1.27.0-win32-x64\lombok\lombok-1.18.31.jar -XX:+HeapDumpOnOutOfMemoryError -XX:HeapDumpPath=c:\Users\Ricky Garcia\AppData\Roaming\Code\User\workspaceStorage\fa0a1e08c69df178198f0c09288cdad3\redhat.java -Daether.dependencyCollector.impl=bf 
java_command: c:\Users\Ricky Garcia\.vscode\extensions\redhat.java-1.27.0-win32-x64\server\plugins\org.eclipse.equinox.launcher_1.6.700.v20231214-2017.jar -configuration c:\Users\Ricky Garcia\AppData\Roaming\Code\User\globalStorage\redhat.java\1.27.0\config_win -data c:\Users\Ricky Garcia\AppData\Roaming\Code\User\workspaceStorage\fa0a1e08c69df178198f0c09288cdad3\redhat.java\jdt_ws --stdio
java_class_path (initial): c:\Users\Ricky Garcia\.vscode\extensions\redhat.java-1.27.0-win32-x64\server\plugins\org.eclipse.equinox.launcher_1.6.700.v20231214-2017.jar
Launcher Type: SUN_STANDARD

[Global flags]
    uintx AdaptiveSizePolicyWeight                 = 90                                        {product} {command line}
     intx CICompilerCount                          = 4                                         {product} {ergonomic}
    uintx GCTimeRatio                              = 4                                         {product} {command line}
     bool HeapDumpOnOutOfMemoryError               = true                                   {manageable} {command line}
    ccstr HeapDumpPath                             = c:\Users\Ricky Garcia\AppData\Roaming\Code\User\workspaceStorage\fa0a1e08c69df178198f0c09288cdad3\redhat.java         {manageable} {command line}
   size_t InitialHeapSize                          = 104857600                                 {product} {command line}
   size_t MaxHeapSize                              = 1073741824                                {product} {command line}
   size_t MaxNewSize                               = 357564416                                 {product} {ergonomic}
   size_t MinHeapDeltaBytes                        = 524288                                    {product} {ergonomic}
   size_t MinHeapSize                              = 104857600                                 {product} {command line}
   size_t NewSize                                  = 34603008                                  {product} {ergonomic}
    uintx NonNMethodCodeHeapSize                   = 5839372                                {pd product} {ergonomic}
    uintx NonProfiledCodeHeapSize                  = 122909434                              {pd product} {ergonomic}
   size_t OldSize                                  = 70254592                                  {product} {ergonomic}
    uintx ProfiledCodeHeapSize                     = 122909434                              {pd product} {ergonomic}
    uintx ReservedCodeCacheSize                    = 251658240                              {pd product} {ergonomic}
     bool SegmentedCodeCache                       = true                                      {product} {ergonomic}
   size_t SoftMaxHeapSize                          = 1073741824                             {manageable} {ergonomic}
     bool UseCompressedClassPointers               = true                           {product lp64_product} {ergonomic}
     bool UseCompressedOops                        = true                           {product lp64_product} {ergonomic}
     bool UseLargePagesIndividualAllocation        = false                                  {pd product} {ergonomic}
     bool UseParallelGC                            = true                                      {product} {command line}

Logging:
Log output configuration:
 #0: stdout all=off uptime,level,tags
 #1: stderr all=off uptime,level,tags

Environment Variables:
JAVA_HOME=C:\jdk21\
PATH=C:\jdk21\bin;C:\Windows\system32;C:\Windows;C:\Windows\System32\Wbem;C:\Windows\System32\WindowsPowerShell\v1.0\;C:\Windows\System32\OpenSSH\;C:\Program Files (x86)\NVIDIA Corporation\PhysX\Common;C:\Program Files\NVIDIA Corporation\NVIDIA NvDLISR;C:\WINDOWS\system32;C:\WINDOWS;C:\WINDOWS\System32\Wbem;C:\WINDOWS\System32\WindowsPowerShell\v1.0\;C:\WINDOWS\System32\OpenSSH\;C:\Program Files\Microsoft SQL Server\150\Tools\Binn\;C:\Program Files\Microsoft SQL Server\Client SDK\ODBC\170\Tools\Binn\;C:\Program Files\dotnet\;C:\Program Files (x86)\Microsoft SQL Server\160\Tools\Binn\;C:\Program Files\Microsoft SQL Server\160\Tools\Binn\;C:\Program Files\Microsoft SQL Server\160\DTS\Binn\;C:\Program Files (x86)\Microsoft SQL Server\160\DTS\Binn\;C:\Program Files\Azure Data Studio\bin;C:\Program Files\Git\cmd;C:\Program Files\Git\bin;C:\Program Files\nodejs\;C:\Program Files\Docker\Docker\resources\bin;C:\Users\Ricky Garcia\AppData\Local\Microsoft\WindowsApps;C:\Users\Ricky Garcia\.dotnet\tools;C:\Program Files\Azure Data Studio\bin;C:\Users\Ricky Garcia\AppData\Local\Programs\Microsoft VS Code\bin;C:\Program Files\PostgreSQL\16\bin;C:\Users\Ricky Garcia\AppData\Roaming\npm
USERNAME=RickyGarcia
OS=Windows_NT
PROCESSOR_IDENTIFIER=Intel64 Family 6 Model 165 Stepping 2, GenuineIntel
TMP=C:\Users\RICKYG~1\AppData\Local\Temp
TEMP=C:\Users\RICKYG~1\AppData\Local\Temp



Periodic native trim disabled


---------------  S Y S T E M  ---------------

OS:
 Windows 11 , 64 bit Build 22621 (10.0.22621.2506)
OS uptime: 0 days 23:25 hours
Hyper-V role detected

CPU: total 12 (initial active 12) (6 cores per cpu, 2 threads per core) family 6 model 165 stepping 2 microcode 0xf8, cx8, cmov, fxsr, ht, mmx, 3dnowpref, sse, sse2, sse3, ssse3, sse4.1, sse4.2, popcnt, lzcnt, tsc, tscinvbit, avx, avx2, aes, erms, clmul, bmi1, bmi2, adx, fma, vzeroupper, clflush, clflushopt, hv
Processor Information for all 12 processors :
  Max Mhz: 2496, Current Mhz: 2496, Mhz Limit: 2496

Memory: 4k page, system-wide physical 7967M (17M free)
TotalPageFile size 32543M (AvailPageFile size 5M)
current process WorkingSet (physical memory assigned to process): 275M, peak: 280M
current process commit charge ("private bytes"): 359M, peak: 363M

vm_info: OpenJDK 64-Bit Server VM (17.0.10+7) for windows-amd64 JRE (17.0.10+7), built on Jan 16 2024 23:25:11 by "admin" with MS VC++ 16.10 / 16.11 (VS2019)

END.
